::1 - - [03/Oct/2022:15:49:02 +0200] "GET / HTTP/1.1" 200 1629
::1 - - [03/Oct/2022:15:49:02 +0200] "GET /?getimg=title HTTP/1.1" 200 6119
::1 - - [03/Oct/2022:15:49:02 +0200] "GET /?getimg=folder HTTP/1.1" 200 537
::1 - - [03/Oct/2022:15:49:02 +0200] "GET /?getimg=favicon HTTP/1.1" 200 5430
::1 - - [03/Oct/2022:15:49:10 +0200] "GET /RedimensionnementAuto HTTP/1.1" 301 347
::1 - - [03/Oct/2022:15:49:10 +0200] "GET /RedimensionnementAuto/ HTTP/1.1" 200 115461
::1 - - [03/Oct/2022:15:49:10 +0200] "GET /favicon.ico HTTP/1.1" 404 309
::1 - - [03/Oct/2022:15:52:14 +0200] "GET /RedimensionnementAuto/ HTTP/1.1" 200 115461
::1 - - [03/Oct/2022:15:52:14 +0200] "GET /RedimensionnementAuto/ HTTP/1.1" 200 115461
::1 - - [03/Oct/2022:15:52:16 +0200] "GET / HTTP/1.1" 200 1610
::1 - - [03/Oct/2022:15:52:16 +0200] "GET /?getimg=title HTTP/1.1" 200 6119
::1 - - [03/Oct/2022:15:52:16 +0200] "GET /?getimg=folder HTTP/1.1" 200 537
::1 - - [03/Oct/2022:15:52:16 +0200] "GET /?getimg=favicon HTTP/1.1" 200 5430
::1 - - [03/Oct/2022:15:52:21 +0200] "GET / HTTP/1.1" 200 1629
::1 - - [03/Oct/2022:15:52:21 +0200] "GET /?getimg=title HTTP/1.1" 200 6119
::1 - - [03/Oct/2022:15:52:21 +0200] "GET /?getimg=folder HTTP/1.1" 200 537
::1 - - [03/Oct/2022:15:52:21 +0200] "GET /?getimg=favicon HTTP/1.1" 200 5430
::1 - - [03/Oct/2022:15:52:54 +0200] "GET / HTTP/1.1" 200 1407
::1 - - [03/Oct/2022:15:52:54 +0200] "GET /?getimg=title HTTP/1.1" 200 6119
::1 - - [03/Oct/2022:15:52:54 +0200] "GET /?getimg=folder HTTP/1.1" 200 537
::1 - - [03/Oct/2022:15:52:54 +0200] "GET /?getimg=favicon HTTP/1.1" 200 5430
::1 - - [03/Oct/2022:15:53:03 +0200] "GET / HTTP/1.1" 200 1079
::1 - - [03/Oct/2022:15:53:03 +0200] "GET /?getimg=folder HTTP/1.1" 200 537
::1 - - [03/Oct/2022:15:53:03 +0200] "GET /?getimg=favicon HTTP/1.1" 200 5430
::1 - - [03/Oct/2022:15:53:20 +0200] "GET / HTTP/1.1" 200 6833
::1 - - [03/Oct/2022:15:53:23 +0200] "GET / HTTP/1.1" 200 1055
::1 - - [03/Oct/2022:15:53:23 +0200] "GET /?getimg=folder HTTP/1.1" 200 537
::1 - - [03/Oct/2022:15:53:23 +0200] "GET /?getimg=favicon HTTP/1.1" 200 5430
::1 - - [03/Oct/2022:15:53:34 +0200] "GET / HTTP/1.1" 200 1055
::1 - - [03/Oct/2022:15:53:34 +0200] "GET /?getimg=folder HTTP/1.1" 200 1055
::1 - - [03/Oct/2022:15:53:34 +0200] "GET /?getimg=favicon HTTP/1.1" 200 1055
::1 - - [03/Oct/2022:15:53:37 +0200] "GET / HTTP/1.1" 200 1055
::1 - - [03/Oct/2022:15:53:37 +0200] "GET /?getimg=folder HTTP/1.1" 200 537
::1 - - [03/Oct/2022:15:53:37 +0200] "GET /?getimg=favicon HTTP/1.1" 200 5430
::1 - - [03/Oct/2022:15:53:57 +0200] "GET / HTTP/1.1" 200 894
::1 - - [03/Oct/2022:15:53:57 +0200] "GET /?getimg=folder HTTP/1.1" 200 537
::1 - - [03/Oct/2022:15:53:57 +0200] "GET /?getimg=favicon HTTP/1.1" 200 5430
::1 - - [03/Oct/2022:15:54:06 +0200] "GET /RedimensionnementAuto/ HTTP/1.1" 200 115461
::1 - - [03/Oct/2022:16:47:36 +0200] "GET / HTTP/1.1" 200 894
::1 - - [03/Oct/2022:16:47:36 +0200] "GET /?getimg=folder HTTP/1.1" 200 537
::1 - - [03/Oct/2022:16:47:36 +0200] "GET /?getimg=favicon HTTP/1.1" 200 5430
::1 - - [03/Oct/2022:16:47:37 +0200] "GET /RedimensionnementAuto/ HTTP/1.1" 200 231278
::1 - - [03/Oct/2022:16:47:42 +0200] "GET / HTTP/1.1" 200 894
::1 - - [03/Oct/2022:16:47:42 +0200] "GET /?getimg=folder HTTP/1.1" 200 537
::1 - - [03/Oct/2022:16:47:42 +0200] "GET /?getimg=favicon HTTP/1.1" 200 5430
::1 - - [03/Oct/2022:16:47:42 +0200] "GET /RedimensionnementAuto/ HTTP/1.1" 200 35725
::1 - - [03/Oct/2022:16:47:47 +0200] "GET /RedimensionnementAuto/ HTTP/1.1" 200 231278
::1 - - [03/Oct/2022:16:51:20 +0200] "GET /RedimensionnementAuto/ HTTP/1.1" 200 231278
::1 - - [03/Oct/2022:16:51:21 +0200] "GET /RedimensionnementAuto/ HTTP/1.1" 200 231278
::1 - - [03/Oct/2022:16:51:21 +0200] "GET /RedimensionnementAuto/ HTTP/1.1" 200 231278
::1 - - [03/Oct/2022:16:51:21 +0200] "GET /RedimensionnementAuto/ HTTP/1.1" 200 231278
::1 - - [03/Oct/2022:16:51:40 +0200] "GET /RedimensionnementAuto/ HTTP/1.1" 200 35725
::1 - - [03/Oct/2022:16:52:09 +0200] "GET /RedimensionnementAuto/index.php HTTP/1.1" 200 35725
::1 - - [03/Oct/2022:16:53:52 +0200] "GET /RedimensionnementAuto/index.php HTTP/1.1" 200 1480
::1 - - [03/Oct/2022:16:54:02 +0200] "GET /RedimensionnementAuto/index.php HTTP/1.1" 200 35725
::1 - - [03/Oct/2022:17:02:07 +0200] "GET /RedimensionnementAuto/index.php HTTP/1.1" 200 42130
::1 - - [03/Oct/2022:17:02:07 +0200] "GET /RedimensionnementAuto/index.php HTTP/1.1" 200 42130
::1 - - [03/Oct/2022:17:02:08 +0200] "GET /RedimensionnementAuto/index.php HTTP/1.1" 200 42130
::1 - - [03/Oct/2022:17:02:08 +0200] "GET /RedimensionnementAuto/index.php HTTP/1.1" 200 42130
::1 - - [03/Oct/2022:17:02:15 +0200] "GET /RedimensionnementAuto/index.php HTTP/1.1" 200 6405
::1 - - [03/Oct/2022:17:02:16 +0200] "GET /RedimensionnementAuto/index.php HTTP/1.1" 200 6405
::1 - - [03/Oct/2022:17:02:20 +0200] "GET /RedimensionnementAuto/index.php HTTP/1.1" 200 6405
::1 - - [03/Oct/2022:17:02:21 +0200] "GET /RedimensionnementAuto/index.php HTTP/1.1" 200 6405
::1 - - [03/Oct/2022:17:02:21 +0200] "GET /RedimensionnementAuto/index.php HTTP/1.1" 200 6405
::1 - - [03/Oct/2022:17:02:29 +0200] "GET /RedimensionnementAuto/index.php HTTP/1.1" 200 42130
::1 - - [03/Oct/2022:17:02:48 +0200] "GET /RedimensionnementAuto/index.php HTTP/1.1" 200 42130
::1 - - [03/Oct/2022:17:02:49 +0200] "GET /RedimensionnementAuto/index.php HTTP/1.1" 200 42130
::1 - - [03/Oct/2022:17:02:49 +0200] "GET /RedimensionnementAuto/index.php HTTP/1.1" 200 42130
::1 - - [03/Oct/2022:17:02:49 +0200] "GET /RedimensionnementAuto/index.php HTTP/1.1" 200 42130
::1 - - [03/Oct/2022:17:02:50 +0200] "GET /RedimensionnementAuto/index.php HTTP/1.1" 200 42130
::1 - - [03/Oct/2022:17:03:53 +0200] "GET /RedimensionnementAuto/index.php HTTP/1.1" 200 44634
::1 - - [03/Oct/2022:17:03:54 +0200] "GET /RedimensionnementAuto/index.php HTTP/1.1" 200 44634
::1 - - [03/Oct/2022:17:05:29 +0200] "GET /RedimensionnementAuto/index.php HTTP/1.1" 200 17032
::1 - - [03/Oct/2022:17:06:43 +0200] "GET /RedimensionnementAuto/index.php HTTP/1.1" 200 20149
::1 - - [03/Oct/2022:17:06:43 +0200] "GET /RedimensionnementAuto/Poissons/animal-21731_1920.jpg HTTP/1.1" 200 430782
::1 - - [03/Oct/2022:17:06:43 +0200] "GET /RedimensionnementAuto/Poissons/aquarium-2358740_1920.jpg HTTP/1.1" 200 528666
::1 - - [03/Oct/2022:17:06:43 +0200] "GET /RedimensionnementAuto/Poissons/aquarium-2358739_1920.jpg HTTP/1.1" 200 350515
::1 - - [03/Oct/2022:17:06:43 +0200] "GET /RedimensionnementAuto/Poissons/aquarium-2672714_1920.jpg HTTP/1.1" 200 453263
::1 - - [03/Oct/2022:17:06:43 +0200] "GET /RedimensionnementAuto/Poissons/animal-21649_1920.jpg HTTP/1.1" 200 507546
::1 - - [03/Oct/2022:17:06:43 +0200] "GET /RedimensionnementAuto/Poissons/aquarium-2781702_1920.jpg HTTP/1.1" 200 549623
::1 - - [03/Oct/2022:17:06:43 +0200] "GET /RedimensionnementAuto/Poissons/aquarium-2573541_1920.jpg HTTP/1.1" 200 445335
::1 - - [03/Oct/2022:17:06:43 +0200] "GET /RedimensionnementAuto/Poissons/carp-2399523_1920.jpg HTTP/1.1" 200 714200
::1 - - [03/Oct/2022:17:06:43 +0200] "GET /RedimensionnementAuto/Poissons/carp-2416138_1920.jpg HTTP/1.1" 200 532924
::1 - - [03/Oct/2022:17:06:43 +0200] "GET /RedimensionnementAuto/Poissons/cleaning-fish-2382114_1920.jpg HTTP/1.1" 200 608462
::1 - - [03/Oct/2022:17:06:43 +0200] "GET /RedimensionnementAuto/Poissons/clown-2311538_1920.jpg HTTP/1.1" 200 339373
::1 - - [03/Oct/2022:17:06:43 +0200] "GET /RedimensionnementAuto/Poissons/divers-123286_1920.jpg HTTP/1.1" 200 712881
::1 - - [03/Oct/2022:17:06:43 +0200] "GET /RedimensionnementAuto/Poissons/dolphin-203875_1920.jpg HTTP/1.1" 200 265584
::1 - - [03/Oct/2022:17:06:43 +0200] "GET /RedimensionnementAuto/Poissons/fish-202654_1920.jpg HTTP/1.1" 200 852566
::1 - - [03/Oct/2022:17:06:43 +0200] "GET /RedimensionnementAuto/Poissons/fish-2123213_1920.jpg HTTP/1.1" 200 425012
::1 - - [03/Oct/2022:17:06:43 +0200] "GET /RedimensionnementAuto/Poissons/fish-2249551_1920.jpg HTTP/1.1" 200 241915
::1 - - [03/Oct/2022:17:06:43 +0200] "GET /RedimensionnementAuto/Poissons/fish-2311551_1920.jpg HTTP/1.1" 200 457116
::1 - - [03/Oct/2022:17:06:43 +0200] "GET /RedimensionnementAuto/Poissons/fish-2359799_1920.jpg HTTP/1.1" 200 510314
::1 - - [03/Oct/2022:17:06:43 +0200] "GET /RedimensionnementAuto/Poissons/fish-2407210_1920.jpg HTTP/1.1" 200 557726
::1 - - [03/Oct/2022:17:06:43 +0200] "GET /RedimensionnementAuto/Poissons/fish-2453869_1920.jpg HTTP/1.1" 200 1046954
::1 - - [03/Oct/2022:17:06:43 +0200] "GET /RedimensionnementAuto/Poissons/fish-2522243_1920.jpg HTTP/1.1" 200 442525
::1 - - [03/Oct/2022:17:06:43 +0200] "GET /RedimensionnementAuto/Poissons/fish-2559879_1920.jpg HTTP/1.1" 200 348022
::1 - - [03/Oct/2022:17:06:43 +0200] "GET /RedimensionnementAuto/Poissons/fish-2632870_1920.jpg HTTP/1.1" 200 693883
::1 - - [03/Oct/2022:17:06:43 +0200] "GET /RedimensionnementAuto/Poissons/fish-2851722_1920.jpg HTTP/1.1" 200 793063
::1 - - [03/Oct/2022:17:06:43 +0200] "GET /RedimensionnementAuto/Poissons/fish-355904_1920.jpg HTTP/1.1" 200 259344
::1 - - [03/Oct/2022:17:06:43 +0200] "GET /RedimensionnementAuto/Poissons/fish-582695_640.jpg HTTP/1.1" 200 69472
::1 - - [03/Oct/2022:17:06:43 +0200] "GET /RedimensionnementAuto/Poissons/fish-378286.jpg HTTP/1.1" 200 1643328
::1 - - [03/Oct/2022:17:06:43 +0200] "GET /RedimensionnementAuto/Poissons/fox-face-2776003_1920.jpg HTTP/1.1" 200 414342
::1 - - [03/Oct/2022:17:06:43 +0200] "GET /RedimensionnementAuto/Poissons/guppy-2579971.jpg HTTP/1.1" 200 487675
::1 - - [03/Oct/2022:17:06:43 +0200] "GET /RedimensionnementAuto/Poissons/hawaii-doctor-fish-2807513_1920.jpg HTTP/1.1" 200 583619
::1 - - [03/Oct/2022:17:06:43 +0200] "GET /RedimensionnementAuto/Poissons/jelly-fish-2793643_1920.jpg HTTP/1.1" 200 675411
::1 - - [03/Oct/2022:17:06:43 +0200] "GET /RedimensionnementAuto/Poissons/killer-whale-1945421_1280.jpg HTTP/1.1" 200 361270
::1 - - [03/Oct/2022:17:06:43 +0200] "GET /RedimensionnementAuto/Poissons/lionfish-711799_1920.jpg HTTP/1.1" 200 542841
::1 - - [03/Oct/2022:17:06:43 +0200] "GET /RedimensionnementAuto/Poissons/longhorn-cowfish-1746847_1920.jpg HTTP/1.1" 200 439567
::1 - - [03/Oct/2022:17:06:43 +0200] "GET /RedimensionnementAuto/Poissons/longhorn-cowfish-375110_1920.jpg HTTP/1.1" 200 658492
::1 - - [03/Oct/2022:17:06:43 +0200] "GET /RedimensionnementAuto/Poissons/loro-park-858066_1920.jpg HTTP/1.1" 200 527707
::1 - - [03/Oct/2022:17:06:43 +0200] "GET /RedimensionnementAuto/Poissons/nemo-2632867_1920.jpg HTTP/1.1" 200 329831
::1 - - [03/Oct/2022:17:06:43 +0200] "GET /RedimensionnementAuto/Poissons/neon-2579957_1920.jpg HTTP/1.1" 200 308892
::1 - - [03/Oct/2022:17:06:43 +0200] "GET /RedimensionnementAuto/Poissons/orange-2561097_1920.jpg HTTP/1.1" 200 543650
::1 - - [03/Oct/2022:17:06:43 +0200] "GET /RedimensionnementAuto/Poissons/ornamental-fish-2317087_1920.jpg HTTP/1.1" 200 349267
::1 - - [03/Oct/2022:17:06:43 +0200] "GET /RedimensionnementAuto/Poissons/otaru-aquarium-2672711_1920.jpg HTTP/1.1" 200 363127
::1 - - [03/Oct/2022:17:06:43 +0200] "GET /RedimensionnementAuto/Poissons/pond-2636634_1920.jpg HTTP/1.1" 200 271456
::1 - - [03/Oct/2022:17:06:43 +0200] "GET /RedimensionnementAuto/Poissons/puffer-fish-2374584_1920.jpg HTTP/1.1" 200 558434
::1 - - [03/Oct/2022:17:06:43 +0200] "GET /RedimensionnementAuto/Poissons/rotfeder-1827774_1920.jpg HTTP/1.1" 200 713480
::1 - - [03/Oct/2022:17:06:43 +0200] "GET /RedimensionnementAuto/Poissons/sea-2561399.jpg HTTP/1.1" 200 713935
::1 - - [03/Oct/2022:17:06:43 +0200] "GET /RedimensionnementAuto/Poissons/shark-164899.jpg HTTP/1.1" 200 408665
::1 - - [03/Oct/2022:17:06:43 +0200] "GET /RedimensionnementAuto/Poissons/the-light-shines-in-the-aquarium-increases-the-beauty-in-fis-2431656_1920.jpg HTTP/1.1" 200 320937
::1 - - [03/Oct/2022:17:06:43 +0200] "GET /RedimensionnementAuto/Poissons/tropical-fish-2395619_1920.jpg HTTP/1.1" 200 601329
::1 - - [03/Oct/2022:17:06:43 +0200] "GET /RedimensionnementAuto/Poissons/underwater-1216244_1920.jpg HTTP/1.1" 200 455199
::1 - - [03/Oct/2022:17:06:59 +0200] "GET /RedimensionnementAuto/index.php HTTP/1.1" 200 20149
::1 - - [03/Oct/2022:17:07:42 +0200] "GET /RedimensionnementAuto/index.php HTTP/1.1" 200 18562
::1 - - [03/Oct/2022:17:13:35 +0200] "GET /RedimensionnementAuto/index.php HTTP/1.1" 200 12026
::1 - - [03/Oct/2022:17:13:36 +0200] "GET /RedimensionnementAuto/index.php HTTP/1.1" 200 12026
::1 - - [07/Oct/2022:13:50:14 +0200] "GET / HTTP/1.1" 200 894
::1 - - [07/Oct/2022:13:50:14 +0200] "GET /?getimg=folder HTTP/1.1" 200 537
::1 - - [07/Oct/2022:13:50:17 +0200] "GET /RedimensionnementAuto/ HTTP/1.1" 200 12026
::1 - - [07/Oct/2022:13:50:21 +0200] "GET /RedimensionnementAuto/Poissons/animal-21649_1920.jpg HTTP/1.1" 304 -
::1 - - [07/Oct/2022:13:50:21 +0200] "GET /RedimensionnementAuto/Poissons/animal-21731_1920.jpg HTTP/1.1" 304 -
::1 - - [07/Oct/2022:13:50:21 +0200] "GET /RedimensionnementAuto/Poissons/aquarium-2358740_1920.jpg HTTP/1.1" 304 -
::1 - - [07/Oct/2022:13:50:21 +0200] "GET /RedimensionnementAuto/Poissons/aquarium-2358739_1920.jpg HTTP/1.1" 304 -
::1 - - [07/Oct/2022:13:50:21 +0200] "GET /RedimensionnementAuto/Poissons/aquarium-2573541_1920.jpg HTTP/1.1" 304 -
::1 - - [07/Oct/2022:13:50:21 +0200] "GET /RedimensionnementAuto/Poissons/aquarium-2672714_1920.jpg HTTP/1.1" 304 -
::1 - - [07/Oct/2022:13:50:21 +0200] "GET /RedimensionnementAuto/Poissons/aquarium-2781702_1920.jpg HTTP/1.1" 304 -
::1 - - [07/Oct/2022:13:50:21 +0200] "GET /RedimensionnementAuto/Poissons/carp-2399523_1920.jpg HTTP/1.1" 304 -
::1 - - [07/Oct/2022:13:50:21 +0200] "GET /RedimensionnementAuto/Poissons/carp-2416138_1920.jpg HTTP/1.1" 304 -
::1 - - [07/Oct/2022:13:50:21 +0200] "GET /RedimensionnementAuto/Poissons/cleaning-fish-2382114_1920.jpg HTTP/1.1" 304 -
::1 - - [07/Oct/2022:13:50:21 +0200] "GET /RedimensionnementAuto/Poissons/clown-2311538_1920.jpg HTTP/1.1" 304 -
::1 - - [07/Oct/2022:13:50:21 +0200] "GET /RedimensionnementAuto/Poissons/divers-123286_1920.jpg HTTP/1.1" 304 -
::1 - - [07/Oct/2022:13:50:21 +0200] "GET /RedimensionnementAuto/Poissons/dolphin-203875_1920.jpg HTTP/1.1" 304 -
::1 - - [07/Oct/2022:13:50:21 +0200] "GET /RedimensionnementAuto/Poissons/fish-202654_1920.jpg HTTP/1.1" 304 -
::1 - - [07/Oct/2022:13:50:21 +0200] "GET /RedimensionnementAuto/Poissons/fish-2123213_1920.jpg HTTP/1.1" 304 -
::1 - - [07/Oct/2022:13:50:21 +0200] "GET /RedimensionnementAuto/Poissons/fish-2249551_1920.jpg HTTP/1.1" 304 -
::1 - - [07/Oct/2022:13:50:21 +0200] "GET /RedimensionnementAuto/Poissons/fish-2311551_1920.jpg HTTP/1.1" 304 -
::1 - - [07/Oct/2022:13:50:21 +0200] "GET /RedimensionnementAuto/Poissons/fish-2359799_1920.jpg HTTP/1.1" 304 -
::1 - - [07/Oct/2022:13:50:21 +0200] "GET /RedimensionnementAuto/Poissons/fish-2407210_1920.jpg HTTP/1.1" 304 -
::1 - - [07/Oct/2022:13:50:21 +0200] "GET /RedimensionnementAuto/Poissons/fish-2453869_1920.jpg HTTP/1.1" 304 -
::1 - - [07/Oct/2022:13:50:21 +0200] "GET /RedimensionnementAuto/Poissons/fish-2522243_1920.jpg HTTP/1.1" 304 -
::1 - - [07/Oct/2022:13:50:21 +0200] "GET /RedimensionnementAuto/Poissons/fish-2559879_1920.jpg HTTP/1.1" 304 -
::1 - - [07/Oct/2022:13:50:21 +0200] "GET /RedimensionnementAuto/Poissons/fish-2632870_1920.jpg HTTP/1.1" 304 -
::1 - - [07/Oct/2022:13:50:21 +0200] "GET /RedimensionnementAuto/Poissons/fish-2851722_1920.jpg HTTP/1.1" 304 -
::1 - - [07/Oct/2022:13:50:21 +0200] "GET /RedimensionnementAuto/Poissons/fish-355904_1920.jpg HTTP/1.1" 304 -
::1 - - [07/Oct/2022:13:50:21 +0200] "GET /RedimensionnementAuto/Poissons/fish-378286.jpg HTTP/1.1" 304 -
::1 - - [07/Oct/2022:13:50:21 +0200] "GET /RedimensionnementAuto/Poissons/fish-582695_640.jpg HTTP/1.1" 304 -
::1 - - [07/Oct/2022:13:50:21 +0200] "GET /RedimensionnementAuto/Poissons/guppy-2579971.jpg HTTP/1.1" 304 -
::1 - - [07/Oct/2022:13:50:21 +0200] "GET /RedimensionnementAuto/Poissons/jelly-fish-2793643_1920.jpg HTTP/1.1" 304 -
::1 - - [07/Oct/2022:13:50:21 +0200] "GET /RedimensionnementAuto/Poissons/fox-face-2776003_1920.jpg HTTP/1.1" 304 -
::1 - - [07/Oct/2022:13:50:21 +0200] "GET /RedimensionnementAuto/Poissons/hawaii-doctor-fish-2807513_1920.jpg HTTP/1.1" 304 -
::1 - - [07/Oct/2022:13:50:21 +0200] "GET /RedimensionnementAuto/Poissons/killer-whale-1945421_1280.jpg HTTP/1.1" 304 -
::1 - - [07/Oct/2022:13:50:21 +0200] "GET /RedimensionnementAuto/Poissons/lionfish-711799_1920.jpg HTTP/1.1" 304 -
::1 - - [07/Oct/2022:13:50:21 +0200] "GET /RedimensionnementAuto/Poissons/longhorn-cowfish-1746847_1920.jpg HTTP/1.1" 304 -
::1 - - [07/Oct/2022:13:50:21 +0200] "GET /RedimensionnementAuto/Poissons/longhorn-cowfish-375110_1920.jpg HTTP/1.1" 304 -
::1 - - [07/Oct/2022:13:50:21 +0200] "GET /RedimensionnementAuto/Poissons/loro-park-858066_1920.jpg HTTP/1.1" 304 -
::1 - - [07/Oct/2022:13:50:21 +0200] "GET /RedimensionnementAuto/Poissons/nemo-2632867_1920.jpg HTTP/1.1" 304 -
::1 - - [07/Oct/2022:13:50:21 +0200] "GET /RedimensionnementAuto/Poissons/neon-2579957_1920.jpg HTTP/1.1" 304 -
::1 - - [07/Oct/2022:13:50:21 +0200] "GET /RedimensionnementAuto/Poissons/orange-2561097_1920.jpg HTTP/1.1" 304 -
::1 - - [07/Oct/2022:13:50:21 +0200] "GET /RedimensionnementAuto/Poissons/ornamental-fish-2317087_1920.jpg HTTP/1.1" 304 -
::1 - - [07/Oct/2022:13:50:21 +0200] "GET /RedimensionnementAuto/Poissons/otaru-aquarium-2672711_1920.jpg HTTP/1.1" 304 -
::1 - - [07/Oct/2022:13:50:21 +0200] "GET /RedimensionnementAuto/Poissons/pond-2636634_1920.jpg HTTP/1.1" 304 -
::1 - - [07/Oct/2022:13:50:21 +0200] "GET /RedimensionnementAuto/Poissons/puffer-fish-2374584_1920.jpg HTTP/1.1" 304 -
::1 - - [07/Oct/2022:13:50:21 +0200] "GET /RedimensionnementAuto/Poissons/rotfeder-1827774_1920.jpg HTTP/1.1" 304 -
::1 - - [07/Oct/2022:13:50:21 +0200] "GET /RedimensionnementAuto/Poissons/shark-164899.jpg HTTP/1.1" 304 -
::1 - - [07/Oct/2022:13:50:21 +0200] "GET /RedimensionnementAuto/Poissons/sea-2561399.jpg HTTP/1.1" 304 -
::1 - - [07/Oct/2022:13:50:21 +0200] "GET /RedimensionnementAuto/Poissons/tropical-fish-2395619_1920.jpg HTTP/1.1" 304 -
::1 - - [07/Oct/2022:13:50:21 +0200] "GET /RedimensionnementAuto/Poissons/the-light-shines-in-the-aquarium-increases-the-beauty-in-fis-2431656_1920.jpg HTTP/1.1" 304 -
::1 - - [07/Oct/2022:13:50:21 +0200] "GET /RedimensionnementAuto/Poissons/underwater-1216244_1920.jpg HTTP/1.1" 304 -
::1 - - [07/Oct/2022:13:50:21 +0200] "GET /favicon.ico HTTP/1.1" 404 309
::1 - - [07/Oct/2022:13:50:22 +0200] "GET /mysql/ HTTP/1.1" 200 3087
::1 - - [07/Oct/2022:13:50:22 +0200] "GET /mysql/js/codemirror/lib/codemirror.css?v=4.5.4.1 HTTP/1.1" 200 7771
::1 - - [07/Oct/2022:13:50:22 +0200] "GET /mysql/js/codemirror/addon/hint/show-hint.css?v=4.5.4.1 HTTP/1.1" 200 662
::1 - - [07/Oct/2022:13:50:22 +0200] "GET /mysql/themes/pmahomme/jquery/jquery-ui-1.11.2.css HTTP/1.1" 200 35212
::1 - - [07/Oct/2022:13:50:22 +0200] "GET /mysql/themes/pmahomme/css/printview.css?v=4.5.4.1 HTTP/1.1" 200 3082
::1 - - [07/Oct/2022:13:50:22 +0200] "GET /mysql/js/codemirror/addon/lint/lint.css?v=4.5.4.1 HTTP/1.1" 200 3068
::1 - - [07/Oct/2022:13:50:22 +0200] "GET /mysql/phpmyadmin.css.php?nocache=4363577957ltr HTTP/1.1" 200 20076
::1 - - [07/Oct/2022:13:50:23 +0200] "GET /mysql/js/get_scripts.js.php?scripts%5B%5D=jquery/jquery-1.11.1.min.js&scripts%5B%5D=sprintf.js&scripts%5B%5D=ajax.js&scripts%5B%5D=keyhandler.js&scripts%5B%5D=jquery/jquery-ui-1.11.2.min.js&scripts%5B%5D=jquery/jquery.cookie.js&scripts%5B%5D=jquery/jquery.mousewheel.js&scripts%5B%5D=jquery/jquery.event.drag-2.2.js&scripts%5B%5D=jquery/jquery-ui-timepicker-addon.js&scripts%5B%5D=jquery/jquery.ba-hashchange-1.3.js&scripts%5B%5D=jquery/jquery.debounce-1.0.5.js&scripts%5B%5D=menu-resizer.js&scripts%5B%5D=cross_framing_protection.js&scripts%5B%5D=rte.js&scripts%5B%5D=tracekit/tracekit.js&scripts%5B%5D=error_report.js&scripts%5B%5D=doclinks.js&scripts%5B%5D=functions.js&scripts%5B%5D=navigation.js&scripts%5B%5D=indexes.js&v=4.5.4.1 HTTP/1.1" 200 216429
::1 - - [07/Oct/2022:13:50:23 +0200] "GET /mysql/js/get_scripts.js.php?scripts%5B%5D=common.js&scripts%5B%5D=config.js&scripts%5B%5D=page_settings.js&scripts%5B%5D=codemirror/lib/codemirror.js&scripts%5B%5D=codemirror/mode/sql/sql.js&scripts%5B%5D=codemirror/addon/runmode/runmode.js&scripts%5B%5D=codemirror/addon/hint/show-hint.js&scripts%5B%5D=codemirror/addon/hint/sql-hint.js&scripts%5B%5D=codemirror/addon/lint/lint.js&scripts%5B%5D=codemirror/addon/lint/sql-lint.js&scripts%5B%5D=console.js&v=4.5.4.1 HTTP/1.1" 200 129440
::1 - - [07/Oct/2022:13:50:23 +0200] "GET /mysql/js/whitelist.php?lang=fr&db=&collation_connection=utf8_unicode_ci&token=c4be9fc1ef25cf932da3f89c7622fda3&v=4.5.4.1 HTTP/1.1" 200 482
::1 - - [07/Oct/2022:13:50:23 +0200] "GET /mysql/js/get_image.js.php?theme=pmahomme&v=4.5.4.1 HTTP/1.1" 200 1822
::1 - - [07/Oct/2022:13:50:24 +0200] "GET /mysql/themes/pmahomme/img/logo_right.png HTTP/1.1" 200 4548
::1 - - [07/Oct/2022:13:50:24 +0200] "GET /mysql/themes/dot.gif HTTP/1.1" 200 43
::1 - - [07/Oct/2022:13:50:23 +0200] "GET /mysql/js/messages.php?lang=fr&db=&collation_connection=utf8_unicode_ci&token=c4be9fc1ef25cf932da3f89c7622fda3&v=4.5.4.1 HTTP/1.1" 200 9507
::1 - - [07/Oct/2022:13:50:24 +0200] "GET /mysql/themes/pmahomme/img/sprites.png?v=4.5.4.1 HTTP/1.1" 200 46795
::1 - - [07/Oct/2022:13:50:24 +0200] "GET /mysql/favicon.ico HTTP/1.1" 200 22486
