::1 - - [14/Sep/2022:10:53:16 +0200] "GET / HTTP/1.1" 200 346
::1 - - [14/Sep/2022:10:53:16 +0200] "GET /favicon.ico HTTP/1.1" 404 309
::1 - - [14/Sep/2022:10:53:17 +0200] "GET /mysql/ HTTP/1.1" 200 3061
::1 - - [14/Sep/2022:10:53:18 +0200] "GET /mysql/themes/pmahomme/jquery/jquery-ui-1.11.2.css HTTP/1.1" 200 35212
::1 - - [14/Sep/2022:10:53:18 +0200] "GET /mysql/js/codemirror/lib/codemirror.css?v=4.5.4.1 HTTP/1.1" 200 7771
::1 - - [14/Sep/2022:10:53:18 +0200] "GET /mysql/js/codemirror/addon/hint/show-hint.css?v=4.5.4.1 HTTP/1.1" 200 662
::1 - - [14/Sep/2022:10:53:18 +0200] "GET /mysql/js/codemirror/addon/lint/lint.css?v=4.5.4.1 HTTP/1.1" 200 3068
::1 - - [14/Sep/2022:10:53:18 +0200] "GET /mysql/themes/pmahomme/css/printview.css?v=4.5.4.1 HTTP/1.1" 200 3082
::1 - - [14/Sep/2022:10:53:18 +0200] "GET /mysql/js/get_scripts.js.php?scripts%5B%5D=jquery/jquery-1.11.1.min.js&scripts%5B%5D=sprintf.js&scripts%5B%5D=ajax.js&scripts%5B%5D=keyhandler.js&scripts%5B%5D=jquery/jquery-ui-1.11.2.min.js&scripts%5B%5D=jquery/jquery.cookie.js&scripts%5B%5D=jquery/jquery.mousewheel.js&scripts%5B%5D=jquery/jquery.event.drag-2.2.js&scripts%5B%5D=jquery/jquery-ui-timepicker-addon.js&scripts%5B%5D=jquery/jquery.ba-hashchange-1.3.js&scripts%5B%5D=jquery/jquery.debounce-1.0.5.js&scripts%5B%5D=menu-resizer.js&scripts%5B%5D=cross_framing_protection.js&scripts%5B%5D=rte.js&scripts%5B%5D=tracekit/tracekit.js&scripts%5B%5D=error_report.js&scripts%5B%5D=doclinks.js&scripts%5B%5D=functions.js&scripts%5B%5D=navigation.js&scripts%5B%5D=indexes.js&v=4.5.4.1 HTTP/1.1" 200 216429
::1 - - [14/Sep/2022:10:53:18 +0200] "GET /mysql/js/get_scripts.js.php?scripts%5B%5D=common.js&scripts%5B%5D=config.js&scripts%5B%5D=page_settings.js&scripts%5B%5D=codemirror/lib/codemirror.js&scripts%5B%5D=codemirror/mode/sql/sql.js&scripts%5B%5D=codemirror/addon/runmode/runmode.js&scripts%5B%5D=codemirror/addon/hint/show-hint.js&scripts%5B%5D=codemirror/addon/hint/sql-hint.js&scripts%5B%5D=codemirror/addon/lint/lint.js&scripts%5B%5D=codemirror/addon/lint/sql-lint.js&scripts%5B%5D=console.js&v=4.5.4.1 HTTP/1.1" 200 129440
::1 - - [14/Sep/2022:10:53:18 +0200] "GET /mysql/js/messages.php?lang=fr&db=&token=ed09f9fd1a4fcc907959860ab0b22fb2&v=4.5.4.1 HTTP/1.1" 200 9507
::1 - - [14/Sep/2022:10:53:18 +0200] "GET /mysql/phpmyadmin.css.php?nocache=4989436612ltr HTTP/1.1" 200 20076
::1 - - [14/Sep/2022:10:53:18 +0200] "GET /mysql/js/get_image.js.php?theme=pmahomme&v=4.5.4.1 HTTP/1.1" 200 1822
::1 - - [14/Sep/2022:10:53:18 +0200] "GET /mysql/themes/pmahomme/img/logo_right.png HTTP/1.1" 200 4548
::1 - - [14/Sep/2022:10:53:18 +0200] "GET /mysql/themes/dot.gif HTTP/1.1" 200 43
::1 - - [14/Sep/2022:10:53:18 +0200] "GET /mysql/js/whitelist.php?lang=fr&db=&token=ed09f9fd1a4fcc907959860ab0b22fb2&v=4.5.4.1 HTTP/1.1" 200 482
::1 - - [14/Sep/2022:10:53:18 +0200] "GET /mysql/themes/pmahomme/img/sprites.png?v=4.5.4.1 HTTP/1.1" 200 46795
::1 - - [14/Sep/2022:10:53:18 +0200] "GET /mysql/favicon.ico HTTP/1.1" 200 22486
::1 - - [14/Sep/2022:10:53:49 +0200] "GET / HTTP/1.1" 200 391
::1 - - [14/Sep/2022:10:54:15 +0200] "POST /mysql/index.php HTTP/1.1" 302 25
::1 - - [14/Sep/2022:10:54:16 +0200] "GET /mysql/index.php?token=ed09f9fd1a4fcc907959860ab0b22fb2 HTTP/1.1" 200 13362
::1 - - [14/Sep/2022:10:54:16 +0200] "GET /mysql/themes/pmahomme/jquery/jquery-ui-1.11.2.css HTTP/1.1" 304 -
::1 - - [14/Sep/2022:10:54:16 +0200] "GET /mysql/js/codemirror/lib/codemirror.css?v=4.5.4.1 HTTP/1.1" 304 -
::1 - - [14/Sep/2022:10:54:16 +0200] "GET /mysql/js/codemirror/addon/lint/lint.css?v=4.5.4.1 HTTP/1.1" 304 -
::1 - - [14/Sep/2022:10:54:16 +0200] "GET /mysql/themes/pmahomme/css/printview.css?v=4.5.4.1 HTTP/1.1" 304 -
::1 - - [14/Sep/2022:10:54:16 +0200] "GET /mysql/js/codemirror/addon/hint/show-hint.css?v=4.5.4.1 HTTP/1.1" 304 -
::1 - - [14/Sep/2022:10:54:16 +0200] "GET /mysql/themes/pmahomme/img/logo_left.png HTTP/1.1" 200 2327
::1 - - [14/Sep/2022:10:54:16 +0200] "GET /mysql/themes/dot.gif HTTP/1.1" 304 -
::1 - - [14/Sep/2022:10:54:16 +0200] "GET /mysql/themes/pmahomme/img/ajax_clock_small.gif HTTP/1.1" 200 1810
::1 - - [14/Sep/2022:10:54:16 +0200] "GET /mysql/themes/pmahomme/img/s_collapseall.png HTTP/1.1" 200 170
::1 - - [14/Sep/2022:10:54:16 +0200] "GET /mysql/phpmyadmin.css.php?nocache=6652582268ltr HTTP/1.1" 200 20076
::1 - - [14/Sep/2022:10:54:16 +0200] "GET /mysql/themes/pmahomme/img/sprites.png?v=4.5.4.1 HTTP/1.1" 304 -
::1 - - [14/Sep/2022:10:54:16 +0200] "GET /mysql/themes/pmahomme/img/left_nav_bg.png HTTP/1.1" 200 297
::1 - - [14/Sep/2022:10:54:16 +0200] "POST /mysql/db_structure.php?ajax_request=1&favorite_table=1&sync_favorite_tables=1&token=ed09f9fd1a4fcc907959860ab0b22fb2 HTTP/1.1" 200 164
::1 - - [14/Sep/2022:10:54:16 +0200] "GET /mysql/version_check.php?server=1&_nocache=1663145656517547836 HTTP/1.1" 200 40
::1 - - [14/Sep/2022:10:54:26 +0200] "GET /mysql/server_databases.php?db=&token=ed09f9fd1a4fcc907959860ab0b22fb2&ajax_request=true&ajax_page_request=true&_nocache=1663145666022629704 HTTP/1.1" 200 5847
::1 - - [14/Sep/2022:10:54:26 +0200] "GET /mysql/themes/pmahomme/img/arrow_ltr.png HTTP/1.1" 200 139
::1 - - [14/Sep/2022:10:54:26 +0200] "GET /mysql/js/get_scripts.js.php?scripts%5B%5D=server_databases.js&call_done=1&v=4.5.4.1 HTTP/1.1" 200 1707
::1 - - [14/Sep/2022:10:54:33 +0200] "POST /mysql/db_create.php HTTP/1.1" 200 2016
::1 - - [14/Sep/2022:10:54:33 +0200] "POST /mysql/navigation.php?ajax_request=1&token=ed09f9fd1a4fcc907959860ab0b22fb2 HTTP/1.1" 200 2133
::1 - - [14/Sep/2022:10:54:33 +0200] "GET /mysql/db_structure.php?db=db_blog&token=ed09f9fd1a4fcc907959860ab0b22fb2&db=db_blog&ajax_request=true&ajax_page_request=true&_nocache=1663145673725270589 HTTP/1.1" 200 2837
::1 - - [14/Sep/2022:10:54:34 +0200] "GET /mysql/js/get_scripts.js.php?scripts%5B%5D=db_structure.js&scripts%5B%5D=tbl_change.js&call_done=1&v=4.5.4.1 HTTP/1.1" 200 10265
::1 - - [14/Sep/2022:10:54:34 +0200] "GET /mysql/navigation.php?ajax_request=1&token=ed09f9fd1a4fcc907959860ab0b22fb2&aPath=cm9vdA%3D%3D.ZGJfYmxvZw%3D%3D&vPath=cm9vdA%3D%3D.ZGJfYmxvZw%3D%3D&pos=0&pos2_name=&pos2_value=&searchClause=&searchClause2=&_nocache=166314567416345824 HTTP/1.1" 200 1404
::1 - - [14/Sep/2022:10:54:45 +0200] "POST /mysql/tbl_create.php HTTP/1.1" 200 37757
::1 - - [14/Sep/2022:10:54:46 +0200] "GET /mysql/js/get_scripts.js.php?scripts%5B%5D=jquery/jquery.uitablefilter.js&call_done=1&v=4.5.4.1 HTTP/1.1" 200 1413
::1 - - [14/Sep/2022:10:54:46 +0200] "GET /mysql/index.php?ajax_request=1&recent_table=1&token=ed09f9fd1a4fcc907959860ab0b22fb2&no_debug=true&_nocache=1663145686458566990 HTTP/1.1" 200 1404
::1 - - [14/Sep/2022:10:57:50 +0200] "POST /mysql/tbl_indexes.php HTTP/1.1" 200 2750
::1 - - [14/Sep/2022:10:57:51 +0200] "GET /mysql/themes/pmahomme/jquery/images/ui-bg_highlight-soft_75_cccccc_1x100.png HTTP/1.1" 200 319
::1 - - [14/Sep/2022:10:57:51 +0200] "GET /mysql/themes/pmahomme/jquery/images/ui-bg_flat_75_ffffff_40x100.png HTTP/1.1" 200 247
::1 - - [14/Sep/2022:10:57:51 +0200] "GET /mysql/themes/pmahomme/jquery/images/ui-icons_888888_256x240.png HTTP/1.1" 200 7092
::1 - - [14/Sep/2022:10:57:51 +0200] "GET /mysql/themes/pmahomme/jquery/images/ui-icons_222222_256x240.png HTTP/1.1" 200 7006
::1 - - [14/Sep/2022:10:57:51 +0200] "GET /mysql/themes/pmahomme/jquery/images/ui-bg_glass_75_e6e6e6_1x400.png HTTP/1.1" 200 301
::1 - - [14/Sep/2022:10:57:51 +0200] "GET /mysql/themes/pmahomme/img/s_sortable.png HTTP/1.1" 200 234
::1 - - [14/Sep/2022:10:57:51 +0200] "GET /mysql/themes/pmahomme/jquery/images/ui-bg_flat_0_aaaaaa_40x100.png HTTP/1.1" 200 251
::1 - - [14/Sep/2022:10:57:51 +0200] "GET /mysql/themes/pmahomme/jquery/images/ui-bg_glass_75_dadada_1x400.png HTTP/1.1" 200 301
::1 - - [14/Sep/2022:10:57:52 +0200] "GET /mysql/themes/pmahomme/jquery/images/ui-bg_glass_65_ffffff_1x400.png HTTP/1.1" 200 246
::1 - - [14/Sep/2022:10:58:26 +0200] "POST /mysql/tbl_structure.php HTTP/1.1" 200 107
::1 - - [14/Sep/2022:10:58:26 +0200] "POST /mysql/tbl_create.php HTTP/1.1" 200 1630
::1 - - [14/Sep/2022:10:58:26 +0200] "GET /mysql/db_structure.php?token=ed09f9fd1a4fcc907959860ab0b22fb2&server=1&db=db_blog&table=t_message&ajax_request=true&ajax_page_request=true&_nocache=1663145906716860253 HTTP/1.1" 200 4659
::1 - - [14/Sep/2022:10:58:26 +0200] "GET /mysql/themes/pmahomme/img/arrow_ltr.png HTTP/1.1" 304 -
::1 - - [14/Sep/2022:10:58:26 +0200] "POST /mysql/navigation.php?ajax_request=1&token=ed09f9fd1a4fcc907959860ab0b22fb2 HTTP/1.1" 200 2475
::1 - - [14/Sep/2022:10:58:26 +0200] "GET /mysql/tbl_structure.php?server=1&db=db_blog&token=ed09f9fd1a4fcc907959860ab0b22fb2&goto=db_structure.php&table=t_message&ajax_request=true&ajax_page_request=true&_nocache=166314590671938109 HTTP/1.1" 200 5814
::1 - - [14/Sep/2022:10:58:26 +0200] "GET /mysql/index.php?ajax_request=1&recent_table=1&token=ed09f9fd1a4fcc907959860ab0b22fb2&no_debug=true&_nocache=1663145906936222027 HTTP/1.1" 200 1426
::1 - - [14/Sep/2022:10:58:26 +0200] "POST /mysql/navigation.php?ajax_request=1&token=ed09f9fd1a4fcc907959860ab0b22fb2 HTTP/1.1" 200 2475
::1 - - [14/Sep/2022:10:58:27 +0200] "GET /mysql/js/get_scripts.js.php?scripts%5B%5D=tbl_structure.js&call_done=1&v=4.5.4.1 HTTP/1.1" 200 5130
::1 - - [14/Sep/2022:10:58:27 +0200] "POST /mysql/navigation.php?ajax_request=1&token=ed09f9fd1a4fcc907959860ab0b22fb2 HTTP/1.1" 200 2475
::1 - - [14/Sep/2022:10:58:27 +0200] "GET /mysql/index.php?ajax_request=1&recent_table=1&token=ed09f9fd1a4fcc907959860ab0b22fb2&no_debug=true&_nocache=1663145907723437629 HTTP/1.1" 200 1426
::1 - - [14/Sep/2022:10:58:32 +0200] "POST /mysql/tbl_addfield.php HTTP/1.1" 200 10910
::1 - - [14/Sep/2022:10:58:32 +0200] "GET /mysql/index.php?ajax_request=1&recent_table=1&token=ed09f9fd1a4fcc907959860ab0b22fb2&no_debug=true&_nocache=1663145912563850551 HTTP/1.1" 200 1426
::1 - - [14/Sep/2022:10:58:56 +0200] "POST /mysql/tbl_structure.php HTTP/1.1" 200 107
::1 - - [14/Sep/2022:10:58:56 +0200] "POST /mysql/tbl_addfield.php HTTP/1.1" 200 1932
::1 - - [14/Sep/2022:10:58:56 +0200] "POST /mysql/index.php?token=ed09f9fd1a4fcc907959860ab0b22fb2 HTTP/1.1" 200 6851
::1 - - [14/Sep/2022:10:58:56 +0200] "POST /mysql/navigation.php?ajax_request=1&token=ed09f9fd1a4fcc907959860ab0b22fb2 HTTP/1.1" 200 2475
::1 - - [14/Sep/2022:10:58:58 +0200] "GET /mysql/tbl_sql.php?db=db_blog&table=t_message&sql_query=ALTER+TABLE+%60t_message%60++ADD+%60mesText%60+INT+NOT+NULL++AFTER+%60idMessage%60%3B&show_query=1&token=ed09f9fd1a4fcc907959860ab0b22fb2&ajax_request=true&ajax_page_request=true&_nocache=1663145938336806393 HTTP/1.1" 200 4919
::1 - - [14/Sep/2022:10:58:58 +0200] "GET /mysql/js/get_scripts.js.php?scripts%5B%5D=makegrid.js&scripts%5B%5D=sql.js&call_done=1&v=4.5.4.1 HTTP/1.1" 200 25300
::1 - - [14/Sep/2022:10:58:58 +0200] "GET /mysql/index.php?ajax_request=1&recent_table=1&token=ed09f9fd1a4fcc907959860ab0b22fb2&no_debug=true&_nocache=1663145938719685690 HTTP/1.1" 200 1426
::1 - - [14/Sep/2022:10:58:58 +0200] "POST /mysql/lint.php HTTP/1.1" 200 28
::1 - - [14/Sep/2022:10:58:59 +0200] "GET /mysql/sql.php?db=db_blog&table=t_message&token=ed09f9fd1a4fcc907959860ab0b22fb2&pos=0&ajax_request=true&ajax_page_request=true&_nocache=1663145939716743101 HTTP/1.1" 200 4646
::1 - - [14/Sep/2022:10:58:59 +0200] "GET /mysql/js/get_scripts.js.php?scripts%5B%5D=gis_data_editor.js&scripts%5B%5D=multi_column_sort.js&call_done=1&v=4.5.4.1 HTTP/1.1" 200 4575
::1 - - [14/Sep/2022:10:59:00 +0200] "GET /mysql/index.php?ajax_request=1&recent_table=1&token=ed09f9fd1a4fcc907959860ab0b22fb2&no_debug=true&_nocache=1663145940054315964 HTTP/1.1" 200 1428
::1 - - [14/Sep/2022:10:59:01 +0200] "GET /mysql/tbl_structure.php?db=db_blog&table=t_message&token=ed09f9fd1a4fcc907959860ab0b22fb2&ajax_request=true&ajax_page_request=true&_nocache=1663145941192188725 HTTP/1.1" 200 6025
::1 - - [14/Sep/2022:10:59:01 +0200] "GET /mysql/index.php?ajax_request=1&recent_table=1&token=ed09f9fd1a4fcc907959860ab0b22fb2&no_debug=true&_nocache=1663145941424139129 HTTP/1.1" 200 1428
::1 - - [14/Sep/2022:10:59:02 +0200] "GET /mysql/tbl_structure.php?db=db_blog&table=t_message&token=ed09f9fd1a4fcc907959860ab0b22fb2&goto=tbl_structure.php&back=tbl_structure.php&field=mesText&change_column=1 HTTP/1.1" 200 17418
::1 - - [14/Sep/2022:10:59:02 +0200] "GET /mysql/themes/pmahomme/jquery/jquery-ui-1.11.2.css HTTP/1.1" 304 -
::1 - - [14/Sep/2022:10:59:02 +0200] "GET /mysql/js/codemirror/lib/codemirror.css?v=4.5.4.1 HTTP/1.1" 304 -
::1 - - [14/Sep/2022:10:59:02 +0200] "GET /mysql/js/codemirror/addon/hint/show-hint.css?v=4.5.4.1 HTTP/1.1" 304 -
::1 - - [14/Sep/2022:10:59:02 +0200] "GET /mysql/js/codemirror/addon/lint/lint.css?v=4.5.4.1 HTTP/1.1" 304 -
::1 - - [14/Sep/2022:10:59:02 +0200] "GET /mysql/themes/pmahomme/css/printview.css?v=4.5.4.1 HTTP/1.1" 304 -
::1 - - [14/Sep/2022:10:59:02 +0200] "GET /mysql/phpmyadmin.css.php?nocache=6444923313ltr HTTP/1.1" 200 20076
::1 - - [14/Sep/2022:10:59:02 +0200] "GET /mysql/js/whitelist.php?lang=fr&db=db_blog&token=ed09f9fd1a4fcc907959860ab0b22fb2&v=4.5.4.1 HTTP/1.1" 200 482
::1 - - [14/Sep/2022:10:59:02 +0200] "GET /mysql/js/get_scripts.js.php?scripts%5B%5D=common.js&scripts%5B%5D=config.js&scripts%5B%5D=page_settings.js&scripts%5B%5D=tbl_structure.js&scripts%5B%5D=jquery/jquery.uitablefilter.js&scripts%5B%5D=codemirror/lib/codemirror.js&scripts%5B%5D=codemirror/mode/sql/sql.js&scripts%5B%5D=codemirror/addon/runmode/runmode.js&scripts%5B%5D=codemirror/addon/hint/show-hint.js&scripts%5B%5D=codemirror/addon/hint/sql-hint.js&scripts%5B%5D=codemirror/addon/lint/lint.js&scripts%5B%5D=codemirror/addon/lint/sql-lint.js&scripts%5B%5D=console.js&v=4.5.4.1 HTTP/1.1" 200 135081
::1 - - [14/Sep/2022:10:59:03 +0200] "GET /mysql/themes/pmahomme/img/logo_left.png HTTP/1.1" 304 -
::1 - - [14/Sep/2022:10:59:03 +0200] "GET /mysql/themes/dot.gif HTTP/1.1" 304 -
::1 - - [14/Sep/2022:10:59:03 +0200] "GET /mysql/themes/pmahomme/img/ajax_clock_small.gif HTTP/1.1" 304 -
::1 - - [14/Sep/2022:10:59:03 +0200] "GET /mysql/themes/pmahomme/img/s_collapseall.png HTTP/1.1" 304 -
::1 - - [14/Sep/2022:10:59:02 +0200] "GET /mysql/js/messages.php?lang=fr&db=db_blog&token=ed09f9fd1a4fcc907959860ab0b22fb2&v=4.5.4.1 HTTP/1.1" 200 9507
::1 - - [14/Sep/2022:10:59:03 +0200] "GET /mysql/themes/pmahomme/img/left_nav_bg.png HTTP/1.1" 304 -
::1 - - [14/Sep/2022:10:59:03 +0200] "GET /mysql/themes/pmahomme/img/sprites.png?v=4.5.4.1 HTTP/1.1" 304 -
::1 - - [14/Sep/2022:10:59:03 +0200] "GET /mysql/index.php?ajax_request=1&recent_table=1&token=ed09f9fd1a4fcc907959860ab0b22fb2&no_debug=true&_nocache=1663145943419146032 HTTP/1.1" 200 1428
::1 - - [14/Sep/2022:10:59:03 +0200] "POST /mysql/navigation.php?ajax_request=1&token=ed09f9fd1a4fcc907959860ab0b22fb2 HTTP/1.1" 200 2477
::1 - - [14/Sep/2022:10:59:13 +0200] "POST /mysql/tbl_structure.php HTTP/1.1" 200 107
::1 - - [14/Sep/2022:10:59:13 +0200] "POST /mysql/tbl_structure.php HTTP/1.1" 200 6355
::1 - - [14/Sep/2022:10:59:13 +0200] "POST /mysql/tbl_structure.php HTTP/1.1" 200 6066
::1 - - [14/Sep/2022:10:59:13 +0200] "POST /mysql/navigation.php?ajax_request=1&token=ed09f9fd1a4fcc907959860ab0b22fb2 HTTP/1.1" 200 2477
::1 - - [14/Sep/2022:11:22:59 +0200] "POST /mysql/index.php HTTP/1.1" 200 1542
::1 - - [21/Sep/2022:10:26:27 +0200] "GET / HTTP/1.1" 200 411
::1 - - [21/Sep/2022:10:26:27 +0200] "GET /favicon.ico HTTP/1.1" 404 309
::1 - - [28/Sep/2022:08:29:17 +0200] "GET / HTTP/1.1" 200 411
::1 - - [28/Sep/2022:08:29:17 +0200] "GET /favicon.ico HTTP/1.1" 404 308
::1 - - [28/Sep/2022:08:29:20 +0200] "GET /mysql/ HTTP/1.1" 200 3062
127.0.0.1 - - [28/Sep/2022:08:29:20 +0200] "GET /mysql/js/codemirror/lib/codemirror.css?v=4.5.4.1 HTTP/1.1" 304 -
::1 - - [28/Sep/2022:08:29:20 +0200] "GET /mysql/themes/pmahomme/jquery/jquery-ui-1.11.2.css HTTP/1.1" 304 -
::1 - - [28/Sep/2022:08:29:20 +0200] "GET /mysql/js/codemirror/addon/hint/show-hint.css?v=4.5.4.1 HTTP/1.1" 304 -
::1 - - [28/Sep/2022:08:29:20 +0200] "GET /mysql/themes/pmahomme/css/printview.css?v=4.5.4.1 HTTP/1.1" 304 -
::1 - - [28/Sep/2022:08:29:20 +0200] "GET /mysql/js/codemirror/addon/lint/lint.css?v=4.5.4.1 HTTP/1.1" 304 -
::1 - - [28/Sep/2022:08:29:20 +0200] "GET /mysql/phpmyadmin.css.php?nocache=4989436612ltr HTTP/1.1" 200 20076
::1 - - [28/Sep/2022:08:29:21 +0200] "GET /mysql/js/get_scripts.js.php?scripts%5B%5D=common.js&scripts%5B%5D=config.js&scripts%5B%5D=page_settings.js&scripts%5B%5D=codemirror/lib/codemirror.js&scripts%5B%5D=codemirror/mode/sql/sql.js&scripts%5B%5D=codemirror/addon/runmode/runmode.js&scripts%5B%5D=codemirror/addon/hint/show-hint.js&scripts%5B%5D=codemirror/addon/hint/sql-hint.js&scripts%5B%5D=codemirror/addon/lint/lint.js&scripts%5B%5D=codemirror/addon/lint/sql-lint.js&scripts%5B%5D=console.js&v=4.5.4.1 HTTP/1.1" 200 129440
::1 - - [28/Sep/2022:08:29:21 +0200] "GET /mysql/js/get_scripts.js.php?scripts%5B%5D=jquery/jquery-1.11.1.min.js&scripts%5B%5D=sprintf.js&scripts%5B%5D=ajax.js&scripts%5B%5D=keyhandler.js&scripts%5B%5D=jquery/jquery-ui-1.11.2.min.js&scripts%5B%5D=jquery/jquery.cookie.js&scripts%5B%5D=jquery/jquery.mousewheel.js&scripts%5B%5D=jquery/jquery.event.drag-2.2.js&scripts%5B%5D=jquery/jquery-ui-timepicker-addon.js&scripts%5B%5D=jquery/jquery.ba-hashchange-1.3.js&scripts%5B%5D=jquery/jquery.debounce-1.0.5.js&scripts%5B%5D=menu-resizer.js&scripts%5B%5D=cross_framing_protection.js&scripts%5B%5D=rte.js&scripts%5B%5D=tracekit/tracekit.js&scripts%5B%5D=error_report.js&scripts%5B%5D=doclinks.js&scripts%5B%5D=functions.js&scripts%5B%5D=navigation.js&scripts%5B%5D=indexes.js&v=4.5.4.1 HTTP/1.1" 200 216429
::1 - - [28/Sep/2022:08:29:21 +0200] "GET /mysql/js/whitelist.php?lang=fr&db=&token=e753615a08364b4b784c3223e0cffbd8&v=4.5.4.1 HTTP/1.1" 200 482
::1 - - [28/Sep/2022:08:29:21 +0200] "GET /mysql/js/get_image.js.php?theme=pmahomme&v=4.5.4.1 HTTP/1.1" 200 1822
::1 - - [28/Sep/2022:08:29:22 +0200] "GET /mysql/themes/pmahomme/img/logo_right.png HTTP/1.1" 304 -
::1 - - [28/Sep/2022:08:29:22 +0200] "GET /mysql/themes/dot.gif HTTP/1.1" 304 -
127.0.0.1 - - [28/Sep/2022:08:29:21 +0200] "GET /mysql/js/messages.php?lang=fr&db=&token=e753615a08364b4b784c3223e0cffbd8&v=4.5.4.1 HTTP/1.1" 200 9507
127.0.0.1 - - [28/Sep/2022:08:29:22 +0200] "GET /mysql/themes/pmahomme/img/sprites.png?v=4.5.4.1 HTTP/1.1" 304 -
127.0.0.1 - - [28/Sep/2022:08:29:22 +0200] "GET /mysql/favicon.ico HTTP/1.1" 304 -
::1 - - [28/Sep/2022:08:33:21 +0200] "GET /my-app/blogEntry.php?text=tets%C2%A8 HTTP/1.1" 200 276
::1 - - [28/Sep/2022:08:43:49 +0200] "GET / HTTP/1.1" 200 425
::1 - - [28/Sep/2022:08:43:49 +0200] "POST /my-app/blogEntry.php HTTP/1.1" 200 276
::1 - - [28/Sep/2022:08:43:52 +0200] "POST /my-app/blogEntry.php HTTP/1.1" 200 276
::1 - - [28/Sep/2022:08:46:47 +0200] "GET / HTTP/1.1" 200 425
::1 - - [28/Sep/2022:08:46:48 +0200] "POST /my-app/blogEntry.php HTTP/1.1" 200 1359
::1 - - [28/Sep/2022:08:46:50 +0200] "POST /my-app/blogEntry.php HTTP/1.1" 200 1359
::1 - - [28/Sep/2022:08:48:06 +0200] "POST /my-app/blogEntry.php HTTP/1.1" 200 1361
::1 - - [28/Sep/2022:08:48:19 +0200] "POST /my-app/blogEntry.php HTTP/1.1" 200 1361
::1 - - [28/Sep/2022:08:48:40 +0200] "POST /my-app/blogEntry.php HTTP/1.1" 200 472
::1 - - [28/Sep/2022:08:49:11 +0200] "POST /my-app/blogEntry.php HTTP/1.1" 200 472
::1 - - [28/Sep/2022:08:50:59 +0200] "POST /my-app/blogEntry.php HTTP/1.1" 200 472
::1 - - [28/Sep/2022:08:51:11 +0200] "POST /my-app/blogEntry.php HTTP/1.1" 200 472
::1 - - [28/Sep/2022:08:51:19 +0200] "POST /my-app/blogEntry.php HTTP/1.1" 200 472
::1 - - [28/Sep/2022:08:51:23 +0200] "POST /my-app/blogEntry.php HTTP/1.1" 200 472
::1 - - [28/Sep/2022:08:51:28 +0200] "POST /my-app/blogEntry.php HTTP/1.1" 200 472
::1 - - [28/Sep/2022:08:52:02 +0200] "POST /mysql/index.php HTTP/1.1" 302 25
::1 - - [28/Sep/2022:08:52:02 +0200] "GET /mysql/index.php?token=e753615a08364b4b784c3223e0cffbd8&phpMyAdmin=gf7p1g5frtsh1hhjlt33lvufju4j78tu HTTP/1.1" 200 13475
::1 - - [28/Sep/2022:08:52:02 +0200] "GET /mysql/themes/pmahomme/img/logo_left.png HTTP/1.1" 304 -
::1 - - [28/Sep/2022:08:52:02 +0200] "GET /mysql/themes/pmahomme/img/ajax_clock_small.gif HTTP/1.1" 304 -
::1 - - [28/Sep/2022:08:52:02 +0200] "GET /mysql/themes/pmahomme/img/s_collapseall.png HTTP/1.1" 304 -
::1 - - [28/Sep/2022:08:52:02 +0200] "GET /mysql/phpmyadmin.css.php?nocache=6653784534ltr HTTP/1.1" 200 20076
::1 - - [28/Sep/2022:08:52:02 +0200] "GET /mysql/themes/pmahomme/img/left_nav_bg.png HTTP/1.1" 304 -
::1 - - [28/Sep/2022:08:52:03 +0200] "POST /mysql/db_structure.php?ajax_request=1&favorite_table=1&sync_favorite_tables=1&token=e753615a08364b4b784c3223e0cffbd8 HTTP/1.1" 200 164
::1 - - [28/Sep/2022:08:52:03 +0200] "GET /mysql/version_check.php?server=1&_nocache=1664347923021770046 HTTP/1.1" 200 40
::1 - - [28/Sep/2022:08:52:06 +0200] "GET /mysql/navigation.php?ajax_request=1&token=e753615a08364b4b784c3223e0cffbd8&aPath=cm9vdA%3D%3D.ZGJfYmxvZw%3D%3D&vPath=cm9vdA%3D%3D.ZGJfYmxvZw%3D%3D&pos=0&pos2_name=&pos2_value=&searchClause=&searchClause2=&_nocache=1664347926176274654 HTTP/1.1" 200 1819
::1 - - [28/Sep/2022:08:52:07 +0200] "GET /mysql/db_structure.php?server=1&db=db_blog&token=e753615a08364b4b784c3223e0cffbd8&ajax_request=true&ajax_page_request=true&_nocache=1664347927068313245 HTTP/1.1" 200 4725
::1 - - [28/Sep/2022:08:52:07 +0200] "GET /mysql/themes/pmahomme/img/arrow_ltr.png HTTP/1.1" 304 -
::1 - - [28/Sep/2022:08:52:07 +0200] "GET /mysql/js/get_scripts.js.php?scripts%5B%5D=db_structure.js&scripts%5B%5D=tbl_change.js&call_done=1&v=4.5.4.1 HTTP/1.1" 200 10265
::1 - - [28/Sep/2022:08:52:07 +0200] "POST /mysql/navigation.php?ajax_request=1&token=e753615a08364b4b784c3223e0cffbd8 HTTP/1.1" 200 2477
::1 - - [28/Sep/2022:08:52:10 +0200] "GET /mysql/sql.php?db=db_blog&token=e753615a08364b4b784c3223e0cffbd8&goto=db_structure.php&table=t_message&pos=0&ajax_request=true&ajax_page_request=true&_nocache=1664347930612709487 HTTP/1.1" 200 4648
::1 - - [28/Sep/2022:08:52:10 +0200] "GET /mysql/js/get_scripts.js.php?scripts%5B%5D=jquery/jquery.uitablefilter.js&scripts%5B%5D=gis_data_editor.js&scripts%5B%5D=multi_column_sort.js&call_done=1&v=4.5.4.1 HTTP/1.1" 200 5811
::1 - - [28/Sep/2022:08:52:11 +0200] "GET /mysql/index.php?ajax_request=1&recent_table=1&token=e753615a08364b4b784c3223e0cffbd8&no_debug=true&_nocache=1664347931101822756 HTTP/1.1" 200 1430
::1 - - [28/Sep/2022:08:53:16 +0200] "POST /my-app/blogEntry.php HTTP/1.1" 200 2670
::1 - - [28/Sep/2022:08:54:03 +0200] "POST /my-app/blogEntry.php HTTP/1.1" 200 2596
::1 - - [28/Sep/2022:08:54:05 +0200] "GET /mysql/sql.php?db=db_blog&token=e753615a08364b4b784c3223e0cffbd8&goto=db_structure.php&table=t_message&pos=0 HTTP/1.1" 200 12670
::1 - - [28/Sep/2022:08:54:06 +0200] "GET /mysql/js/whitelist.php?lang=fr&db=db_blog&token=e753615a08364b4b784c3223e0cffbd8&v=4.5.4.1 HTTP/1.1" 200 482
::1 - - [28/Sep/2022:08:54:06 +0200] "GET /mysql/phpmyadmin.css.php?nocache=6444923313ltr HTTP/1.1" 200 20076
::1 - - [28/Sep/2022:08:54:06 +0200] "GET /mysql/js/get_scripts.js.php?scripts%5B%5D=common.js&scripts%5B%5D=config.js&scripts%5B%5D=page_settings.js&scripts%5B%5D=jquery/jquery.uitablefilter.js&scripts%5B%5D=tbl_change.js&scripts%5B%5D=gis_data_editor.js&scripts%5B%5D=multi_column_sort.js&scripts%5B%5D=makegrid.js&scripts%5B%5D=sql.js&scripts%5B%5D=codemirror/lib/codemirror.js&scripts%5B%5D=codemirror/mode/sql/sql.js&scripts%5B%5D=codemirror/addon/runmode/runmode.js&scripts%5B%5D=codemirror/addon/hint/show-hint.js&scripts%5B%5D=codemirror/addon/hint/sql-hint.js&scripts%5B%5D=codemirror/addon/lint/lint.js&scripts%5B%5D=codemirror/addon/lint/sql-lint.js&scripts%5B%5D=console.js&v=4.5.4.1 HTTP/1.1" 200 165856
::1 - - [28/Sep/2022:08:54:06 +0200] "GET /mysql/themes/pmahomme/img/s_fulltext.png HTTP/1.1" 200 193
::1 - - [28/Sep/2022:08:54:06 +0200] "GET /mysql/js/messages.php?lang=fr&db=db_blog&token=e753615a08364b4b784c3223e0cffbd8&v=4.5.4.1 HTTP/1.1" 200 9507
::1 - - [28/Sep/2022:08:54:06 +0200] "GET /mysql/themes/pmahomme/img/col_pointer.png HTTP/1.1" 200 113
::1 - - [28/Sep/2022:08:54:06 +0200] "GET /mysql/themes/pmahomme/img/col_drop.png HTTP/1.1" 200 132
::1 - - [28/Sep/2022:08:54:06 +0200] "GET /mysql/index.php?ajax_request=1&recent_table=1&token=e753615a08364b4b784c3223e0cffbd8&no_debug=true&_nocache=1664348046685501020 HTTP/1.1" 200 1430
::1 - - [28/Sep/2022:08:54:06 +0200] "POST /mysql/navigation.php?ajax_request=1&token=e753615a08364b4b784c3223e0cffbd8 HTTP/1.1" 200 2480
::1 - - [28/Sep/2022:08:55:15 +0200] "POST /my-app/blogEntry.php HTTP/1.1" 200 2597
::1 - - [28/Sep/2022:08:55:36 +0200] "GET /mysql/sql.php?db=db_blog&token=e753615a08364b4b784c3223e0cffbd8&goto=db_structure.php&table=t_message&pos=0 HTTP/1.1" 200 12994
::1 - - [28/Sep/2022:08:55:36 +0200] "GET /mysql/index.php?ajax_request=1&recent_table=1&token=e753615a08364b4b784c3223e0cffbd8&no_debug=true&_nocache=1664348136672179883 HTTP/1.1" 200 1430
::1 - - [28/Sep/2022:08:55:36 +0200] "POST /mysql/navigation.php?ajax_request=1&token=e753615a08364b4b784c3223e0cffbd8 HTTP/1.1" 200 2480
::1 - - [28/Sep/2022:08:55:42 +0200] "POST /my-app/blogEntry.php HTTP/1.1" 200 1542
::1 - - [28/Sep/2022:08:55:46 +0200] "GET /mysql/sql.php?db=db_blog&token=e753615a08364b4b784c3223e0cffbd8&goto=db_structure.php&table=t_message&pos=0 HTTP/1.1" 200 13099
::1 - - [28/Sep/2022:08:55:46 +0200] "GET /mysql/index.php?ajax_request=1&recent_table=1&token=e753615a08364b4b784c3223e0cffbd8&no_debug=true&_nocache=1664348146604693740 HTTP/1.1" 200 1430
::1 - - [28/Sep/2022:08:55:46 +0200] "POST /mysql/navigation.php?ajax_request=1&token=e753615a08364b4b784c3223e0cffbd8 HTTP/1.1" 200 2480
::1 - - [28/Sep/2022:08:56:00 +0200] "POST /my-app/blogEntry.php HTTP/1.1" 200 3145
::1 - - [28/Sep/2022:08:56:16 +0200] "POST /my-app/blogEntry.php HTTP/1.1" 200 7552
::1 - - [28/Sep/2022:08:56:21 +0200] "GET /mysql/sql.php?db=db_blog&token=e753615a08364b4b784c3223e0cffbd8&goto=db_structure.php&table=t_message&pos=0 HTTP/1.1" 200 13366
::1 - - [28/Sep/2022:08:56:21 +0200] "GET /mysql/index.php?ajax_request=1&recent_table=1&token=e753615a08364b4b784c3223e0cffbd8&no_debug=true&_nocache=1664348181493271413 HTTP/1.1" 200 1430
::1 - - [28/Sep/2022:08:56:21 +0200] "POST /mysql/navigation.php?ajax_request=1&token=e753615a08364b4b784c3223e0cffbd8 HTTP/1.1" 200 2480
::1 - - [28/Sep/2022:08:56:25 +0200] "POST /mysql/tbl_replace.php HTTP/1.1" 200 1984
::1 - - [28/Sep/2022:08:56:28 +0200] "POST /mysql/tbl_replace.php HTTP/1.1" 200 1983
::1 - - [28/Sep/2022:08:56:58 +0200] "POST /mysql/tbl_replace.php HTTP/1.1" 200 2076
::1 - - [28/Sep/2022:08:57:11 +0200] "POST /my-app/blogEntry.php HTTP/1.1" 200 2703
::1 - - [28/Sep/2022:08:57:19 +0200] "GET /mysql/sql.php?db=db_blog&token=e753615a08364b4b784c3223e0cffbd8&goto=db_structure.php&table=t_message&pos=0 HTTP/1.1" 200 13505
::1 - - [28/Sep/2022:08:57:19 +0200] "GET /mysql/index.php?ajax_request=1&recent_table=1&token=e753615a08364b4b784c3223e0cffbd8&no_debug=true&_nocache=1664348239977155949 HTTP/1.1" 200 1430
::1 - - [28/Sep/2022:08:57:19 +0200] "POST /mysql/navigation.php?ajax_request=1&token=e753615a08364b4b784c3223e0cffbd8 HTTP/1.1" 200 2480
::1 - - [28/Sep/2022:08:57:40 +0200] "GET /mysql/sql.php?db=db_blog&table=t_message&sql_query=DELETE+FROM+%60t_message%60+WHERE+%60t_message%60.%60idMessage%60+%3D+6&message_to_show=La+ligne+a+%C3%A9t%C3%A9+effac%C3%A9e.&goto=sql.php%3Fdb%3Ddb_blog%26table%3Dt_message%26sql_query%3DSELECT%2B%252A%2BFROM%2B%2560t_message%2560%26message_to_show%3DLa%2Bligne%2Ba%2B%25C3%25A9t%25C3%25A9%2Beffac%25C3%25A9e.%26goto%3Dtbl_sql.php%26token%3De753615a08364b4b784c3223e0cffbd8&token=e753615a08364b4b784c3223e0cffbd8&ajax_request=true&ajax_page_request=true&_nocache=1664348260572735087 HTTP/1.1" 200 4463
::1 - - [28/Sep/2022:08:57:40 +0200] "GET /mysql/index.php?ajax_request=1&recent_table=1&token=e753615a08364b4b784c3223e0cffbd8&no_debug=true&_nocache=1664348260815994049 HTTP/1.1" 200 1430
::1 - - [28/Sep/2022:08:57:42 +0200] "GET /mysql/sql.php?db=db_blog&table=t_message&token=e753615a08364b4b784c3223e0cffbd8&pos=0&ajax_request=true&ajax_page_request=true&_nocache=1664348262339730050 HTTP/1.1" 200 7527
::1 - - [28/Sep/2022:08:57:42 +0200] "GET /mysql/index.php?ajax_request=1&recent_table=1&token=e753615a08364b4b784c3223e0cffbd8&no_debug=true&_nocache=1664348262566307960 HTTP/1.1" 200 1430
::1 - - [28/Sep/2022:08:58:16 +0200] "POST /my-app/blogEntry.php HTTP/1.1" 200 535
::1 - - [28/Sep/2022:08:58:51 +0200] "POST /mysql/tbl_replace.php HTTP/1.1" 200 1977
::1 - - [28/Sep/2022:08:58:57 +0200] "POST /mysql/tbl_replace.php HTTP/1.1" 200 2076
::1 - - [28/Sep/2022:08:58:57 +0200] "GET /mysql/themes/pmahomme/jquery/images/ui-bg_flat_75_ffffff_40x100.png HTTP/1.1" 304 -
::1 - - [28/Sep/2022:08:58:57 +0200] "GET /mysql/themes/pmahomme/jquery/images/ui-bg_highlight-soft_75_cccccc_1x100.png HTTP/1.1" 304 -
::1 - - [28/Sep/2022:08:58:57 +0200] "GET /mysql/themes/pmahomme/jquery/images/ui-icons_888888_256x240.png HTTP/1.1" 304 -
::1 - - [28/Sep/2022:08:58:57 +0200] "GET /mysql/themes/pmahomme/jquery/images/ui-bg_glass_75_e6e6e6_1x400.png HTTP/1.1" 304 -
::1 - - [28/Sep/2022:08:58:57 +0200] "GET /mysql/themes/pmahomme/jquery/images/ui-bg_flat_0_aaaaaa_40x100.png HTTP/1.1" 304 -
::1 - - [28/Sep/2022:08:59:00 +0200] "POST /mysql/tbl_replace.php HTTP/1.1" 200 1983
::1 - - [28/Sep/2022:08:59:08 +0200] "GET /my-app/blogEntry HTTP/1.1" 404 313
::1 - - [28/Sep/2022:08:59:12 +0200] "GET /my-app/blogEntry.php HTTP/1.1" 200 2539
::1 - - [28/Sep/2022:08:59:32 +0200] "GET /my-app/blogEntry.php HTTP/1.1" 200 5360
::1 - - [28/Sep/2022:08:59:40 +0200] "GET /my-app/blogEntry.php HTTP/1.1" 200 15166
::1 - - [28/Sep/2022:08:59:48 +0200] "GET /my-app/blogEntry.php HTTP/1.1" 200 13491
::1 - - [28/Sep/2022:09:00:09 +0200] "GET /my-app/blogEntry HTTP/1.1" 404 313
::1 - - [28/Sep/2022:09:00:14 +0200] "POST /my-app/blogEntry.php HTTP/1.1" 200 11964
::1 - - [28/Sep/2022:09:00:29 +0200] "POST /my-app/blogEntry.php HTTP/1.1" 200 13007
::1 - - [28/Sep/2022:09:00:44 +0200] "POST /my-app/blogEntry.php HTTP/1.1" 200 19491
::1 - - [28/Sep/2022:09:01:02 +0200] "POST /my-app/blogEntry.php HTTP/1.1" 200 6428
::1 - - [28/Sep/2022:09:01:10 +0200] "POST /my-app/blogEntry.php HTTP/1.1" 200 575
::1 - - [28/Sep/2022:09:01:22 +0200] "POST /my-app/blogEntry.php HTTP/1.1" 200 645
::1 - - [28/Sep/2022:09:01:27 +0200] "GET /mysql/sql.php?db=db_blog&table=t_message&token=e753615a08364b4b784c3223e0cffbd8&pos=0 HTTP/1.1" 200 14827
::1 - - [28/Sep/2022:09:01:27 +0200] "GET /mysql/index.php?ajax_request=1&recent_table=1&token=e753615a08364b4b784c3223e0cffbd8&no_debug=true&_nocache=1664348487851794238 HTTP/1.1" 200 1430
::1 - - [28/Sep/2022:09:01:27 +0200] "POST /mysql/navigation.php?ajax_request=1&token=e753615a08364b4b784c3223e0cffbd8 HTTP/1.1" 200 2480
::1 - - [28/Sep/2022:09:01:29 +0200] "GET /mysql/sql.php?db=db_blog&table=t_message&sql_query=DELETE+FROM+%60t_message%60+WHERE+%60t_message%60.%60idMessage%60+%3D+10&message_to_show=La+ligne+a+%C3%A9t%C3%A9+effac%C3%A9e.&goto=sql.php%3Fdb%3Ddb_blog%26table%3Dt_message%26sql_query%3DSELECT%2B%252A%2BFROM%2B%2560t_message%2560%26message_to_show%3DLa%2Bligne%2Ba%2B%25C3%25A9t%25C3%25A9%2Beffac%25C3%25A9e.%26goto%3Dtbl_sql.php%26token%3De753615a08364b4b784c3223e0cffbd8&token=e753615a08364b4b784c3223e0cffbd8&ajax_request=true&ajax_page_request=true&_nocache=1664348489823789025 HTTP/1.1" 200 4465
::1 - - [28/Sep/2022:09:01:30 +0200] "GET /mysql/index.php?ajax_request=1&recent_table=1&token=e753615a08364b4b784c3223e0cffbd8&no_debug=true&_nocache=1664348490032946414 HTTP/1.1" 200 1430
::1 - - [28/Sep/2022:09:01:31 +0200] "GET /mysql/sql.php?db=db_blog&table=t_message&token=e753615a08364b4b784c3223e0cffbd8&pos=0&ajax_request=true&ajax_page_request=true&_nocache=1664348491002768120 HTTP/1.1" 200 8774
::1 - - [28/Sep/2022:09:01:31 +0200] "GET /mysql/index.php?ajax_request=1&recent_table=1&token=e753615a08364b4b784c3223e0cffbd8&no_debug=true&_nocache=1664348491226683789 HTTP/1.1" 200 1430
::1 - - [28/Sep/2022:09:01:35 +0200] "POST /mysql/tbl_row_action.php HTTP/1.1" 200 1986
::1 - - [28/Sep/2022:09:01:36 +0200] "GET /mysql/index.php?ajax_request=1&recent_table=1&token=e753615a08364b4b784c3223e0cffbd8&no_debug=true&_nocache=1664348496046729551 HTTP/1.1" 200 1430
::1 - - [28/Sep/2022:09:01:37 +0200] "POST /mysql/tbl_row_action.php HTTP/1.1" 200 6175
::1 - - [28/Sep/2022:09:01:37 +0200] "GET /mysql/index.php?ajax_request=1&recent_table=1&token=e753615a08364b4b784c3223e0cffbd8&no_debug=true&_nocache=16643484973967576 HTTP/1.1" 200 1430
::1 - - [28/Sep/2022:09:01:44 +0200] "POST /mysql/tbl_row_action.php HTTP/1.1" 200 2031
::1 - - [28/Sep/2022:09:01:44 +0200] "GET /mysql/index.php?ajax_request=1&recent_table=1&token=e753615a08364b4b784c3223e0cffbd8&no_debug=true&_nocache=1664348504230268710 HTTP/1.1" 200 1430
::1 - - [28/Sep/2022:09:01:45 +0200] "POST /mysql/tbl_row_action.php HTTP/1.1" 200 5140
::1 - - [28/Sep/2022:09:01:45 +0200] "GET /mysql/index.php?ajax_request=1&recent_table=1&token=e753615a08364b4b784c3223e0cffbd8&no_debug=true&_nocache=1664348505406349956 HTTP/1.1" 200 1430
::1 - - [28/Sep/2022:09:03:12 +0200] "POST /my-app/blogEntry.php HTTP/1.1" 200 569
::1 - - [28/Sep/2022:09:03:17 +0200] "GET /mysql/sql.php?db=db_blog&table=t_message&token=e753615a08364b4b784c3223e0cffbd8&pos=0 HTTP/1.1" 200 13903
::1 - - [28/Sep/2022:09:03:18 +0200] "GET /mysql/index.php?ajax_request=1&recent_table=1&token=e753615a08364b4b784c3223e0cffbd8&no_debug=true&_nocache=1664348598046993992 HTTP/1.1" 200 1430
::1 - - [28/Sep/2022:09:03:18 +0200] "POST /mysql/navigation.php?ajax_request=1&token=e753615a08364b4b784c3223e0cffbd8 HTTP/1.1" 200 2480
::1 - - [28/Sep/2022:09:13:52 +0200] "POST /my-app/blogEntry.php HTTP/1.1" 200 1971
::1 - - [28/Sep/2022:09:14:12 +0200] "POST /my-app/blogEntry.php HTTP/1.1" 200 3530
::1 - - [28/Sep/2022:09:14:24 +0200] "POST /my-app/blogEntry.php HTTP/1.1" 200 1609
::1 - - [28/Sep/2022:09:24:41 +0200] "POST /mysql/tbl_replace.php HTTP/1.1" 200 1979
::1 - - [28/Sep/2022:09:24:56 +0200] "POST /my-app/blogEntry.php HTTP/1.1" 200 2502
::1 - - [28/Sep/2022:09:25:37 +0200] "GET / HTTP/1.1" 200 435
::1 - - [28/Sep/2022:09:25:37 +0200] "GET / HTTP/1.1" 200 435
::1 - - [28/Sep/2022:09:25:39 +0200] "POST /my-app/blogEntry.php HTTP/1.1" 200 2518
::1 - - [28/Sep/2022:09:26:18 +0200] "GET /mysql/sql.php?db=db_blog&table=t_message&token=e753615a08364b4b784c3223e0cffbd8&pos=0 HTTP/1.1" 200 14050
::1 - - [28/Sep/2022:09:26:18 +0200] "GET /mysql/index.php?ajax_request=1&recent_table=1&token=e753615a08364b4b784c3223e0cffbd8&no_debug=true&_nocache=1664349978585983173 HTTP/1.1" 200 1430
::1 - - [28/Sep/2022:09:26:18 +0200] "POST /mysql/navigation.php?ajax_request=1&token=e753615a08364b4b784c3223e0cffbd8 HTTP/1.1" 200 2480
::1 - - [28/Sep/2022:09:26:24 +0200] "POST /my-app/blogEntry.php HTTP/1.1" 200 343
::1 - - [28/Sep/2022:09:26:28 +0200] "POST /my-app/blogEntry.php HTTP/1.1" 200 2518
::1 - - [28/Sep/2022:09:27:44 +0200] "GET /mysql/sql.php?db=db_blog&table=t_message&token=e753615a08364b4b784c3223e0cffbd8&pos=0 HTTP/1.1" 200 14140
::1 - - [28/Sep/2022:09:27:44 +0200] "GET /mysql/index.php?ajax_request=1&recent_table=1&token=e753615a08364b4b784c3223e0cffbd8&no_debug=true&_nocache=1664350064591520198 HTTP/1.1" 200 1430
::1 - - [28/Sep/2022:09:27:44 +0200] "POST /mysql/navigation.php?ajax_request=1&token=e753615a08364b4b784c3223e0cffbd8 HTTP/1.1" 200 2480
::1 - - [28/Sep/2022:09:27:57 +0200] "POST /my-app/blogEntry.php HTTP/1.1" 200 2518
::1 - - [28/Sep/2022:09:28:19 +0200] "POST /my-app/blogEntry.php HTTP/1.1" 200 392
::1 - - [28/Sep/2022:09:29:30 +0200] "GET /mysql/sql.php?db=db_blog&table=t_message&token=e753615a08364b4b784c3223e0cffbd8&pos=0 HTTP/1.1" 200 14694
::1 - - [28/Sep/2022:09:29:30 +0200] "GET /mysql/index.php?ajax_request=1&recent_table=1&token=e753615a08364b4b784c3223e0cffbd8&no_debug=true&_nocache=1664350170843220408 HTTP/1.1" 200 1430
::1 - - [28/Sep/2022:09:29:30 +0200] "POST /mysql/navigation.php?ajax_request=1&token=e753615a08364b4b784c3223e0cffbd8 HTTP/1.1" 200 2480
::1 - - [28/Sep/2022:09:53:26 +0200] "POST /mysql/index.php HTTP/1.1" 200 1543
::1 - - [28/Sep/2022:10:12:03 +0200] "POST /mysql/index.php HTTP/1.1" 200 1543
::1 - - [28/Sep/2022:10:18:32 +0200] "POST /mysql/index.php HTTP/1.1" 200 1543
::1 - - [28/Sep/2022:10:38:05 +0200] "POST /mysql/index.php HTTP/1.1" 200 1543
::1 - - [28/Sep/2022:10:56:47 +0200] "POST /mysql/index.php HTTP/1.1" 200 1543
::1 - - [28/Sep/2022:11:17:28 +0200] "POST /mysql/index.php HTTP/1.1" 200 1543
