2022-02-04T10:04:30.545939Z 0 [Warning] TIMESTAMP with implicit DEFAULT value is deprecated. Please use --explicit_defaults_for_timestamp server option (see documentation for more details).
2022-02-04T10:04:30.545939Z 0 [Warning] 'NO_ZERO_DATE', 'NO_ZERO_IN_DATE' and 'ERROR_FOR_DIVISION_BY_ZERO' sql modes should be used with strict mode. They will be merged with strict mode in a future release.
2022-02-04T10:04:30.545939Z 0 [Warning] 'NO_AUTO_CREATE_USER' sql mode was not set.
2022-02-04T10:04:30.545939Z 0 [Warning] Insecure configuration for --secure-file-priv: Current value does not restrict location of generated files. Consider setting it to a valid, non-empty path.
2022-02-04T10:04:30.545939Z 0 [ERROR] Cannot open Windows EventLog; check privileges, or start server with --log_syslog=0
2022-02-04T10:04:30.545939Z 0 [Note] H:\02-Autres\01.2-UwAmp\bin\database\mysql-5.7.11\bin\mysqld.exe (mysqld 5.7.11) starting as process 9096 ...
2022-02-04T10:04:30.592802Z 0 [ERROR] Can't open shared library 'H:\02-Autres\01.2-UwAmp\bin\database\mysql-5.7.11\lib\plugin\keyring_file.dll' (errno: 126 Le module spécifié est introuvable.)
2022-02-04T10:04:30.592802Z 0 [ERROR] Couldn't load plugin named 'keyring_file' with soname 'keyring_file.dll'.
2022-02-04T10:04:30.592802Z 0 [Note] InnoDB: Mutexes and rw_locks use Windows interlocked functions
2022-02-04T10:04:30.592802Z 0 [Note] InnoDB: Uses event mutexes
2022-02-04T10:04:30.592802Z 0 [Note] InnoDB: Memory barrier is not used
2022-02-04T10:04:30.592802Z 0 [Note] InnoDB: Compressed tables use zlib 1.2.3
2022-02-04T10:04:30.592802Z 0 [Note] InnoDB: Number of pools: 1
2022-02-04T10:04:30.592802Z 0 [Note] InnoDB: Not using CPU crc32 instructions
2022-02-04T10:04:30.624045Z 0 [Note] InnoDB: Initializing buffer pool, total size = 128M, instances = 1, chunk size = 128M
2022-02-04T10:04:30.624045Z 0 [Note] InnoDB: Completed initialization of buffer pool
2022-02-04T10:04:30.657210Z 0 [Note] InnoDB: The first innodb_system data file 'ibdata1' did not exist. A new tablespace will be created!
2022-02-04T10:04:30.659204Z 0 [Note] InnoDB: Setting file '.\ibdata1' size to 12 MB. Physically writing the file full; Please wait ...
2022-02-04T10:04:30.821981Z 0 [Note] InnoDB: File '.\ibdata1' size is now 12 MB.
2022-02-04T10:04:30.829191Z 0 [Note] InnoDB: Setting log file .\ib_logfile101 size to 48 MB
2022-02-04T10:04:31.447594Z 0 [Note] InnoDB: Setting log file .\ib_logfile1 size to 48 MB
2022-02-04T10:04:32.321706Z 0 [Note] InnoDB: Renaming log file .\ib_logfile101 to .\ib_logfile0
2022-02-04T10:04:32.337327Z 0 [Warning] InnoDB: New log files created, LSN=45790
2022-02-04T10:04:32.337327Z 0 [Note] InnoDB: Creating shared tablespace for temporary tables
2022-02-04T10:04:32.352948Z 0 [Note] InnoDB: Setting file '.\ibtmp1' size to 12 MB. Physically writing the file full; Please wait ...
2022-02-04T10:04:32.556031Z 0 [Note] InnoDB: File '.\ibtmp1' size is now 12 MB.
2022-02-04T10:04:32.571644Z 0 [Note] InnoDB: Doublewrite buffer not found: creating new
2022-02-04T10:04:32.602887Z 0 [Note] InnoDB: Doublewrite buffer created
2022-02-04T10:04:32.602887Z 0 [Note] InnoDB: 96 redo rollback segment(s) found. 96 redo rollback segment(s) are active.
2022-02-04T10:04:32.602887Z 0 [Note] InnoDB: 32 non-redo rollback segment(s) are active.
2022-02-04T10:04:32.602887Z 0 [Warning] InnoDB: Creating foreign key constraint system tables.
2022-02-04T10:04:32.618509Z 0 [Note] InnoDB: Foreign key constraint system tables created
2022-02-04T10:04:32.618509Z 0 [Note] InnoDB: Creating tablespace and datafile system tables.
2022-02-04T10:04:32.634130Z 0 [Note] InnoDB: Tablespace and datafile system tables created.
2022-02-04T10:04:32.634130Z 0 [Note] InnoDB: Creating sys_virtual system tables.
2022-02-04T10:04:32.634130Z 0 [Note] InnoDB: sys_virtual table created
2022-02-04T10:04:32.634130Z 0 [Note] InnoDB: Waiting for purge to start
2022-02-04T10:04:32.696619Z 0 [Note] InnoDB: 5.7.11 started; log sequence number 0
2022-02-04T10:04:32.696619Z 0 [Note] Plugin 'FEDERATED' is disabled.
2022-02-04T10:04:32.714975Z 0 [Warning] InnoDB: Cannot open table mysql/plugin from the internal data dictionary of InnoDB though the .frm file for the table exists. Please refer to http://dev.mysql.com/doc/refman/5.7/en/innodb-troubleshooting.html for how to resolve the issue.
mysqld: Table 'mysql.plugin' doesn't exist
2022-02-04T10:04:32.716537Z 0 [ERROR] Can't open the mysql.plugin table. Please run mysql_upgrade to create it.
2022-02-04T10:04:32.733851Z 0 [Warning] InnoDB: Cannot open table mysql/gtid_executed from the internal data dictionary of InnoDB though the .frm file for the table exists. Please refer to http://dev.mysql.com/doc/refman/5.7/en/innodb-troubleshooting.html for how to resolve the issue.
mysqld: Table 'mysql.gtid_executed' doesn't exist
2022-02-04T10:04:32.733851Z 0 [Warning] Gtid table is not ready to be used. Table 'mysql.gtid_executed' cannot be opened.
2022-02-04T10:04:32.733851Z 0 [Warning] Failed to set up SSL because of the following SSL library error: SSL context is not usable without certificate and private key
2022-02-04T10:04:32.749475Z 0 [Note] Server hostname (bind-address): '*'; port: 3306
2022-02-04T10:04:32.749475Z 0 [Note] IPv6 is available.
2022-02-04T10:04:32.749475Z 0 [Note]   - '::' resolves to '::';
2022-02-04T10:04:32.749475Z 0 [Note] Server socket created on IP: '::'.
2022-02-04T10:04:32.765096Z 0 [Warning] InnoDB: Cannot open table mysql/server_cost from the internal data dictionary of InnoDB though the .frm file for the table exists. Please refer to http://dev.mysql.com/doc/refman/5.7/en/innodb-troubleshooting.html for how to resolve the issue.
2022-02-04T10:04:32.765096Z 0 [Warning] Failed to open optimizer cost constant tables

2022-02-04T10:04:32.901327Z 0 [Warning] Found invalid password for user: 'recettes_user@localhost'; Ignoring user
2022-02-04T10:04:32.901327Z 0 [Warning] InnoDB: Cannot open table mysql/time_zone_leap_second from the internal data dictionary of InnoDB though the .frm file for the table exists. Please refer to http://dev.mysql.com/doc/refman/5.7/en/innodb-troubleshooting.html for how to resolve the issue.
2022-02-04T10:04:32.901327Z 0 [Warning] Can't open and lock time zone table: Table 'mysql.time_zone_leap_second' doesn't exist trying to live without them
2022-02-04T10:04:33.109481Z 0 [Warning] InnoDB: Cannot open table mysql/servers from the internal data dictionary of InnoDB though the .frm file for the table exists. Please refer to http://dev.mysql.com/doc/refman/5.7/en/innodb-troubleshooting.html for how to resolve the issue.
2022-02-04T10:04:33.110478Z 0 [ERROR] Can't open and lock privilege tables: Table 'mysql.servers' doesn't exist
2022-02-04T10:04:34.312201Z 0 [Note] Event Scheduler: Loaded 0 events
2022-02-04T10:04:34.312201Z 0 [Note] H:\02-Autres\01.2-UwAmp\bin\database\mysql-5.7.11\bin\mysqld.exe: ready for connections.
Version: '5.7.11'  socket: ''  port: 3306  MySQL Community Server (GPL)
2022-02-04T10:05:18.986660Z 5 [Warning] InnoDB: Cannot open table phpmyadmin/pma__relation from the internal data dictionary of InnoDB though the .frm file for the table exists. Please refer to http://dev.mysql.com/doc/refman/5.7/en/innodb-troubleshooting.html for how to resolve the issue.
2022-02-04T10:05:19.055272Z 5 [Warning] InnoDB: Cannot open table phpmyadmin/pma__table_info from the internal data dictionary of InnoDB though the .frm file for the table exists. Please refer to http://dev.mysql.com/doc/refman/5.7/en/innodb-troubleshooting.html for how to resolve the issue.
2022-02-04T10:05:19.071645Z 5 [Warning] InnoDB: Cannot open table phpmyadmin/pma__table_coords from the internal data dictionary of InnoDB though the .frm file for the table exists. Please refer to http://dev.mysql.com/doc/refman/5.7/en/innodb-troubleshooting.html for how to resolve the issue.
2022-02-04T10:05:19.085473Z 5 [Warning] InnoDB: Cannot open table phpmyadmin/pma__column_info from the internal data dictionary of InnoDB though the .frm file for the table exists. Please refer to http://dev.mysql.com/doc/refman/5.7/en/innodb-troubleshooting.html for how to resolve the issue.
2022-02-04T10:05:19.102631Z 5 [Warning] InnoDB: Cannot open table phpmyadmin/pma__history from the internal data dictionary of InnoDB though the .frm file for the table exists. Please refer to http://dev.mysql.com/doc/refman/5.7/en/innodb-troubleshooting.html for how to resolve the issue.
2022-02-04T10:05:19.169374Z 5 [Warning] InnoDB: Cannot open table phpmyadmin/pma__recent from the internal data dictionary of InnoDB though the .frm file for the table exists. Please refer to http://dev.mysql.com/doc/refman/5.7/en/innodb-troubleshooting.html for how to resolve the issue.
2022-02-04T10:05:19.223790Z 5 [Warning] InnoDB: Cannot open table phpmyadmin/pma__favorite from the internal data dictionary of InnoDB though the .frm file for the table exists. Please refer to http://dev.mysql.com/doc/refman/5.7/en/innodb-troubleshooting.html for how to resolve the issue.
2022-02-04T10:05:19.293513Z 5 [Warning] InnoDB: Cannot open table phpmyadmin/pma__table_uiprefs from the internal data dictionary of InnoDB though the .frm file for the table exists. Please refer to http://dev.mysql.com/doc/refman/5.7/en/innodb-troubleshooting.html for how to resolve the issue.
2022-02-04T10:05:19.337203Z 5 [Warning] InnoDB: Cannot open table phpmyadmin/pma__tracking from the internal data dictionary of InnoDB though the .frm file for the table exists. Please refer to http://dev.mysql.com/doc/refman/5.7/en/innodb-troubleshooting.html for how to resolve the issue.
2022-02-04T10:05:19.375915Z 5 [Warning] InnoDB: Cannot open table phpmyadmin/pma__userconfig from the internal data dictionary of InnoDB though the .frm file for the table exists. Please refer to http://dev.mysql.com/doc/refman/5.7/en/innodb-troubleshooting.html for how to resolve the issue.
2022-02-04T10:05:19.391946Z 5 [Warning] InnoDB: Cannot open table phpmyadmin/pma__bookmark from the internal data dictionary of InnoDB though the .frm file for the table exists. Please refer to http://dev.mysql.com/doc/refman/5.7/en/innodb-troubleshooting.html for how to resolve the issue.
2022-02-04T10:05:19.456142Z 5 [Warning] InnoDB: Cannot open table phpmyadmin/pma__users from the internal data dictionary of InnoDB though the .frm file for the table exists. Please refer to http://dev.mysql.com/doc/refman/5.7/en/innodb-troubleshooting.html for how to resolve the issue.
2022-02-04T10:05:19.464905Z 5 [Warning] InnoDB: Cannot open table phpmyadmin/pma__navigationhiding from the internal data dictionary of InnoDB though the .frm file for the table exists. Please refer to http://dev.mysql.com/doc/refman/5.7/en/innodb-troubleshooting.html for how to resolve the issue.
2022-02-04T10:05:19.532506Z 5 [Warning] InnoDB: Cannot open table phpmyadmin/pma__savedsearches from the internal data dictionary of InnoDB though the .frm file for the table exists. Please refer to http://dev.mysql.com/doc/refman/5.7/en/innodb-troubleshooting.html for how to resolve the issue.
2022-02-04T10:05:19.604928Z 5 [Warning] InnoDB: Cannot open table phpmyadmin/pma__central_columns from the internal data dictionary of InnoDB though the .frm file for the table exists. Please refer to http://dev.mysql.com/doc/refman/5.7/en/innodb-troubleshooting.html for how to resolve the issue.
2022-02-04T10:05:19.620303Z 5 [Warning] InnoDB: Cannot open table phpmyadmin/pma__designer_settings from the internal data dictionary of InnoDB though the .frm file for the table exists. Please refer to http://dev.mysql.com/doc/refman/5.7/en/innodb-troubleshooting.html for how to resolve the issue.
2022-02-04T10:05:19.635359Z 5 [Warning] InnoDB: Cannot open table phpmyadmin/pma__export_templates from the internal data dictionary of InnoDB though the .frm file for the table exists. Please refer to http://dev.mysql.com/doc/refman/5.7/en/innodb-troubleshooting.html for how to resolve the issue.
2022-02-04T10:07:16.198427Z 34 [ERROR] InnoDB: Table `mysql`.`innodb_table_stats` not found.
2022-02-04T10:07:16.198427Z 34 [ERROR] InnoDB: Table `mysql`.`innodb_table_stats` not found.
2022-02-04T10:07:16.198427Z 34 [ERROR] InnoDB: Fetch of persistent statistics requested for table `projet`.`test` but the required system tables mysql.innodb_table_stats and mysql.innodb_index_stats are not present or have unexpected structure. Using transient stats instead.
