2022-03-16T09:56:55.060573Z 0 [Warning] TIMESTAMP with implicit DEFAULT value is deprecated. Please use --explicit_defaults_for_timestamp server option (see documentation for more details).
2022-03-16T09:56:55.060573Z 0 [Warning] 'NO_ZERO_DATE', 'NO_ZERO_IN_DATE' and 'ERROR_FOR_DIVISION_BY_ZERO' sql modes should be used with strict mode. They will be merged with strict mode in a future release.
2022-03-16T09:56:55.060573Z 0 [Warning] 'NO_AUTO_CREATE_USER' sql mode was not set.
2022-03-16T09:56:55.060573Z 0 [Warning] Insecure configuration for --secure-file-priv: Current value does not restrict location of generated files. Consider setting it to a valid, non-empty path.
2022-03-16T09:56:55.061563Z 0 [ERROR] Cannot open Windows EventLog; check privileges, or start server with --log_syslog=0
2022-03-16T09:56:55.061563Z 0 [Note] C:\Users\damloup\Desktop\Cours\bin\database\mysql-5.7.11\bin\mysqld.exe (mysqld 5.7.11) starting as process 7756 ...
2022-03-16T09:56:55.087577Z 0 [ERROR] Can't open shared library 'C:\Users\damloup\Desktop\Cours\bin\database\mysql-5.7.11\lib\plugin\keyring_file.dll' (errno: 126 Le module spécifié est introuvable.)
2022-03-16T09:56:55.089564Z 0 [ERROR] Couldn't load plugin named 'keyring_file' with soname 'keyring_file.dll'.
2022-03-16T09:56:55.091567Z 0 [Note] InnoDB: Mutexes and rw_locks use Windows interlocked functions
2022-03-16T09:56:55.092563Z 0 [Note] InnoDB: Uses event mutexes
2022-03-16T09:56:55.093584Z 0 [Note] InnoDB: Memory barrier is not used
2022-03-16T09:56:55.094562Z 0 [Note] InnoDB: Compressed tables use zlib 1.2.3
2022-03-16T09:56:55.095562Z 0 [Note] InnoDB: Number of pools: 1
2022-03-16T09:56:55.096562Z 0 [Note] InnoDB: Not using CPU crc32 instructions
2022-03-16T09:56:55.163562Z 0 [Note] InnoDB: Initializing buffer pool, total size = 128M, instances = 1, chunk size = 128M
2022-03-16T09:56:55.170597Z 0 [Note] InnoDB: Completed initialization of buffer pool
2022-03-16T09:56:55.234561Z 0 [Note] InnoDB: Highest supported file format is Barracuda.
2022-03-16T09:56:55.274276Z 0 [Note] InnoDB: Creating shared tablespace for temporary tables
2022-03-16T09:56:55.289862Z 0 [Note] InnoDB: Setting file '.\ibtmp1' size to 12 MB. Physically writing the file full; Please wait ...
2022-03-16T09:56:55.321113Z 0 [Note] InnoDB: File '.\ibtmp1' size is now 12 MB.
2022-03-16T09:56:55.321113Z 0 [Note] InnoDB: 96 redo rollback segment(s) found. 96 redo rollback segment(s) are active.
2022-03-16T09:56:55.321113Z 0 [Note] InnoDB: 32 non-redo rollback segment(s) are active.
2022-03-16T09:56:55.336739Z 0 [Note] InnoDB: Waiting for purge to start
2022-03-16T09:56:55.399237Z 0 [Note] InnoDB: 5.7.11 started; log sequence number 1285714
2022-03-16T09:56:55.399237Z 0 [Note] InnoDB: Loading buffer pool(s) from C:\Users\damloup\Desktop\Cours\bin\database\mysql-5.7.11\data\ib_buffer_pool
2022-03-16T09:56:55.399237Z 0 [Note] Plugin 'FEDERATED' is disabled.
2022-03-16T09:56:55.399237Z 0 [Note] InnoDB: Buffer pool(s) load completed at 220316 10:56:55
2022-03-16T09:56:55.414863Z 0 [Warning] InnoDB: Cannot open table mysql/plugin from the internal data dictionary of InnoDB though the .frm file for the table exists. Please refer to http://dev.mysql.com/doc/refman/5.7/en/innodb-troubleshooting.html for how to resolve the issue.
mysqld: Table 'mysql.plugin' doesn't exist
2022-03-16T09:56:55.414863Z 0 [ERROR] Can't open the mysql.plugin table. Please run mysql_upgrade to create it.
2022-03-16T09:56:55.414863Z 0 [Warning] InnoDB: Cannot open table mysql/gtid_executed from the internal data dictionary of InnoDB though the .frm file for the table exists. Please refer to http://dev.mysql.com/doc/refman/5.7/en/innodb-troubleshooting.html for how to resolve the issue.
mysqld: Table 'mysql.gtid_executed' doesn't exist
2022-03-16T09:56:55.430492Z 0 [Warning] Gtid table is not ready to be used. Table 'mysql.gtid_executed' cannot be opened.
2022-03-16T09:56:55.430492Z 0 [Warning] Failed to set up SSL because of the following SSL library error: SSL context is not usable without certificate and private key
2022-03-16T09:56:55.430492Z 0 [Note] Server hostname (bind-address): '*'; port: 3306
2022-03-16T09:56:55.430492Z 0 [Note] IPv6 is available.
2022-03-16T09:56:55.430492Z 0 [Note]   - '::' resolves to '::';
2022-03-16T09:56:55.430492Z 0 [Note] Server socket created on IP: '::'.
2022-03-16T09:56:55.446113Z 0 [Warning] InnoDB: Cannot open table mysql/server_cost from the internal data dictionary of InnoDB though the .frm file for the table exists. Please refer to http://dev.mysql.com/doc/refman/5.7/en/innodb-troubleshooting.html for how to resolve the issue.
2022-03-16T09:56:55.446113Z 0 [Warning] Failed to open optimizer cost constant tables

2022-03-16T09:56:55.492986Z 0 [Warning] InnoDB: Cannot open table mysql/time_zone_leap_second from the internal data dictionary of InnoDB though the .frm file for the table exists. Please refer to http://dev.mysql.com/doc/refman/5.7/en/innodb-troubleshooting.html for how to resolve the issue.
2022-03-16T09:56:55.492986Z 0 [Warning] Can't open and lock time zone table: Table 'mysql.time_zone_leap_second' doesn't exist trying to live without them
2022-03-16T09:56:55.524236Z 0 [Warning] InnoDB: Cannot open table mysql/servers from the internal data dictionary of InnoDB though the .frm file for the table exists. Please refer to http://dev.mysql.com/doc/refman/5.7/en/innodb-troubleshooting.html for how to resolve the issue.
2022-03-16T09:56:55.524236Z 0 [ERROR] Can't open and lock privilege tables: Table 'mysql.servers' doesn't exist
2022-03-16T09:56:56.039857Z 0 [Note] Event Scheduler: Loaded 0 events
2022-03-16T09:56:56.039857Z 0 [Note] C:\Users\damloup\Desktop\Cours\bin\database\mysql-5.7.11\bin\mysqld.exe: ready for connections.
Version: '5.7.11'  socket: ''  port: 3306  MySQL Community Server (GPL)
2022-03-16T09:56:58.070536Z 2 [Note] Access denied for user ''@'localhost' (using password: NO)
2022-03-16T09:59:58.754674Z 3 [Note] Access denied for user ''@'localhost' (using password: NO)
2022-03-16T10:00:54.373488Z 4 [Note] Access denied for user ''@'localhost' (using password: NO)
2022-03-16T10:01:01.980524Z 5 [Note] Access denied for user ''@'localhost' (using password: NO)
2022-03-16T10:01:24.468736Z 6 [Note] Access denied for user ''@'localhost' (using password: NO)
2022-03-16T10:01:25.035540Z 7 [Note] Access denied for user ''@'localhost' (using password: NO)
2022-03-16T10:01:25.241769Z 8 [Note] Access denied for user ''@'localhost' (using password: NO)
2022-03-16T10:01:57.028362Z 9 [Note] Access denied for user ''@'localhost' (using password: NO)
2022-03-16T10:03:06.065680Z 10 [ERROR] InnoDB: Table `mysql`.`innodb_table_stats` not found.
2022-03-16T10:03:06.065680Z 10 [ERROR] InnoDB: Fetch of persistent statistics requested for table `db_nickname_damloup`.`t_teacher` but the required system tables mysql.innodb_table_stats and mysql.innodb_index_stats are not present or have unexpected structure. Using transient stats instead.
2022-03-16T10:03:11.355557Z 11 [ERROR] InnoDB: Table `mysql`.`innodb_table_stats` not found.
2022-03-16T10:03:11.356558Z 11 [ERROR] InnoDB: Fetch of persistent statistics requested for table `db_nickname_damloup`.`t_section` but the required system tables mysql.innodb_table_stats and mysql.innodb_index_stats are not present or have unexpected structure. Using transient stats instead.
2022-03-16T10:15:01.455503Z 33 [Warning] InnoDB: Cannot open table phpmyadmin/pma__relation from the internal data dictionary of InnoDB though the .frm file for the table exists. Please refer to http://dev.mysql.com/doc/refman/5.7/en/innodb-troubleshooting.html for how to resolve the issue.
2022-03-16T10:15:01.461510Z 33 [Warning] InnoDB: Cannot open table phpmyadmin/pma__table_info from the internal data dictionary of InnoDB though the .frm file for the table exists. Please refer to http://dev.mysql.com/doc/refman/5.7/en/innodb-troubleshooting.html for how to resolve the issue.
2022-03-16T10:15:01.467505Z 33 [Warning] InnoDB: Cannot open table phpmyadmin/pma__table_coords from the internal data dictionary of InnoDB though the .frm file for the table exists. Please refer to http://dev.mysql.com/doc/refman/5.7/en/innodb-troubleshooting.html for how to resolve the issue.
2022-03-16T10:15:01.472506Z 33 [Warning] InnoDB: Cannot open table phpmyadmin/pma__column_info from the internal data dictionary of InnoDB though the .frm file for the table exists. Please refer to http://dev.mysql.com/doc/refman/5.7/en/innodb-troubleshooting.html for how to resolve the issue.
2022-03-16T10:15:01.478505Z 33 [Warning] InnoDB: Cannot open table phpmyadmin/pma__history from the internal data dictionary of InnoDB though the .frm file for the table exists. Please refer to http://dev.mysql.com/doc/refman/5.7/en/innodb-troubleshooting.html for how to resolve the issue.
2022-03-16T10:15:01.483504Z 33 [Warning] InnoDB: Cannot open table phpmyadmin/pma__recent from the internal data dictionary of InnoDB though the .frm file for the table exists. Please refer to http://dev.mysql.com/doc/refman/5.7/en/innodb-troubleshooting.html for how to resolve the issue.
2022-03-16T10:15:01.488507Z 33 [Warning] InnoDB: Cannot open table phpmyadmin/pma__favorite from the internal data dictionary of InnoDB though the .frm file for the table exists. Please refer to http://dev.mysql.com/doc/refman/5.7/en/innodb-troubleshooting.html for how to resolve the issue.
2022-03-16T10:15:01.494508Z 33 [Warning] InnoDB: Cannot open table phpmyadmin/pma__table_uiprefs from the internal data dictionary of InnoDB though the .frm file for the table exists. Please refer to http://dev.mysql.com/doc/refman/5.7/en/innodb-troubleshooting.html for how to resolve the issue.
2022-03-16T10:15:01.501503Z 33 [Warning] InnoDB: Cannot open table phpmyadmin/pma__tracking from the internal data dictionary of InnoDB though the .frm file for the table exists. Please refer to http://dev.mysql.com/doc/refman/5.7/en/innodb-troubleshooting.html for how to resolve the issue.
2022-03-16T10:15:01.506503Z 33 [Warning] InnoDB: Cannot open table phpmyadmin/pma__userconfig from the internal data dictionary of InnoDB though the .frm file for the table exists. Please refer to http://dev.mysql.com/doc/refman/5.7/en/innodb-troubleshooting.html for how to resolve the issue.
2022-03-16T10:15:01.512503Z 33 [Warning] InnoDB: Cannot open table phpmyadmin/pma__bookmark from the internal data dictionary of InnoDB though the .frm file for the table exists. Please refer to http://dev.mysql.com/doc/refman/5.7/en/innodb-troubleshooting.html for how to resolve the issue.
2022-03-16T10:15:01.518506Z 33 [Warning] InnoDB: Cannot open table phpmyadmin/pma__users from the internal data dictionary of InnoDB though the .frm file for the table exists. Please refer to http://dev.mysql.com/doc/refman/5.7/en/innodb-troubleshooting.html for how to resolve the issue.
2022-03-16T10:15:01.523503Z 33 [Warning] InnoDB: Cannot open table phpmyadmin/pma__navigationhiding from the internal data dictionary of InnoDB though the .frm file for the table exists. Please refer to http://dev.mysql.com/doc/refman/5.7/en/innodb-troubleshooting.html for how to resolve the issue.
2022-03-16T10:15:01.528507Z 33 [Warning] InnoDB: Cannot open table phpmyadmin/pma__savedsearches from the internal data dictionary of InnoDB though the .frm file for the table exists. Please refer to http://dev.mysql.com/doc/refman/5.7/en/innodb-troubleshooting.html for how to resolve the issue.
2022-03-16T10:15:01.534510Z 33 [Warning] InnoDB: Cannot open table phpmyadmin/pma__central_columns from the internal data dictionary of InnoDB though the .frm file for the table exists. Please refer to http://dev.mysql.com/doc/refman/5.7/en/innodb-troubleshooting.html for how to resolve the issue.
2022-03-16T10:15:01.539509Z 33 [Warning] InnoDB: Cannot open table phpmyadmin/pma__designer_settings from the internal data dictionary of InnoDB though the .frm file for the table exists. Please refer to http://dev.mysql.com/doc/refman/5.7/en/innodb-troubleshooting.html for how to resolve the issue.
2022-03-16T10:15:01.546507Z 33 [Warning] InnoDB: Cannot open table phpmyadmin/pma__export_templates from the internal data dictionary of InnoDB though the .frm file for the table exists. Please refer to http://dev.mysql.com/doc/refman/5.7/en/innodb-troubleshooting.html for how to resolve the issue.
2022-03-16T10:15:08.268865Z 44 [ERROR] InnoDB: Table `mysql`.`innodb_table_stats` not found.
2022-03-16T10:15:08.269866Z 44 [ERROR] InnoDB: Fetch of persistent statistics requested for table `db_nickname_damloup`.`t_user` but the required system tables mysql.innodb_table_stats and mysql.innodb_index_stats are not present or have unexpected structure. Using transient stats instead.
2022-03-16T10:20:15.581048Z 0 [Note] C:\Users\damloup\Desktop\Cours\bin\database\mysql-5.7.11\bin\mysqld.exe: Normal shutdown

2022-03-16T10:20:15.581048Z 0 [Note] Giving 0 client threads a chance to die gracefully
2022-03-16T10:20:15.581048Z 0 [Note] Shutting down slave threads
2022-03-16T10:20:15.581048Z 0 [Note] Forcefully disconnecting 0 remaining clients
2022-03-16T10:20:15.581048Z 0 [Note] Event Scheduler: Purging the queue. 0 events
2022-03-16T10:20:15.590816Z 0 [Note] Binlog end
2022-03-16T10:20:15.590816Z 0 [Note] Shutting down plugin 'ngram'
2022-03-16T10:20:15.590816Z 0 [Note] Shutting down plugin 'partition'
2022-03-16T10:20:15.590816Z 0 [Note] Shutting down plugin 'BLACKHOLE'
2022-03-16T10:20:15.590816Z 0 [Note] Shutting down plugin 'ARCHIVE'
2022-03-16T10:20:15.590816Z 0 [Note] Shutting down plugin 'PERFORMANCE_SCHEMA'
2022-03-16T10:20:15.590816Z 0 [Note] Shutting down plugin 'MRG_MYISAM'
2022-03-16T10:20:15.590816Z 0 [Note] Shutting down plugin 'MyISAM'
2022-03-16T10:20:15.590816Z 0 [Note] Shutting down plugin 'INNODB_SYS_VIRTUAL'
2022-03-16T10:20:15.590816Z 0 [Note] Shutting down plugin 'INNODB_SYS_DATAFILES'
2022-03-16T10:20:15.590816Z 0 [Note] Shutting down plugin 'INNODB_SYS_TABLESPACES'
2022-03-16T10:20:15.590816Z 0 [Note] Shutting down plugin 'INNODB_SYS_FOREIGN_COLS'
2022-03-16T10:20:15.590816Z 0 [Note] Shutting down plugin 'INNODB_SYS_FOREIGN'
2022-03-16T10:20:15.590816Z 0 [Note] Shutting down plugin 'INNODB_SYS_FIELDS'
2022-03-16T10:20:15.590816Z 0 [Note] Shutting down plugin 'INNODB_SYS_COLUMNS'
2022-03-16T10:20:15.590816Z 0 [Note] Shutting down plugin 'INNODB_SYS_INDEXES'
2022-03-16T10:20:15.590816Z 0 [Note] Shutting down plugin 'INNODB_SYS_TABLESTATS'
2022-03-16T10:20:15.600699Z 0 [Note] Shutting down plugin 'INNODB_SYS_TABLES'
2022-03-16T10:20:15.600699Z 0 [Note] Shutting down plugin 'INNODB_FT_INDEX_TABLE'
2022-03-16T10:20:15.600699Z 0 [Note] Shutting down plugin 'INNODB_FT_INDEX_CACHE'
2022-03-16T10:20:15.600699Z 0 [Note] Shutting down plugin 'INNODB_FT_CONFIG'
2022-03-16T10:20:15.600699Z 0 [Note] Shutting down plugin 'INNODB_FT_BEING_DELETED'
2022-03-16T10:20:15.600699Z 0 [Note] Shutting down plugin 'INNODB_FT_DELETED'
2022-03-16T10:20:15.600699Z 0 [Note] Shutting down plugin 'INNODB_FT_DEFAULT_STOPWORD'
2022-03-16T10:20:15.600699Z 0 [Note] Shutting down plugin 'INNODB_METRICS'
2022-03-16T10:20:15.600699Z 0 [Note] Shutting down plugin 'INNODB_TEMP_TABLE_INFO'
2022-03-16T10:20:15.600699Z 0 [Note] Shutting down plugin 'INNODB_BUFFER_POOL_STATS'
2022-03-16T10:20:15.600699Z 0 [Note] Shutting down plugin 'INNODB_BUFFER_PAGE_LRU'
2022-03-16T10:20:15.600699Z 0 [Note] Shutting down plugin 'INNODB_BUFFER_PAGE'
2022-03-16T10:20:15.600699Z 0 [Note] Shutting down plugin 'INNODB_CMP_PER_INDEX_RESET'
2022-03-16T10:20:15.600699Z 0 [Note] Shutting down plugin 'INNODB_CMP_PER_INDEX'
2022-03-16T10:20:15.600699Z 0 [Note] Shutting down plugin 'INNODB_CMPMEM_RESET'
2022-03-16T10:20:15.600699Z 0 [Note] Shutting down plugin 'INNODB_CMPMEM'
2022-03-16T10:20:15.611128Z 0 [Note] Shutting down plugin 'INNODB_CMP_RESET'
2022-03-16T10:20:15.611128Z 0 [Note] Shutting down plugin 'INNODB_CMP'
2022-03-16T10:20:15.611128Z 0 [Note] Shutting down plugin 'INNODB_LOCK_WAITS'
2022-03-16T10:20:15.611128Z 0 [Note] Shutting down plugin 'INNODB_LOCKS'
2022-03-16T10:20:15.611128Z 0 [Note] Shutting down plugin 'INNODB_TRX'
2022-03-16T10:20:15.611128Z 0 [Note] Shutting down plugin 'InnoDB'
2022-03-16T10:20:15.611128Z 0 [Note] InnoDB: FTS optimize thread exiting.
2022-03-16T10:20:15.611128Z 0 [Note] InnoDB: Starting shutdown...
2022-03-16T10:20:15.721181Z 0 [Note] InnoDB: Dumping buffer pool(s) to C:\Users\damloup\Desktop\Cours\bin\database\mysql-5.7.11\data\ib_buffer_pool
2022-03-16T10:20:15.721181Z 0 [Note] InnoDB: Buffer pool(s) dump completed at 220316 11:20:15
2022-03-16T10:20:16.960888Z 0 [Note] InnoDB: Shutdown completed; log sequence number 1286394
2022-03-16T10:20:16.960888Z 0 [Note] InnoDB: Removed temporary tablespace data file: "ibtmp1"
2022-03-16T10:20:16.960888Z 0 [Note] Shutting down plugin 'MEMORY'
2022-03-16T10:20:16.960888Z 0 [Note] Shutting down plugin 'CSV'
2022-03-16T10:20:16.960888Z 0 [Note] Shutting down plugin 'sha256_password'
2022-03-16T10:20:16.960888Z 0 [Note] Shutting down plugin 'mysql_native_password'
2022-03-16T10:20:16.970703Z 0 [Note] Shutting down plugin 'binlog'
2022-03-16T10:20:16.970703Z 0 [Note] C:\Users\damloup\Desktop\Cours\bin\database\mysql-5.7.11\bin\mysqld.exe: Shutdown complete

