::1 - - [07/Oct/2022:10:02:09 +0200] "GET / HTTP/1.1" 200 1599
::1 - - [07/Oct/2022:10:02:09 +0200] "GET /?getimg=title HTTP/1.1" 200 6119
::1 - - [07/Oct/2022:10:02:09 +0200] "GET /?getimg=folder HTTP/1.1" 200 537
::1 - - [07/Oct/2022:10:02:09 +0200] "GET /?getimg=favicon HTTP/1.1" 200 5430
::1 - - [07/Oct/2022:10:02:14 +0200] "GET /mysql/ HTTP/1.1" 200 3061
::1 - - [07/Oct/2022:10:02:15 +0200] "GET /mysql/js/codemirror/lib/codemirror.css?v=4.5.4.1 HTTP/1.1" 200 7771
::1 - - [07/Oct/2022:10:02:15 +0200] "GET /mysql/themes/pmahomme/jquery/jquery-ui-1.11.2.css HTTP/1.1" 200 35212
::1 - - [07/Oct/2022:10:02:15 +0200] "GET /mysql/js/codemirror/addon/hint/show-hint.css?v=4.5.4.1 HTTP/1.1" 200 662
::1 - - [07/Oct/2022:10:02:15 +0200] "GET /mysql/themes/pmahomme/css/printview.css?v=4.5.4.1 HTTP/1.1" 200 3082
::1 - - [07/Oct/2022:10:02:15 +0200] "GET /mysql/js/codemirror/addon/lint/lint.css?v=4.5.4.1 HTTP/1.1" 200 3068
::1 - - [07/Oct/2022:10:02:15 +0200] "GET /mysql/phpmyadmin.css.php?nocache=4363588757ltr HTTP/1.1" 200 20076
::1 - - [07/Oct/2022:10:02:15 +0200] "GET /mysql/js/get_scripts.js.php?scripts%5B%5D=jquery/jquery-1.11.1.min.js&scripts%5B%5D=sprintf.js&scripts%5B%5D=ajax.js&scripts%5B%5D=keyhandler.js&scripts%5B%5D=jquery/jquery-ui-1.11.2.min.js&scripts%5B%5D=jquery/jquery.cookie.js&scripts%5B%5D=jquery/jquery.mousewheel.js&scripts%5B%5D=jquery/jquery.event.drag-2.2.js&scripts%5B%5D=jquery/jquery-ui-timepicker-addon.js&scripts%5B%5D=jquery/jquery.ba-hashchange-1.3.js&scripts%5B%5D=jquery/jquery.debounce-1.0.5.js&scripts%5B%5D=menu-resizer.js&scripts%5B%5D=cross_framing_protection.js&scripts%5B%5D=rte.js&scripts%5B%5D=tracekit/tracekit.js&scripts%5B%5D=error_report.js&scripts%5B%5D=doclinks.js&scripts%5B%5D=functions.js&scripts%5B%5D=navigation.js&scripts%5B%5D=indexes.js&v=4.5.4.1 HTTP/1.1" 200 216429
::1 - - [07/Oct/2022:10:02:15 +0200] "GET /mysql/js/get_scripts.js.php?scripts%5B%5D=common.js&scripts%5B%5D=config.js&scripts%5B%5D=page_settings.js&scripts%5B%5D=codemirror/lib/codemirror.js&scripts%5B%5D=codemirror/mode/sql/sql.js&scripts%5B%5D=codemirror/addon/runmode/runmode.js&scripts%5B%5D=codemirror/addon/hint/show-hint.js&scripts%5B%5D=codemirror/addon/hint/sql-hint.js&scripts%5B%5D=codemirror/addon/lint/lint.js&scripts%5B%5D=codemirror/addon/lint/sql-lint.js&scripts%5B%5D=console.js&v=4.5.4.1 HTTP/1.1" 200 129440
::1 - - [07/Oct/2022:10:02:15 +0200] "GET /mysql/js/whitelist.php?lang=fr&db=&token=d504dbe36dff1f570f58984cbbaaa41c&v=4.5.4.1 HTTP/1.1" 200 482
::1 - - [07/Oct/2022:10:02:15 +0200] "GET /mysql/js/messages.php?lang=fr&db=&token=d504dbe36dff1f570f58984cbbaaa41c&v=4.5.4.1 HTTP/1.1" 200 9507
::1 - - [07/Oct/2022:10:02:16 +0200] "GET /mysql/themes/pmahomme/img/logo_right.png HTTP/1.1" 200 4548
::1 - - [07/Oct/2022:10:02:16 +0200] "GET /mysql/themes/dot.gif HTTP/1.1" 200 43
::1 - - [07/Oct/2022:10:02:15 +0200] "GET /mysql/js/get_image.js.php?theme=pmahomme&v=4.5.4.1 HTTP/1.1" 200 1822
::1 - - [07/Oct/2022:10:02:16 +0200] "GET /mysql/themes/pmahomme/img/sprites.png?v=4.5.4.1 HTTP/1.1" 200 46795
::1 - - [07/Oct/2022:10:02:16 +0200] "GET /mysql/favicon.ico HTTP/1.1" 200 22486
::1 - - [07/Oct/2022:10:02:21 +0200] "POST /mysql/index.php HTTP/1.1" 302 25
::1 - - [07/Oct/2022:10:02:21 +0200] "GET /mysql/index.php?token=d504dbe36dff1f570f58984cbbaaa41c HTTP/1.1" 200 13362
::1 - - [07/Oct/2022:10:02:22 +0200] "GET /mysql/themes/pmahomme/img/logo_left.png HTTP/1.1" 200 2327
::1 - - [07/Oct/2022:10:02:22 +0200] "GET /mysql/themes/pmahomme/img/ajax_clock_small.gif HTTP/1.1" 200 1810
::1 - - [07/Oct/2022:10:02:22 +0200] "GET /mysql/themes/pmahomme/img/s_collapseall.png HTTP/1.1" 200 170
::1 - - [07/Oct/2022:10:02:22 +0200] "GET /mysql/phpmyadmin.css.php?nocache=6028718498ltr HTTP/1.1" 200 20076
::1 - - [07/Oct/2022:10:02:22 +0200] "GET /mysql/themes/pmahomme/img/left_nav_bg.png HTTP/1.1" 200 297
::1 - - [07/Oct/2022:10:02:22 +0200] "POST /mysql/db_structure.php?ajax_request=1&favorite_table=1&sync_favorite_tables=1&token=d504dbe36dff1f570f58984cbbaaa41c HTTP/1.1" 200 164
::1 - - [07/Oct/2022:10:02:22 +0200] "GET /mysql/version_check.php?server=1&_nocache=1665129742238564860 HTTP/1.1" 200 40
::1 - - [07/Oct/2022:10:02:42 +0200] "GET /mysql/index.php?token=d504dbe36dff1f570f58984cbbaaa41c&ajax_request=true&ajax_page_request=true&_nocache=1665129762592748815 HTTP/1.1" 200 6850
::1 - - [07/Oct/2022:10:02:42 +0200] "GET /mysql/version_check.php?server=1&_nocache=1665129762791538585 HTTP/1.1" 200 40
::1 - - [07/Oct/2022:10:02:42 +0200] "POST /mysql/db_structure.php?ajax_request=1&favorite_table=1&sync_favorite_tables=1&token=d504dbe36dff1f570f58984cbbaaa41c HTTP/1.1" 200 164
::1 - - [07/Oct/2022:10:02:48 +0200] "GET /mysql/index.php?db=&table=&server=1&target=&token=d504dbe36dff1f570f58984cbbaaa41c&ajax_request=true&ajax_page_request=true&_nocache=1665129768316829900 HTTP/1.1" 200 6849
::1 - - [07/Oct/2022:10:02:48 +0200] "GET /mysql/version_check.php?server=1&_nocache=1665129768578197800 HTTP/1.1" 200 40
::1 - - [07/Oct/2022:10:02:48 +0200] "POST /mysql/db_structure.php?ajax_request=1&favorite_table=1&sync_favorite_tables=1&token=d504dbe36dff1f570f58984cbbaaa41c HTTP/1.1" 200 164
::1 - - [07/Oct/2022:10:02:48 +0200] "POST /mysql/navigation.php?ajax_request=1&token=d504dbe36dff1f570f58984cbbaaa41c HTTP/1.1" 200 2097
::1 - - [07/Oct/2022:10:02:49 +0200] "GET /mysql/ HTTP/1.1" 200 13182
::1 - - [07/Oct/2022:10:02:49 +0200] "GET /mysql/phpmyadmin.css.php?nocache=5819075458ltr HTTP/1.1" 200 20076
::1 - - [07/Oct/2022:10:02:50 +0200] "GET /mysql/version_check.php?server=1&_nocache=1665129770073882248 HTTP/1.1" 200 40
::1 - - [07/Oct/2022:10:02:50 +0200] "POST /mysql/db_structure.php?ajax_request=1&favorite_table=1&sync_favorite_tables=1&token=d504dbe36dff1f570f58984cbbaaa41c HTTP/1.1" 200 164
::1 - - [07/Oct/2022:10:02:50 +0200] "POST /mysql/navigation.php?ajax_request=1&token=d504dbe36dff1f570f58984cbbaaa41c HTTP/1.1" 200 2097
::1 - - [07/Oct/2022:10:02:51 +0200] "GET /mysql/index.php?token=d504dbe36dff1f570f58984cbbaaa41c&ajax_request=true&ajax_page_request=true&_nocache=1665129771683687574 HTTP/1.1" 200 6850
::1 - - [07/Oct/2022:10:02:51 +0200] "POST /mysql/db_structure.php?ajax_request=1&favorite_table=1&sync_favorite_tables=1&token=d504dbe36dff1f570f58984cbbaaa41c HTTP/1.1" 200 164
::1 - - [07/Oct/2022:10:02:51 +0200] "GET /mysql/version_check.php?server=1&_nocache=1665129771886804917 HTTP/1.1" 200 40
::1 - - [07/Oct/2022:10:02:52 +0200] "GET /mysql/server_sql.php?db=&token=d504dbe36dff1f570f58984cbbaaa41c&ajax_request=true&ajax_page_request=true&_nocache=1665129772794224925 HTTP/1.1" 200 4485
::1 - - [07/Oct/2022:10:02:53 +0200] "GET /mysql/js/get_scripts.js.php?scripts%5B%5D=makegrid.js&scripts%5B%5D=jquery/jquery.uitablefilter.js&scripts%5B%5D=sql.js&call_done=1&v=4.5.4.1 HTTP/1.1" 200 26517
::1 - - [07/Oct/2022:10:03:28 +0200] "POST /mysql/db_sql_autocomplete.php HTTP/1.1" 200 1370
::1 - - [07/Oct/2022:10:03:29 +0200] "POST /mysql/lint.php HTTP/1.1" 200 183
::1 - - [07/Oct/2022:10:03:29 +0200] "POST /mysql/import.php HTTP/1.1" 200 2281
::1 - - [07/Oct/2022:10:03:35 +0200] "GET /mysql/server_sql.php?db=&token=d504dbe36dff1f570f58984cbbaaa41c HTTP/1.1" 200 10131
::1 - - [07/Oct/2022:10:03:35 +0200] "GET /mysql/js/get_scripts.js.php?scripts%5B%5D=common.js&scripts%5B%5D=config.js&scripts%5B%5D=page_settings.js&scripts%5B%5D=makegrid.js&scripts%5B%5D=jquery/jquery.uitablefilter.js&scripts%5B%5D=sql.js&scripts%5B%5D=codemirror/lib/codemirror.js&scripts%5B%5D=codemirror/mode/sql/sql.js&scripts%5B%5D=codemirror/addon/runmode/runmode.js&scripts%5B%5D=codemirror/addon/hint/show-hint.js&scripts%5B%5D=codemirror/addon/hint/sql-hint.js&scripts%5B%5D=codemirror/addon/lint/lint.js&scripts%5B%5D=codemirror/addon/lint/sql-lint.js&scripts%5B%5D=console.js&v=4.5.4.1 HTTP/1.1" 200 155457
::1 - - [07/Oct/2022:10:03:35 +0200] "POST /mysql/navigation.php?ajax_request=1&token=d504dbe36dff1f570f58984cbbaaa41c HTTP/1.1" 200 2129
::1 - - [07/Oct/2022:10:03:37 +0200] "GET /mysql/db_structure.php?server=1&db=db_shop&token=d504dbe36dff1f570f58984cbbaaa41c&ajax_request=true&ajax_page_request=true&_nocache=1665129817378659117 HTTP/1.1" 200 5081
::1 - - [07/Oct/2022:10:03:37 +0200] "GET /mysql/themes/pmahomme/img/arrow_ltr.png HTTP/1.1" 200 139
::1 - - [07/Oct/2022:10:03:37 +0200] "GET /mysql/js/get_scripts.js.php?scripts%5B%5D=db_structure.js&scripts%5B%5D=tbl_change.js&call_done=1&v=4.5.4.1 HTTP/1.1" 200 10265
::1 - - [07/Oct/2022:10:03:37 +0200] "GET /mysql/navigation.php?ajax_request=1&token=d504dbe36dff1f570f58984cbbaaa41c&aPath=cm9vdA%3D%3D.ZGJfc2hvcA%3D%3D&vPath=cm9vdA%3D%3D.ZGJfc2hvcA%3D%3D&pos=0&pos2_name=&pos2_value=&searchClause=&searchClause2=&_nocache=1665129817830355381 HTTP/1.1" 200 1920
::1 - - [07/Oct/2022:10:03:37 +0200] "POST /mysql/navigation.php?ajax_request=1&token=d504dbe36dff1f570f58984cbbaaa41c HTTP/1.1" 200 2129
::1 - - [07/Oct/2022:10:03:38 +0200] "GET /mysql/navigation.php?ajax_request=1&token=d504dbe36dff1f570f58984cbbaaa41c&aPath=cm9vdA%3D%3D.ZGJfc2hvcA%3D%3D&vPath=cm9vdA%3D%3D.ZGJfc2hvcA%3D%3D&pos=0&pos2_name=&pos2_value=&searchClause=&searchClause2=&_nocache=1665129818315665822 HTTP/1.1" 200 1920
::1 - - [07/Oct/2022:10:06:36 +0200] "GET /mysql/sql.php?db=db_shop&token=d504dbe36dff1f570f58984cbbaaa41c&goto=db_structure.php&table=t_produit&pos=0&ajax_request=true&ajax_page_request=true&_nocache=1665129996888523099 HTTP/1.1" 200 4647
::1 - - [07/Oct/2022:10:06:37 +0200] "GET /mysql/js/get_scripts.js.php?scripts%5B%5D=gis_data_editor.js&scripts%5B%5D=multi_column_sort.js&call_done=1&v=4.5.4.1 HTTP/1.1" 200 4575
::1 - - [07/Oct/2022:10:06:37 +0200] "GET /mysql/index.php?ajax_request=1&recent_table=1&token=d504dbe36dff1f570f58984cbbaaa41c&no_debug=true&_nocache=1665129997405198143 HTTP/1.1" 200 1430
::1 - - [07/Oct/2022:10:06:39 +0200] "GET /mysql/sql.php?server=1&db=db_shop&table=t_produit&pos=0&token=d504dbe36dff1f570f58984cbbaaa41c&ajax_request=true&ajax_page_request=true&_nocache=166512999915620088 HTTP/1.1" 200 4647
::1 - - [07/Oct/2022:10:06:39 +0200] "GET /mysql/index.php?ajax_request=1&recent_table=1&token=d504dbe36dff1f570f58984cbbaaa41c&no_debug=true&_nocache=1665129999419405016 HTTP/1.1" 200 1430
::1 - - [07/Oct/2022:10:06:39 +0200] "POST /mysql/navigation.php?ajax_request=1&token=d504dbe36dff1f570f58984cbbaaa41c HTTP/1.1" 200 2571
::1 - - [07/Oct/2022:10:06:51 +0200] "GET /mysql/sql.php?server=1&db=db_shop&table=t_produit&pos=0&token=d504dbe36dff1f570f58984cbbaaa41c&ajax_request=true&ajax_page_request=true&_nocache=1665130011642652751 HTTP/1.1" 200 4647
::1 - - [07/Oct/2022:10:06:51 +0200] "GET /mysql/index.php?ajax_request=1&recent_table=1&token=d504dbe36dff1f570f58984cbbaaa41c&no_debug=true&_nocache=1665130011864185693 HTTP/1.1" 200 1430
::1 - - [07/Oct/2022:10:06:51 +0200] "POST /mysql/navigation.php?ajax_request=1&token=d504dbe36dff1f570f58984cbbaaa41c HTTP/1.1" 200 2571
::1 - - [07/Oct/2022:10:06:52 +0200] "GET /mysql/tbl_structure.php?db=db_shop&table=t_produit&token=d504dbe36dff1f570f58984cbbaaa41c&ajax_request=true&ajax_page_request=true&_nocache=1665130012879665546 HTTP/1.1" 200 6981
::1 - - [07/Oct/2022:10:06:53 +0200] "GET /mysql/js/get_scripts.js.php?scripts%5B%5D=tbl_structure.js&call_done=1&v=4.5.4.1 HTTP/1.1" 200 5130
::1 - - [07/Oct/2022:10:06:53 +0200] "GET /mysql/index.php?ajax_request=1&recent_table=1&token=d504dbe36dff1f570f58984cbbaaa41c&no_debug=true&_nocache=1665130013602634174 HTTP/1.1" 200 1430
::1 - - [07/Oct/2022:10:06:57 +0200] "GET /mysql/tbl_change.php?db=db_shop&table=t_produit&token=d504dbe36dff1f570f58984cbbaaa41c&ajax_request=true&ajax_page_request=true&_nocache=1665130017140438642 HTTP/1.1" 200 6868
::1 - - [07/Oct/2022:10:06:57 +0200] "GET /mysql/js/get_scripts.js.php?scripts%5B%5D=big_ints.js&scripts%5B%5D=jquery/jquery.validate.js&scripts%5B%5D=jquery/additional-methods.js&call_done=1&v=4.5.4.1 HTTP/1.1" 200 21848
::1 - - [07/Oct/2022:10:06:57 +0200] "GET /mysql/index.php?ajax_request=1&recent_table=1&token=d504dbe36dff1f570f58984cbbaaa41c&no_debug=true&_nocache=1665130017604368317 HTTP/1.1" 200 1430
::1 - - [07/Oct/2022:10:07:23 +0200] "POST /mysql/tbl_replace.php HTTP/1.1" 200 5343
::1 - - [07/Oct/2022:10:07:23 +0200] "GET /mysql/index.php?ajax_request=1&recent_table=1&token=d504dbe36dff1f570f58984cbbaaa41c&no_debug=true&_nocache=166513004397539581 HTTP/1.1" 200 1430
::1 - - [07/Oct/2022:10:07:23 +0200] "POST /mysql/lint.php HTTP/1.1" 200 28
::1 - - [07/Oct/2022:10:07:29 +0200] "GET /mysql/sql.php?server=1&db=db_shop&table=t_produit&pos=0&token=d504dbe36dff1f570f58984cbbaaa41c&ajax_request=true&ajax_page_request=true&_nocache=1665130049558293624 HTTP/1.1" 200 7107
::1 - - [07/Oct/2022:10:07:29 +0200] "GET /mysql/themes/pmahomme/img/col_pointer.png HTTP/1.1" 200 113
::1 - - [07/Oct/2022:10:07:29 +0200] "GET /mysql/themes/pmahomme/img/col_drop.png HTTP/1.1" 200 132
::1 - - [07/Oct/2022:10:07:29 +0200] "GET /mysql/themes/pmahomme/img/s_fulltext.png HTTP/1.1" 200 193
::1 - - [07/Oct/2022:10:07:29 +0200] "GET /mysql/index.php?ajax_request=1&recent_table=1&token=d504dbe36dff1f570f58984cbbaaa41c&no_debug=true&_nocache=1665130049809946574 HTTP/1.1" 200 1430
::1 - - [07/Oct/2022:10:07:29 +0200] "POST /mysql/navigation.php?ajax_request=1&token=d504dbe36dff1f570f58984cbbaaa41c HTTP/1.1" 200 2571
::1 - - [07/Oct/2022:10:07:32 +0200] "GET /mysql/sql.php?server=1&db=db_shop&table=t_commande&pos=0&token=d504dbe36dff1f570f58984cbbaaa41c&ajax_request=true&ajax_page_request=true&_nocache=1665130052977466860 HTTP/1.1" 200 4649
::1 - - [07/Oct/2022:10:07:33 +0200] "GET /mysql/index.php?ajax_request=1&recent_table=1&token=d504dbe36dff1f570f58984cbbaaa41c&no_debug=true&_nocache=1665130053245525998 HTTP/1.1" 200 1446
::1 - - [07/Oct/2022:10:07:33 +0200] "POST /mysql/navigation.php?ajax_request=1&token=d504dbe36dff1f570f58984cbbaaa41c HTTP/1.1" 200 2582
::1 - - [07/Oct/2022:10:07:33 +0200] "GET /mysql/sql.php?server=1&db=db_shop&table=t_client&pos=0&token=d504dbe36dff1f570f58984cbbaaa41c&ajax_request=true&ajax_page_request=true&_nocache=1665130053611932431 HTTP/1.1" 200 4645
::1 - - [07/Oct/2022:10:07:33 +0200] "POST /mysql/navigation.php?ajax_request=1&token=d504dbe36dff1f570f58984cbbaaa41c HTTP/1.1" 200 2589
::1 - - [07/Oct/2022:10:07:33 +0200] "GET /mysql/index.php?ajax_request=1&recent_table=1&token=d504dbe36dff1f570f58984cbbaaa41c&no_debug=true&_nocache=1665130053831163670 HTTP/1.1" 200 1456
::1 - - [07/Oct/2022:10:07:34 +0200] "GET /mysql/tbl_sql.php?db=db_shop&table=t_client&token=d504dbe36dff1f570f58984cbbaaa41c&ajax_request=true&ajax_page_request=true&_nocache=1665130054955968421 HTTP/1.1" 200 4922
::1 - - [07/Oct/2022:10:07:35 +0200] "GET /mysql/index.php?ajax_request=1&recent_table=1&token=d504dbe36dff1f570f58984cbbaaa41c&no_debug=true&_nocache=1665130055146671471 HTTP/1.1" 200 1456
::1 - - [07/Oct/2022:10:07:35 +0200] "POST /mysql/lint.php HTTP/1.1" 200 28
::1 - - [07/Oct/2022:10:07:40 +0200] "GET /mysql/sql.php?server=1&db=db_shop&table=t_produit&pos=0&token=d504dbe36dff1f570f58984cbbaaa41c&ajax_request=true&ajax_page_request=true&_nocache=1665130060606166085 HTTP/1.1" 200 7108
::1 - - [07/Oct/2022:10:07:40 +0200] "GET /mysql/index.php?ajax_request=1&recent_table=1&token=d504dbe36dff1f570f58984cbbaaa41c&no_debug=true&_nocache=166513006089342891 HTTP/1.1" 200 1456
::1 - - [07/Oct/2022:10:07:40 +0200] "POST /mysql/navigation.php?ajax_request=1&token=d504dbe36dff1f570f58984cbbaaa41c HTTP/1.1" 200 2589
::1 - - [07/Oct/2022:10:07:55 +0200] "GET /mysql/tbl_structure.php?db=db_shop&table=t_produit&token=d504dbe36dff1f570f58984cbbaaa41c&ajax_request=true&ajax_page_request=true&_nocache=1665130075465900514 HTTP/1.1" 200 7024
::1 - - [07/Oct/2022:10:07:55 +0200] "GET /mysql/index.php?ajax_request=1&recent_table=1&token=d504dbe36dff1f570f58984cbbaaa41c&no_debug=true&_nocache=166513007570681694 HTTP/1.1" 200 1456
::1 - - [07/Oct/2022:10:07:56 +0200] "GET /mysql/tbl_sql.php?db=db_shop&table=t_produit&token=d504dbe36dff1f570f58984cbbaaa41c&ajax_request=true&ajax_page_request=true&_nocache=1665130076334197976 HTTP/1.1" 200 4915
::1 - - [07/Oct/2022:10:07:56 +0200] "GET /mysql/index.php?ajax_request=1&recent_table=1&token=d504dbe36dff1f570f58984cbbaaa41c&no_debug=true&_nocache=1665130076525215550 HTTP/1.1" 200 1456
::1 - - [07/Oct/2022:10:07:56 +0200] "POST /mysql/lint.php HTTP/1.1" 200 28
::1 - - [07/Oct/2022:10:07:57 +0200] "GET /mysql/tbl_change.php?db=db_shop&table=t_produit&token=d504dbe36dff1f570f58984cbbaaa41c&ajax_request=true&ajax_page_request=true&_nocache=1665130077668900711 HTTP/1.1" 200 6868
::1 - - [07/Oct/2022:10:07:57 +0200] "GET /mysql/index.php?ajax_request=1&recent_table=1&token=d504dbe36dff1f570f58984cbbaaa41c&no_debug=true&_nocache=1665130077947118929 HTTP/1.1" 200 1456
::1 - - [07/Oct/2022:10:08:23 +0200] "POST /mysql/tbl_replace.php HTTP/1.1" 200 5340
::1 - - [07/Oct/2022:10:08:23 +0200] "GET /mysql/index.php?ajax_request=1&recent_table=1&token=d504dbe36dff1f570f58984cbbaaa41c&no_debug=true&_nocache=1665130103965182131 HTTP/1.1" 200 1456
::1 - - [07/Oct/2022:10:08:23 +0200] "POST /mysql/lint.php HTTP/1.1" 200 28
::1 - - [07/Oct/2022:10:08:25 +0200] "GET /mysql/tbl_change.php?db=db_shop&table=t_produit&token=d504dbe36dff1f570f58984cbbaaa41c&ajax_request=true&ajax_page_request=true&_nocache=1665130105303154393 HTTP/1.1" 200 6868
::1 - - [07/Oct/2022:10:08:25 +0200] "GET /mysql/index.php?ajax_request=1&recent_table=1&token=d504dbe36dff1f570f58984cbbaaa41c&no_debug=true&_nocache=1665130105523536429 HTTP/1.1" 200 1456
::1 - - [07/Oct/2022:10:09:13 +0200] "POST /mysql/tbl_replace.php HTTP/1.1" 200 5356
::1 - - [07/Oct/2022:10:09:13 +0200] "GET /mysql/index.php?ajax_request=1&recent_table=1&token=d504dbe36dff1f570f58984cbbaaa41c&no_debug=true&_nocache=1665130153895597609 HTTP/1.1" 200 1456
::1 - - [07/Oct/2022:10:09:13 +0200] "POST /mysql/lint.php HTTP/1.1" 200 28
::1 - - [07/Oct/2022:10:09:15 +0200] "GET /mysql/sql.php?server=1&db=db_shop&table=t_produit&pos=0&token=d504dbe36dff1f570f58984cbbaaa41c&ajax_request=true&ajax_page_request=true&_nocache=1665130155390266044 HTTP/1.1" 200 7640
::1 - - [07/Oct/2022:10:09:15 +0200] "GET /mysql/index.php?ajax_request=1&recent_table=1&token=d504dbe36dff1f570f58984cbbaaa41c&no_debug=true&_nocache=1665130155674353955 HTTP/1.1" 200 1456
::1 - - [07/Oct/2022:10:09:15 +0200] "POST /mysql/navigation.php?ajax_request=1&token=d504dbe36dff1f570f58984cbbaaa41c HTTP/1.1" 200 2589
::1 - - [07/Oct/2022:10:09:56 +0200] "GET /mysql/sql.php?server=1&db=db_shop&table=t_client&pos=0&token=d504dbe36dff1f570f58984cbbaaa41c&ajax_request=true&ajax_page_request=true&_nocache=1665130196392488979 HTTP/1.1" 200 4644
::1 - - [07/Oct/2022:10:09:56 +0200] "POST /mysql/navigation.php?ajax_request=1&token=d504dbe36dff1f570f58984cbbaaa41c HTTP/1.1" 200 2590
::1 - - [07/Oct/2022:10:09:56 +0200] "GET /mysql/index.php?ajax_request=1&recent_table=1&token=d504dbe36dff1f570f58984cbbaaa41c&no_debug=true&_nocache=1665130196632537339 HTTP/1.1" 200 1457
::1 - - [07/Oct/2022:10:09:57 +0200] "GET /mysql/sql.php?server=1&db=db_shop&table=t_commande&pos=0&token=d504dbe36dff1f570f58984cbbaaa41c&ajax_request=true&ajax_page_request=true&_nocache=1665130197343875086 HTTP/1.1" 200 4649
::1 - - [07/Oct/2022:10:09:57 +0200] "POST /mysql/navigation.php?ajax_request=1&token=d504dbe36dff1f570f58984cbbaaa41c HTTP/1.1" 200 2589
::1 - - [07/Oct/2022:10:09:57 +0200] "GET /mysql/index.php?ajax_request=1&recent_table=1&token=d504dbe36dff1f570f58984cbbaaa41c&no_debug=true&_nocache=1665130197561414784 HTTP/1.1" 200 1456
::1 - - [07/Oct/2022:10:09:58 +0200] "GET /mysql/sql.php?server=1&db=db_shop&table=t_client&pos=0&token=d504dbe36dff1f570f58984cbbaaa41c&ajax_request=true&ajax_page_request=true&_nocache=1665130198841976364 HTTP/1.1" 200 4644
::1 - - [07/Oct/2022:10:09:59 +0200] "POST /mysql/navigation.php?ajax_request=1&token=d504dbe36dff1f570f58984cbbaaa41c HTTP/1.1" 200 2589
::1 - - [07/Oct/2022:10:09:59 +0200] "GET /mysql/index.php?ajax_request=1&recent_table=1&token=d504dbe36dff1f570f58984cbbaaa41c&no_debug=true&_nocache=1665130199061419588 HTTP/1.1" 200 1456
::1 - - [07/Oct/2022:10:10:02 +0200] "GET /mysql/sql.php?server=1&db=db_shop&table=t_commande&pos=0&token=d504dbe36dff1f570f58984cbbaaa41c&ajax_request=true&ajax_page_request=true&_nocache=166513020246351292 HTTP/1.1" 200 4649
::1 - - [07/Oct/2022:10:10:02 +0200] "GET /mysql/index.php?ajax_request=1&recent_table=1&token=d504dbe36dff1f570f58984cbbaaa41c&no_debug=true&_nocache=1665130202690822570 HTTP/1.1" 200 1456
::1 - - [07/Oct/2022:10:10:02 +0200] "POST /mysql/navigation.php?ajax_request=1&token=d504dbe36dff1f570f58984cbbaaa41c HTTP/1.1" 200 2589
::1 - - [07/Oct/2022:10:11:42 +0200] "GET /mysql/ HTTP/1.1" 200 13897
::1 - - [07/Oct/2022:10:11:43 +0200] "POST /mysql/db_structure.php?ajax_request=1&favorite_table=1&sync_favorite_tables=1&token=d504dbe36dff1f570f58984cbbaaa41c HTTP/1.1" 200 164
::1 - - [07/Oct/2022:10:11:43 +0200] "GET /mysql/version_check.php?server=1&_nocache=1665130303076808184 HTTP/1.1" 200 40
::1 - - [07/Oct/2022:10:11:45 +0200] "GET / HTTP/1.1" 200 1599
::1 - - [07/Oct/2022:10:11:45 +0200] "GET /?getimg=title HTTP/1.1" 200 6119
::1 - - [07/Oct/2022:10:11:45 +0200] "GET /?getimg=folder HTTP/1.1" 200 537
::1 - - [07/Oct/2022:10:11:48 +0200] "GET /mysql/db_structure.php?server=1&db=db_shop&token=d504dbe36dff1f570f58984cbbaaa41c&ajax_request=true&ajax_page_request=true&_nocache=1665130308057409242 HTTP/1.1" 200 5102
::1 - - [07/Oct/2022:10:11:48 +0200] "GET /mysql/navigation.php?ajax_request=1&token=d504dbe36dff1f570f58984cbbaaa41c&aPath=cm9vdA%3D%3D.ZGJfc2hvcA%3D%3D&vPath=cm9vdA%3D%3D.ZGJfc2hvcA%3D%3D&pos=0&pos2_name=&pos2_value=&searchClause=&searchClause2=&_nocache=1665130308283362365 HTTP/1.1" 200 1923
::1 - - [07/Oct/2022:10:11:48 +0200] "POST /mysql/navigation.php?ajax_request=1&token=d504dbe36dff1f570f58984cbbaaa41c HTTP/1.1" 200 2194
::1 - - [07/Oct/2022:10:11:48 +0200] "GET /mysql/navigation.php?ajax_request=1&token=d504dbe36dff1f570f58984cbbaaa41c&aPath=cm9vdA%3D%3D.ZGJfc2hvcA%3D%3D&vPath=cm9vdA%3D%3D.ZGJfc2hvcA%3D%3D&pos=0&pos2_name=&pos2_value=&searchClause=&searchClause2=&_nocache=1665130308613152360 HTTP/1.1" 200 1923
::1 - - [07/Oct/2022:10:11:49 +0200] "GET /mysql/sql.php?db=db_shop&token=d504dbe36dff1f570f58984cbbaaa41c&goto=db_structure.php&table=t_client&pos=0&ajax_request=true&ajax_page_request=true&_nocache=1665130309112408964 HTTP/1.1" 200 4644
::1 - - [07/Oct/2022:10:11:49 +0200] "GET /mysql/js/get_scripts.js.php?scripts%5B%5D=jquery/jquery.uitablefilter.js&scripts%5B%5D=gis_data_editor.js&scripts%5B%5D=multi_column_sort.js&call_done=1&v=4.5.4.1 HTTP/1.1" 200 5811
::1 - - [07/Oct/2022:10:11:49 +0200] "GET /mysql/index.php?ajax_request=1&recent_table=1&token=d504dbe36dff1f570f58984cbbaaa41c&no_debug=true&_nocache=1665130309446646263 HTTP/1.1" 200 1456
::1 - - [07/Oct/2022:10:11:50 +0200] "GET /mysql/tbl_sql.php?db=db_shop&table=t_client&token=d504dbe36dff1f570f58984cbbaaa41c&ajax_request=true&ajax_page_request=true&_nocache=166513031053419032 HTTP/1.1" 200 4922
::1 - - [07/Oct/2022:10:11:50 +0200] "GET /mysql/js/get_scripts.js.php?scripts%5B%5D=makegrid.js&scripts%5B%5D=sql.js&call_done=1&v=4.5.4.1 HTTP/1.1" 200 25300
::1 - - [07/Oct/2022:10:11:50 +0200] "GET /mysql/index.php?ajax_request=1&recent_table=1&token=d504dbe36dff1f570f58984cbbaaa41c&no_debug=true&_nocache=1665130310832930715 HTTP/1.1" 200 1456
::1 - - [07/Oct/2022:10:11:50 +0200] "POST /mysql/lint.php HTTP/1.1" 200 28
::1 - - [07/Oct/2022:10:11:51 +0200] "GET /mysql/tbl_structure.php?db=db_shop&table=t_client&token=d504dbe36dff1f570f58984cbbaaa41c&ajax_request=true&ajax_page_request=true&_nocache=166513031191529759 HTTP/1.1" 200 7216
::1 - - [07/Oct/2022:10:11:52 +0200] "GET /mysql/index.php?ajax_request=1&recent_table=1&token=d504dbe36dff1f570f58984cbbaaa41c&no_debug=true&_nocache=1665130312173596870 HTTP/1.1" 200 1456
::1 - - [07/Oct/2022:10:11:59 +0200] "GET /mysql/tbl_sql.php?db=db_shop&table=t_client&token=d504dbe36dff1f570f58984cbbaaa41c&ajax_request=true&ajax_page_request=true&_nocache=1665130319926314088 HTTP/1.1" 200 4922
::1 - - [07/Oct/2022:10:12:00 +0200] "GET /mysql/index.php?ajax_request=1&recent_table=1&token=d504dbe36dff1f570f58984cbbaaa41c&no_debug=true&_nocache=1665130320128272610 HTTP/1.1" 200 1456
::1 - - [07/Oct/2022:10:12:00 +0200] "POST /mysql/lint.php HTTP/1.1" 200 28
::1 - - [07/Oct/2022:10:12:00 +0200] "GET /mysql/tbl_change.php?db=db_shop&table=t_client&token=d504dbe36dff1f570f58984cbbaaa41c&ajax_request=true&ajax_page_request=true&_nocache=166513032075091327 HTTP/1.1" 200 6885
::1 - - [07/Oct/2022:10:12:00 +0200] "GET /mysql/index.php?ajax_request=1&recent_table=1&token=d504dbe36dff1f570f58984cbbaaa41c&no_debug=true&_nocache=1665130320987396648 HTTP/1.1" 200 1456
::1 - - [07/Oct/2022:10:12:14 +0200] "POST /mysql/tbl_replace.php HTTP/1.1" 200 5359
::1 - - [07/Oct/2022:10:12:14 +0200] "GET /mysql/index.php?ajax_request=1&recent_table=1&token=d504dbe36dff1f570f58984cbbaaa41c&no_debug=true&_nocache=1665130334568249093 HTTP/1.1" 200 1456
::1 - - [07/Oct/2022:10:12:14 +0200] "POST /mysql/lint.php HTTP/1.1" 200 28
::1 - - [07/Oct/2022:10:12:16 +0200] "GET /mysql/sql.php?server=1&db=db_shop&table=t_client&pos=0&token=d504dbe36dff1f570f58984cbbaaa41c&ajax_request=true&ajax_page_request=true&_nocache=1665130336012531395 HTTP/1.1" 200 7110
::1 - - [07/Oct/2022:10:12:16 +0200] "GET /mysql/index.php?ajax_request=1&recent_table=1&token=d504dbe36dff1f570f58984cbbaaa41c&no_debug=true&_nocache=1665130336236636987 HTTP/1.1" 200 1456
::1 - - [07/Oct/2022:10:12:16 +0200] "POST /mysql/navigation.php?ajax_request=1&token=d504dbe36dff1f570f58984cbbaaa41c HTTP/1.1" 200 2589
::1 - - [07/Oct/2022:10:12:34 +0200] "GET /mysql/sql.php?server=1&db=db_shop&table=t_commande&pos=0&token=d504dbe36dff1f570f58984cbbaaa41c&ajax_request=true&ajax_page_request=true&_nocache=1665130354160367777 HTTP/1.1" 200 4649
::1 - - [07/Oct/2022:10:12:34 +0200] "GET /mysql/index.php?ajax_request=1&recent_table=1&token=d504dbe36dff1f570f58984cbbaaa41c&no_debug=true&_nocache=166513035438498025 HTTP/1.1" 200 1456
::1 - - [07/Oct/2022:10:12:34 +0200] "POST /mysql/navigation.php?ajax_request=1&token=d504dbe36dff1f570f58984cbbaaa41c HTTP/1.1" 200 2589
::1 - - [07/Oct/2022:10:12:36 +0200] "GET /mysql/tbl_change.php?db=db_shop&table=t_commande&token=d504dbe36dff1f570f58984cbbaaa41c&ajax_request=true&ajax_page_request=true&_nocache=1665130356142440899 HTTP/1.1" 200 6967
::1 - - [07/Oct/2022:10:12:36 +0200] "GET /mysql/index.php?ajax_request=1&recent_table=1&token=d504dbe36dff1f570f58984cbbaaa41c&no_debug=true&_nocache=1665130356404728305 HTTP/1.1" 200 1456
::1 - - [07/Oct/2022:10:14:26 +0200] "GET /mysql/tbl_change.php?db=db_shop&table=t_commande&token=d504dbe36dff1f570f58984cbbaaa41c HTTP/1.1" 200 13811
::1 - - [07/Oct/2022:10:14:26 +0200] "GET /mysql/js/whitelist.php?lang=fr&db=db_shop&token=d504dbe36dff1f570f58984cbbaaa41c&v=4.5.4.1 HTTP/1.1" 200 482
::1 - - [07/Oct/2022:10:14:26 +0200] "GET /mysql/js/get_scripts.js.php?scripts%5B%5D=common.js&scripts%5B%5D=config.js&scripts%5B%5D=page_settings.js&scripts%5B%5D=sql.js&scripts%5B%5D=tbl_change.js&scripts%5B%5D=big_ints.js&scripts%5B%5D=jquery/jquery.validate.js&scripts%5B%5D=jquery/additional-methods.js&scripts%5B%5D=gis_data_editor.js&scripts%5B%5D=codemirror/lib/codemirror.js&scripts%5B%5D=codemirror/mode/sql/sql.js&scripts%5B%5D=codemirror/addon/runmode/runmode.js&scripts%5B%5D=codemirror/addon/hint/show-hint.js&scripts%5B%5D=codemirror/addon/hint/sql-hint.js&scripts%5B%5D=codemirror/addon/lint/lint.js&scripts%5B%5D=codemirror/addon/lint/sql-lint.js&scripts%5B%5D=console.js&v=4.5.4.1 HTTP/1.1" 200 168414
::1 - - [07/Oct/2022:10:14:26 +0200] "GET /mysql/js/messages.php?lang=fr&db=db_shop&token=d504dbe36dff1f570f58984cbbaaa41c&v=4.5.4.1 HTTP/1.1" 200 9507
::1 - - [07/Oct/2022:10:14:26 +0200] "GET /mysql/index.php?ajax_request=1&recent_table=1&token=d504dbe36dff1f570f58984cbbaaa41c&no_debug=true&_nocache=1665130466738973011 HTTP/1.1" 200 1456
::1 - - [07/Oct/2022:10:14:26 +0200] "POST /mysql/navigation.php?ajax_request=1&token=d504dbe36dff1f570f58984cbbaaa41c HTTP/1.1" 200 2589
::1 - - [07/Oct/2022:10:14:27 +0200] "GET / HTTP/1.1" 200 1598
::1 - - [07/Oct/2022:10:14:27 +0200] "GET /?getimg=title HTTP/1.1" 200 6119
::1 - - [07/Oct/2022:10:14:27 +0200] "GET /?getimg=folder HTTP/1.1" 200 537
::1 - - [07/Oct/2022:10:14:27 +0200] "GET /?getimg=favicon HTTP/1.1" 200 5430
::1 - - [07/Oct/2022:10:14:29 +0200] "GET /mysql/sql.php?server=1&db=db_shop&table=t_client&pos=0&token=d504dbe36dff1f570f58984cbbaaa41c&ajax_request=true&ajax_page_request=true&_nocache=1665130469199726460 HTTP/1.1" 200 7111
::1 - - [07/Oct/2022:10:14:29 +0200] "GET /mysql/js/get_scripts.js.php?scripts%5B%5D=jquery/jquery.uitablefilter.js&scripts%5B%5D=multi_column_sort.js&scripts%5B%5D=makegrid.js&call_done=1&v=4.5.4.1 HTTP/1.1" 200 19676
::1 - - [07/Oct/2022:10:14:29 +0200] "GET /mysql/index.php?ajax_request=1&recent_table=1&token=d504dbe36dff1f570f58984cbbaaa41c&no_debug=true&_nocache=1665130469515879228 HTTP/1.1" 200 1456
::1 - - [07/Oct/2022:10:14:29 +0200] "POST /mysql/navigation.php?ajax_request=1&token=d504dbe36dff1f570f58984cbbaaa41c HTTP/1.1" 200 2589
::1 - - [07/Oct/2022:10:17:34 +0200] "GET /mysql/sql.php?server=1&db=db_shop&table=t_produit&pos=0&token=d504dbe36dff1f570f58984cbbaaa41c&ajax_request=true&ajax_page_request=true&_nocache=1665130654183576421 HTTP/1.1" 200 7640
::1 - - [07/Oct/2022:10:17:34 +0200] "GET /mysql/index.php?ajax_request=1&recent_table=1&token=d504dbe36dff1f570f58984cbbaaa41c&no_debug=true&_nocache=1665130654418381933 HTTP/1.1" 200 1456
::1 - - [07/Oct/2022:10:17:34 +0200] "POST /mysql/navigation.php?ajax_request=1&token=d504dbe36dff1f570f58984cbbaaa41c HTTP/1.1" 200 2589
::1 - - [07/Oct/2022:10:17:36 +0200] "GET /mysql/sql.php?server=1&db=db_shop&table=t_commande&pos=0&token=d504dbe36dff1f570f58984cbbaaa41c&ajax_request=true&ajax_page_request=true&_nocache=1665130656983486100 HTTP/1.1" 200 4649
::1 - - [07/Oct/2022:10:17:37 +0200] "POST /mysql/navigation.php?ajax_request=1&token=d504dbe36dff1f570f58984cbbaaa41c HTTP/1.1" 200 2593
::1 - - [07/Oct/2022:10:17:37 +0200] "GET /mysql/index.php?ajax_request=1&recent_table=1&token=d504dbe36dff1f570f58984cbbaaa41c&no_debug=true&_nocache=1665130657161518072 HTTP/1.1" 200 1457
::1 - - [07/Oct/2022:10:17:38 +0200] "GET /mysql/sql.php?server=1&db=db_shop&table=t_produit&pos=0&token=d504dbe36dff1f570f58984cbbaaa41c&ajax_request=true&ajax_page_request=true&_nocache=1665130658732673189 HTTP/1.1" 200 7640
::1 - - [07/Oct/2022:10:17:38 +0200] "GET /mysql/index.php?ajax_request=1&recent_table=1&token=d504dbe36dff1f570f58984cbbaaa41c&no_debug=true&_nocache=1665130658948610677 HTTP/1.1" 200 1457
::1 - - [07/Oct/2022:10:17:38 +0200] "POST /mysql/navigation.php?ajax_request=1&token=d504dbe36dff1f570f58984cbbaaa41c HTTP/1.1" 200 2592
::1 - - [07/Oct/2022:10:17:44 +0200] "GET /mysql/sql.php?server=1&db=db_shop&table=t_commande&pos=0&token=d504dbe36dff1f570f58984cbbaaa41c&ajax_request=true&ajax_page_request=true&_nocache=166513066442589599 HTTP/1.1" 200 4649
::1 - - [07/Oct/2022:10:17:44 +0200] "GET /mysql/index.php?ajax_request=1&recent_table=1&token=d504dbe36dff1f570f58984cbbaaa41c&no_debug=true&_nocache=1665130664669156763 HTTP/1.1" 200 1457
::1 - - [07/Oct/2022:10:17:44 +0200] "POST /mysql/navigation.php?ajax_request=1&token=d504dbe36dff1f570f58984cbbaaa41c HTTP/1.1" 200 2593
::1 - - [07/Oct/2022:10:18:30 +0200] "GET /mysql/sql.php?server=1&db=db_shop&table=t_client&pos=0&token=d504dbe36dff1f570f58984cbbaaa41c&ajax_request=true&ajax_page_request=true&_nocache=1665130710745276090 HTTP/1.1" 200 7111
::1 - - [07/Oct/2022:10:18:30 +0200] "GET /mysql/index.php?ajax_request=1&recent_table=1&token=d504dbe36dff1f570f58984cbbaaa41c&no_debug=true&_nocache=1665130710961500921 HTTP/1.1" 200 1456
::1 - - [07/Oct/2022:10:18:30 +0200] "POST /mysql/navigation.php?ajax_request=1&token=d504dbe36dff1f570f58984cbbaaa41c HTTP/1.1" 200 2589
::1 - - [07/Oct/2022:10:18:40 +0200] "GET /mysql/sql.php?server=1&db=db_shop&table=t_commande&pos=0&token=d504dbe36dff1f570f58984cbbaaa41c&ajax_request=true&ajax_page_request=true&_nocache=1665130720798173097 HTTP/1.1" 200 4649
::1 - - [07/Oct/2022:10:18:41 +0200] "GET /mysql/index.php?ajax_request=1&recent_table=1&token=d504dbe36dff1f570f58984cbbaaa41c&no_debug=true&_nocache=1665130721027601825 HTTP/1.1" 200 1456
::1 - - [07/Oct/2022:10:18:41 +0200] "POST /mysql/navigation.php?ajax_request=1&token=d504dbe36dff1f570f58984cbbaaa41c HTTP/1.1" 200 2589
::1 - - [07/Oct/2022:10:18:42 +0200] "GET /mysql/sql.php?server=1&db=db_shop&table=t_produit&pos=0&token=d504dbe36dff1f570f58984cbbaaa41c&ajax_request=true&ajax_page_request=true&_nocache=1665130722440218047 HTTP/1.1" 200 7639
::1 - - [07/Oct/2022:10:18:42 +0200] "GET /mysql/index.php?ajax_request=1&recent_table=1&token=d504dbe36dff1f570f58984cbbaaa41c&no_debug=true&_nocache=1665130722653442211 HTTP/1.1" 200 1457
::1 - - [07/Oct/2022:10:18:42 +0200] "POST /mysql/navigation.php?ajax_request=1&token=d504dbe36dff1f570f58984cbbaaa41c HTTP/1.1" 200 2592
::1 - - [07/Oct/2022:10:18:43 +0200] "GET /mysql/sql.php?server=1&db=db_shop&table=t_commande&pos=0&token=d504dbe36dff1f570f58984cbbaaa41c&ajax_request=true&ajax_page_request=true&_nocache=1665130723685240606 HTTP/1.1" 200 4649
::1 - - [07/Oct/2022:10:18:43 +0200] "GET /mysql/index.php?ajax_request=1&recent_table=1&token=d504dbe36dff1f570f58984cbbaaa41c&no_debug=true&_nocache=1665130723918153888 HTTP/1.1" 200 1457
::1 - - [07/Oct/2022:10:18:43 +0200] "POST /mysql/navigation.php?ajax_request=1&token=d504dbe36dff1f570f58984cbbaaa41c HTTP/1.1" 200 2593
::1 - - [07/Oct/2022:10:19:13 +0200] "GET /mysql/sql.php?server=1&db=db_shop&table=t_commande&pos=0&token=d504dbe36dff1f570f58984cbbaaa41c&ajax_request=true&ajax_page_request=true&_nocache=1665130753087585616 HTTP/1.1" 200 4649
::1 - - [07/Oct/2022:10:19:13 +0200] "GET /mysql/index.php?ajax_request=1&recent_table=1&token=d504dbe36dff1f570f58984cbbaaa41c&no_debug=true&_nocache=1665130753258760496 HTTP/1.1" 200 1457
::1 - - [07/Oct/2022:10:19:13 +0200] "POST /mysql/navigation.php?ajax_request=1&token=d504dbe36dff1f570f58984cbbaaa41c HTTP/1.1" 200 2593
::1 - - [07/Oct/2022:10:19:14 +0200] "GET /mysql/sql.php?server=1&db=db_shop&table=t_produit&pos=0&token=d504dbe36dff1f570f58984cbbaaa41c&ajax_request=true&ajax_page_request=true&_nocache=1665130754008313724 HTTP/1.1" 200 7640
::1 - - [07/Oct/2022:10:19:14 +0200] "GET /mysql/index.php?ajax_request=1&recent_table=1&token=d504dbe36dff1f570f58984cbbaaa41c&no_debug=true&_nocache=1665130754258480521 HTTP/1.1" 200 1457
::1 - - [07/Oct/2022:10:19:14 +0200] "POST /mysql/navigation.php?ajax_request=1&token=d504dbe36dff1f570f58984cbbaaa41c HTTP/1.1" 200 2592
::1 - - [07/Oct/2022:10:19:15 +0200] "GET /mysql/sql.php?server=1&db=db_shop&table=t_client&pos=0&token=d504dbe36dff1f570f58984cbbaaa41c&ajax_request=true&ajax_page_request=true&_nocache=1665130755023135767 HTTP/1.1" 200 7109
::1 - - [07/Oct/2022:10:19:15 +0200] "GET /mysql/index.php?ajax_request=1&recent_table=1&token=d504dbe36dff1f570f58984cbbaaa41c&no_debug=true&_nocache=1665130755234787164 HTTP/1.1" 200 1457
::1 - - [07/Oct/2022:10:19:15 +0200] "POST /mysql/navigation.php?ajax_request=1&token=d504dbe36dff1f570f58984cbbaaa41c HTTP/1.1" 200 2590
::1 - - [07/Oct/2022:10:19:16 +0200] "GET /mysql/sql.php?server=1&db=db_shop&table=t_produit&pos=0&token=d504dbe36dff1f570f58984cbbaaa41c&ajax_request=true&ajax_page_request=true&_nocache=166513075687890736 HTTP/1.1" 200 7640
::1 - - [07/Oct/2022:10:19:17 +0200] "GET /mysql/index.php?ajax_request=1&recent_table=1&token=d504dbe36dff1f570f58984cbbaaa41c&no_debug=true&_nocache=1665130757118325181 HTTP/1.1" 200 1456
::1 - - [07/Oct/2022:10:19:17 +0200] "POST /mysql/navigation.php?ajax_request=1&token=d504dbe36dff1f570f58984cbbaaa41c HTTP/1.1" 200 2589
::1 - - [07/Oct/2022:10:29:02 +0200] "GET /mysql/sql.php?server=1&db=db_shop&table=t_client&pos=0&token=d504dbe36dff1f570f58984cbbaaa41c&ajax_request=true&ajax_page_request=true&_nocache=1665131342248100043 HTTP/1.1" 200 7110
::1 - - [07/Oct/2022:10:29:02 +0200] "GET /mysql/index.php?ajax_request=1&recent_table=1&token=d504dbe36dff1f570f58984cbbaaa41c&no_debug=true&_nocache=1665131342462590864 HTTP/1.1" 200 1457
::1 - - [07/Oct/2022:10:29:02 +0200] "POST /mysql/navigation.php?ajax_request=1&token=d504dbe36dff1f570f58984cbbaaa41c HTTP/1.1" 200 2590
::1 - - [07/Oct/2022:10:29:05 +0200] "GET /mysql/sql.php?server=1&db=db_shop&table=t_produit&pos=0&token=d504dbe36dff1f570f58984cbbaaa41c&ajax_request=true&ajax_page_request=true&_nocache=1665131345142661559 HTTP/1.1" 200 7638
::1 - - [07/Oct/2022:10:29:05 +0200] "GET /mysql/index.php?ajax_request=1&recent_table=1&token=d504dbe36dff1f570f58984cbbaaa41c&no_debug=true&_nocache=1665131345374705412 HTTP/1.1" 200 1456
::1 - - [07/Oct/2022:10:29:05 +0200] "POST /mysql/navigation.php?ajax_request=1&token=d504dbe36dff1f570f58984cbbaaa41c HTTP/1.1" 200 2589
::1 - - [07/Oct/2022:10:29:06 +0200] "GET /mysql/sql.php?server=1&db=db_shop&table=t_commande&pos=0&token=d504dbe36dff1f570f58984cbbaaa41c&ajax_request=true&ajax_page_request=true&_nocache=1665131346015831137 HTTP/1.1" 200 4649
::1 - - [07/Oct/2022:10:29:06 +0200] "POST /mysql/navigation.php?ajax_request=1&token=d504dbe36dff1f570f58984cbbaaa41c HTTP/1.1" 200 2593
::1 - - [07/Oct/2022:10:29:06 +0200] "GET /mysql/index.php?ajax_request=1&recent_table=1&token=d504dbe36dff1f570f58984cbbaaa41c&no_debug=true&_nocache=16651313462528842 HTTP/1.1" 200 1457
::1 - - [07/Oct/2022:10:29:07 +0200] "GET /mysql/tbl_change.php?db=db_shop&table=t_commande&token=d504dbe36dff1f570f58984cbbaaa41c&ajax_request=true&ajax_page_request=true&_nocache=1665131347576980021 HTTP/1.1" 200 6967
::1 - - [07/Oct/2022:10:29:07 +0200] "GET /mysql/index.php?ajax_request=1&recent_table=1&token=d504dbe36dff1f570f58984cbbaaa41c&no_debug=true&_nocache=1665131347824902721 HTTP/1.1" 200 1457
