2022-10-14T06:11:33.492119Z 0 [Warning] TIMESTAMP with implicit DEFAULT value is deprecated. Please use --explicit_defaults_for_timestamp server option (see documentation for more details).
2022-10-14T06:11:33.492119Z 0 [Warning] 'NO_ZERO_DATE', 'NO_ZERO_IN_DATE' and 'ERROR_FOR_DIVISION_BY_ZERO' sql modes should be used with strict mode. They will be merged with strict mode in a future release.
2022-10-14T06:11:33.492119Z 0 [Warning] 'NO_AUTO_CREATE_USER' sql mode was not set.
2022-10-14T06:11:33.492119Z 0 [Warning] Insecure configuration for --secure-file-priv: Current value does not restrict location of generated files. Consider setting it to a valid, non-empty path.
2022-10-14T06:11:33.492119Z 0 [ERROR] Cannot open Windows EventLog; check privileges, or start server with --log_syslog=0
2022-10-14T06:11:33.492119Z 0 [Note] C:\Users\damloup\Desktop\ETML-Cours\03-InfosComplementaires\03.1-Triggers\UwAmp\bin\database\mysql-5.7.11\bin\mysqld.exe (mysqld 5.7.11) starting as process 5428 ...
2022-10-14T06:11:33.507676Z 0 [ERROR] Can't open shared library 'C:\Users\damloup\Desktop\ETML-Cours\03-InfosComplementaires\03.1-Triggers\UwAmp\bin\database\mysql-5.7.11\lib\plugin\keyring_file.dll' (errno: 126 Le module spécifié est introuvable.)
2022-10-14T06:11:33.507676Z 0 [ERROR] Couldn't load plugin named 'keyring_file' with soname 'keyring_file.dll'.
2022-10-14T06:11:33.507676Z 0 [Note] InnoDB: Mutexes and rw_locks use Windows interlocked functions
2022-10-14T06:11:33.507676Z 0 [Note] InnoDB: Uses event mutexes
2022-10-14T06:11:33.507676Z 0 [Note] InnoDB: Memory barrier is not used
2022-10-14T06:11:33.507676Z 0 [Note] InnoDB: Compressed tables use zlib 1.2.3
2022-10-14T06:11:33.507676Z 0 [Note] InnoDB: Number of pools: 1
2022-10-14T06:11:33.507676Z 0 [Note] InnoDB: Not using CPU crc32 instructions
2022-10-14T06:11:33.538825Z 0 [Note] InnoDB: Initializing buffer pool, total size = 128M, instances = 1, chunk size = 128M
2022-10-14T06:11:33.538825Z 0 [Note] InnoDB: Completed initialization of buffer pool
2022-10-14T06:11:33.598014Z 0 [Note] InnoDB: Highest supported file format is Barracuda.
2022-10-14T06:11:33.598014Z 0 [Note] InnoDB: Log scan progressed past the checkpoint lsn 2937229
2022-10-14T06:11:33.598014Z 0 [Note] InnoDB: Doing recovery: scanned up to log sequence number 2937238
2022-10-14T06:11:33.598014Z 0 [Note] InnoDB: Doing recovery: scanned up to log sequence number 2937238
2022-10-14T06:11:33.598014Z 0 [Note] InnoDB: Database was not shutdown normally!
2022-10-14T06:11:33.613549Z 0 [Note] InnoDB: Starting crash recovery.
2022-10-14T06:11:33.885788Z 0 [Note] InnoDB: Removed temporary tablespace data file: "ibtmp1"
2022-10-14T06:11:33.885788Z 0 [Note] InnoDB: Creating shared tablespace for temporary tables
2022-10-14T06:11:33.885788Z 0 [Note] InnoDB: Setting file '.\ibtmp1' size to 12 MB. Physically writing the file full; Please wait ...
2022-10-14T06:11:33.901341Z 0 [Note] InnoDB: File '.\ibtmp1' size is now 12 MB.
2022-10-14T06:11:33.901341Z 0 [Note] InnoDB: 96 redo rollback segment(s) found. 96 redo rollback segment(s) are active.
2022-10-14T06:11:33.901341Z 0 [Note] InnoDB: 32 non-redo rollback segment(s) are active.
2022-10-14T06:11:33.901341Z 0 [Note] InnoDB: Waiting for purge to start
2022-10-14T06:11:33.970086Z 0 [Note] InnoDB: 5.7.11 started; log sequence number 2937238
2022-10-14T06:11:33.970086Z 0 [Note] InnoDB: Loading buffer pool(s) from C:\Users\damloup\Desktop\ETML-Cours\03-InfosComplementaires\03.1-Triggers\UwAmp\bin\database\mysql-5.7.11\data\ib_buffer_pool
2022-10-14T06:11:33.970086Z 0 [Note] Plugin 'FEDERATED' is disabled.
2022-10-14T06:11:33.983776Z 0 [Note] InnoDB: Buffer pool(s) load completed at 221014  8:11:33
2022-10-14T06:11:33.990744Z 0 [Warning] Failed to set up SSL because of the following SSL library error: SSL context is not usable without certificate and private key
2022-10-14T06:11:33.992734Z 0 [Note] Server hostname (bind-address): '*'; port: 3306
2022-10-14T06:11:33.992734Z 0 [Note] IPv6 is available.
2022-10-14T06:11:33.992734Z 0 [Note]   - '::' resolves to '::';
2022-10-14T06:11:33.993745Z 0 [Note] Server socket created on IP: '::'.
2022-10-14T06:11:34.515512Z 0 [Note] Event Scheduler: Loaded 0 events
2022-10-14T06:11:34.515512Z 0 [Note] C:\Users\damloup\Desktop\ETML-Cours\03-InfosComplementaires\03.1-Triggers\UwAmp\bin\database\mysql-5.7.11\bin\mysqld.exe: ready for connections.
Version: '5.7.11'  socket: ''  port: 3306  MySQL Community Server (GPL)
