2022-10-03T13:49:00.180112Z 0 [Warning] TIMESTAMP with implicit DEFAULT value is deprecated. Please use --explicit_defaults_for_timestamp server option (see documentation for more details).
2022-10-03T13:49:00.180112Z 0 [Warning] 'NO_ZERO_DATE', 'NO_ZERO_IN_DATE' and 'ERROR_FOR_DIVISION_BY_ZERO' sql modes should be used with strict mode. They will be merged with strict mode in a future release.
2022-10-03T13:49:00.180112Z 0 [Warning] 'NO_AUTO_CREATE_USER' sql mode was not set.
2022-10-03T13:49:00.180112Z 0 [Warning] Insecure configuration for --secure-file-priv: Current value does not restrict location of generated files. Consider setting it to a valid, non-empty path.
2022-10-03T13:49:00.180112Z 0 [ERROR] Cannot open Windows EventLog; check privileges, or start server with --log_syslog=0
2022-10-03T13:49:00.180112Z 0 [Note] C:\Users\damloup\Desktop\ETML-Cours\UwAmp\bin\database\mysql-5.7.11\bin\mysqld.exe (mysqld 5.7.11) starting as process 16344 ...
2022-10-03T13:49:00.206408Z 0 [ERROR] Can't open shared library 'C:\Users\damloup\Desktop\ETML-Cours\UwAmp\bin\database\mysql-5.7.11\lib\plugin\keyring_file.dll' (errno: 126 Le module spécifié est introuvable.)
2022-10-03T13:49:00.206408Z 0 [ERROR] Couldn't load plugin named 'keyring_file' with soname 'keyring_file.dll'.
2022-10-03T13:49:00.206408Z 0 [Note] InnoDB: Mutexes and rw_locks use Windows interlocked functions
2022-10-03T13:49:00.206408Z 0 [Note] InnoDB: Uses event mutexes
2022-10-03T13:49:00.206408Z 0 [Note] InnoDB: Memory barrier is not used
2022-10-03T13:49:00.206408Z 0 [Note] InnoDB: Compressed tables use zlib 1.2.3
2022-10-03T13:49:00.206408Z 0 [Note] InnoDB: Number of pools: 1
2022-10-03T13:49:00.206408Z 0 [Note] InnoDB: Not using CPU crc32 instructions
2022-10-03T13:49:00.237653Z 0 [Note] InnoDB: Initializing buffer pool, total size = 128M, instances = 1, chunk size = 128M
2022-10-03T13:49:00.237653Z 0 [Note] InnoDB: Completed initialization of buffer pool
2022-10-03T13:49:00.255566Z 0 [Note] InnoDB: Setting log file .\ib_logfile101 size to 48 MB
2022-10-03T13:49:00.286106Z 0 [Note] InnoDB: Setting log file .\ib_logfile1 size to 48 MB
2022-10-03T13:49:00.324852Z 0 [Note] InnoDB: Renaming log file .\ib_logfile101 to .\ib_logfile0
2022-10-03T13:49:00.327013Z 0 [Warning] InnoDB: New log files created, LSN=2602779
2022-10-03T13:49:00.327013Z 0 [Note] InnoDB: Highest supported file format is Barracuda.
2022-10-03T13:49:00.327013Z 0 [Note] InnoDB: Log scan progressed past the checkpoint lsn 2603020
2022-10-03T13:49:00.327013Z 0 [Note] InnoDB: Doing recovery: scanned up to log sequence number 2603029
2022-10-03T13:49:00.327013Z 0 [Note] InnoDB: Doing recovery: scanned up to log sequence number 2603029
2022-10-03T13:49:00.327013Z 0 [Note] InnoDB: Database was not shutdown normally!
2022-10-03T13:49:00.327013Z 0 [Note] InnoDB: Starting crash recovery.
2022-10-03T13:49:00.585763Z 0 [Note] InnoDB: Creating shared tablespace for temporary tables
2022-10-03T13:49:00.585763Z 0 [Note] InnoDB: Setting file '.\ibtmp1' size to 12 MB. Physically writing the file full; Please wait ...
2022-10-03T13:49:00.601353Z 0 [Note] InnoDB: File '.\ibtmp1' size is now 12 MB.
2022-10-03T13:49:00.601353Z 0 [Note] InnoDB: 96 redo rollback segment(s) found. 96 redo rollback segment(s) are active.
2022-10-03T13:49:00.601353Z 0 [Note] InnoDB: 32 non-redo rollback segment(s) are active.
2022-10-03T13:49:00.601353Z 0 [Note] InnoDB: Waiting for purge to start
2022-10-03T13:49:00.670158Z 0 [Note] InnoDB: 5.7.11 started; log sequence number 2603029
2022-10-03T13:49:00.670158Z 0 [Note] InnoDB: Loading buffer pool(s) from C:\Users\damloup\Desktop\ETML-Cours\UwAmp\bin\database\mysql-5.7.11\data\ib_buffer_pool
2022-10-03T13:49:00.670158Z 0 [Note] Plugin 'FEDERATED' is disabled.
2022-10-03T13:49:00.688108Z 0 [Warning] Failed to set up SSL because of the following SSL library error: SSL context is not usable without certificate and private key
2022-10-03T13:49:00.689105Z 0 [Note] InnoDB: Buffer pool(s) load completed at 221003 15:49:00
2022-10-03T13:49:00.689105Z 0 [Note] Server hostname (bind-address): '*'; port: 3306
2022-10-03T13:49:00.690103Z 0 [Note] IPv6 is available.
2022-10-03T13:49:00.690103Z 0 [Note]   - '::' resolves to '::';
2022-10-03T13:49:00.690103Z 0 [Note] Server socket created on IP: '::'.
2022-10-03T13:49:01.218639Z 0 [Note] Event Scheduler: Loaded 0 events
2022-10-03T13:49:01.218639Z 0 [Note] C:\Users\damloup\Desktop\ETML-Cours\UwAmp\bin\database\mysql-5.7.11\bin\mysqld.exe: ready for connections.
Version: '5.7.11'  socket: ''  port: 3306  MySQL Community Server (GPL)
2022-10-03T14:46:46.108484Z 0 [Note] InnoDB: page_cleaner: 1000ms intended loop took 887510ms. The settings might not be optimal. (flushed=0 and evicted=0, during the time.)
2022-10-07T11:50:12.761528Z 0 [Warning] TIMESTAMP with implicit DEFAULT value is deprecated. Please use --explicit_defaults_for_timestamp server option (see documentation for more details).
2022-10-07T11:50:12.761528Z 0 [Warning] 'NO_ZERO_DATE', 'NO_ZERO_IN_DATE' and 'ERROR_FOR_DIVISION_BY_ZERO' sql modes should be used with strict mode. They will be merged with strict mode in a future release.
2022-10-07T11:50:12.761528Z 0 [Warning] 'NO_AUTO_CREATE_USER' sql mode was not set.
2022-10-07T11:50:12.761528Z 0 [Warning] Insecure configuration for --secure-file-priv: Current value does not restrict location of generated files. Consider setting it to a valid, non-empty path.
2022-10-07T11:50:12.761528Z 0 [ERROR] Cannot open Windows EventLog; check privileges, or start server with --log_syslog=0
2022-10-07T11:50:12.761528Z 0 [Note] C:\Users\damloup\Desktop\ETML-Cours\UwAmp\bin\database\mysql-5.7.11\bin\mysqld.exe (mysqld 5.7.11) starting as process 5112 ...
2022-10-07T11:50:12.776942Z 0 [ERROR] Can't open shared library 'C:\Users\damloup\Desktop\ETML-Cours\UwAmp\bin\database\mysql-5.7.11\lib\plugin\keyring_file.dll' (errno: 126 Le module spécifié est introuvable.)
2022-10-07T11:50:12.776942Z 0 [ERROR] Couldn't load plugin named 'keyring_file' with soname 'keyring_file.dll'.
2022-10-07T11:50:12.776942Z 0 [Note] InnoDB: Mutexes and rw_locks use Windows interlocked functions
2022-10-07T11:50:12.776942Z 0 [Note] InnoDB: Uses event mutexes
2022-10-07T11:50:12.776942Z 0 [Note] InnoDB: Memory barrier is not used
2022-10-07T11:50:12.776942Z 0 [Note] InnoDB: Compressed tables use zlib 1.2.3
2022-10-07T11:50:12.776942Z 0 [Note] InnoDB: Number of pools: 1
2022-10-07T11:50:12.776942Z 0 [Note] InnoDB: Not using CPU crc32 instructions
2022-10-07T11:50:12.796303Z 0 [Note] InnoDB: Initializing buffer pool, total size = 128M, instances = 1, chunk size = 128M
2022-10-07T11:50:12.811751Z 0 [Note] InnoDB: Completed initialization of buffer pool
2022-10-07T11:50:12.842568Z 0 [Note] InnoDB: Highest supported file format is Barracuda.
2022-10-07T11:50:12.842568Z 0 [Note] InnoDB: Log scan progressed past the checkpoint lsn 2603048
2022-10-07T11:50:12.842568Z 0 [Note] InnoDB: Doing recovery: scanned up to log sequence number 2603057
2022-10-07T11:50:12.842568Z 0 [Note] InnoDB: Doing recovery: scanned up to log sequence number 2603057
2022-10-07T11:50:12.842568Z 0 [Note] InnoDB: Database was not shutdown normally!
2022-10-07T11:50:12.842568Z 0 [Note] InnoDB: Starting crash recovery.
2022-10-07T11:50:13.128474Z 0 [Note] InnoDB: Removed temporary tablespace data file: "ibtmp1"
2022-10-07T11:50:13.128474Z 0 [Note] InnoDB: Creating shared tablespace for temporary tables
2022-10-07T11:50:13.128474Z 0 [Note] InnoDB: Setting file '.\ibtmp1' size to 12 MB. Physically writing the file full; Please wait ...
2022-10-07T11:50:13.128474Z 0 [Note] InnoDB: File '.\ibtmp1' size is now 12 MB.
2022-10-07T11:50:13.143885Z 0 [Note] InnoDB: 96 redo rollback segment(s) found. 96 redo rollback segment(s) are active.
2022-10-07T11:50:13.143885Z 0 [Note] InnoDB: 32 non-redo rollback segment(s) are active.
2022-10-07T11:50:13.143885Z 0 [Note] InnoDB: Waiting for purge to start
2022-10-07T11:50:13.205531Z 0 [Note] InnoDB: 5.7.11 started; log sequence number 2603057
2022-10-07T11:50:13.205531Z 0 [Note] Plugin 'FEDERATED' is disabled.
2022-10-07T11:50:13.205531Z 0 [Note] InnoDB: Loading buffer pool(s) from C:\Users\damloup\Desktop\ETML-Cours\UwAmp\bin\database\mysql-5.7.11\data\ib_buffer_pool
2022-10-07T11:50:13.211954Z 0 [Warning] Failed to set up SSL because of the following SSL library error: SSL context is not usable without certificate and private key
2022-10-07T11:50:13.211954Z 0 [Note] InnoDB: Buffer pool(s) load completed at 221007 13:50:13
2022-10-07T11:50:13.211954Z 0 [Note] Server hostname (bind-address): '*'; port: 3306
2022-10-07T11:50:13.211954Z 0 [Note] IPv6 is available.
2022-10-07T11:50:13.211954Z 0 [Note]   - '::' resolves to '::';
2022-10-07T11:50:13.211954Z 0 [Note] Server socket created on IP: '::'.
2022-10-07T11:50:13.706393Z 0 [Note] Event Scheduler: Loaded 0 events
2022-10-07T11:50:13.706393Z 0 [Note] C:\Users\damloup\Desktop\ETML-Cours\UwAmp\bin\database\mysql-5.7.11\bin\mysqld.exe: ready for connections.
Version: '5.7.11'  socket: ''  port: 3306  MySQL Community Server (GPL)
2022-10-14T12:17:35.153259Z 0 [Warning] TIMESTAMP with implicit DEFAULT value is deprecated. Please use --explicit_defaults_for_timestamp server option (see documentation for more details).
2022-10-14T12:17:35.153259Z 0 [Warning] 'NO_ZERO_DATE', 'NO_ZERO_IN_DATE' and 'ERROR_FOR_DIVISION_BY_ZERO' sql modes should be used with strict mode. They will be merged with strict mode in a future release.
2022-10-14T12:17:35.153259Z 0 [Warning] 'NO_AUTO_CREATE_USER' sql mode was not set.
2022-10-14T12:17:35.153259Z 0 [Warning] Insecure configuration for --secure-file-priv: Current value does not restrict location of generated files. Consider setting it to a valid, non-empty path.
2022-10-14T12:17:35.153259Z 0 [ERROR] Cannot open Windows EventLog; check privileges, or start server with --log_syslog=0
2022-10-14T12:17:35.153259Z 0 [Note] C:\Users\damloup\Desktop\ETML-Cours\UwAmp\bin\database\mysql-5.7.11\bin\mysqld.exe (mysqld 5.7.11) starting as process 5028 ...
2022-10-14T12:17:35.168914Z 0 [ERROR] Can't open shared library 'C:\Users\damloup\Desktop\ETML-Cours\UwAmp\bin\database\mysql-5.7.11\lib\plugin\keyring_file.dll' (errno: 126 Le module spécifié est introuvable.)
2022-10-14T12:17:35.168914Z 0 [ERROR] Couldn't load plugin named 'keyring_file' with soname 'keyring_file.dll'.
2022-10-14T12:17:35.168914Z 0 [Note] InnoDB: Mutexes and rw_locks use Windows interlocked functions
2022-10-14T12:17:35.168914Z 0 [Note] InnoDB: Uses event mutexes
2022-10-14T12:17:35.168914Z 0 [Note] InnoDB: Memory barrier is not used
2022-10-14T12:17:35.168914Z 0 [Note] InnoDB: Compressed tables use zlib 1.2.3
2022-10-14T12:17:35.168914Z 0 [Note] InnoDB: Number of pools: 1
2022-10-14T12:17:35.168914Z 0 [Note] InnoDB: Not using CPU crc32 instructions
2022-10-14T12:17:35.200123Z 0 [Note] InnoDB: Initializing buffer pool, total size = 128M, instances = 1, chunk size = 128M
2022-10-14T12:17:35.200123Z 0 [Note] InnoDB: Completed initialization of buffer pool
2022-10-14T12:17:35.254609Z 0 [Note] InnoDB: Highest supported file format is Barracuda.
2022-10-14T12:17:35.254609Z 0 [Note] InnoDB: Log scan progressed past the checkpoint lsn 2603076
2022-10-14T12:17:35.254609Z 0 [Note] InnoDB: Doing recovery: scanned up to log sequence number 2603085
2022-10-14T12:17:35.254609Z 0 [Note] InnoDB: Doing recovery: scanned up to log sequence number 2603085
2022-10-14T12:17:35.254609Z 0 [Note] InnoDB: Database was not shutdown normally!
2022-10-14T12:17:35.254609Z 0 [Note] InnoDB: Starting crash recovery.
2022-10-14T12:17:35.501819Z 0 [Note] InnoDB: Removed temporary tablespace data file: "ibtmp1"
2022-10-14T12:17:35.501819Z 0 [Note] InnoDB: Creating shared tablespace for temporary tables
2022-10-14T12:17:35.501819Z 0 [Note] InnoDB: Setting file '.\ibtmp1' size to 12 MB. Physically writing the file full; Please wait ...
2022-10-14T12:17:35.517449Z 0 [Note] InnoDB: File '.\ibtmp1' size is now 12 MB.
2022-10-14T12:17:35.517449Z 0 [Note] InnoDB: 96 redo rollback segment(s) found. 96 redo rollback segment(s) are active.
2022-10-14T12:17:35.517449Z 0 [Note] InnoDB: 32 non-redo rollback segment(s) are active.
2022-10-14T12:17:35.517449Z 0 [Note] InnoDB: Waiting for purge to start
2022-10-14T12:17:35.589758Z 0 [Note] InnoDB: 5.7.11 started; log sequence number 2603085
2022-10-14T12:17:35.589758Z 0 [Note] InnoDB: Loading buffer pool(s) from C:\Users\damloup\Desktop\ETML-Cours\UwAmp\bin\database\mysql-5.7.11\data\ib_buffer_pool
2022-10-14T12:17:35.589758Z 0 [Note] Plugin 'FEDERATED' is disabled.
2022-10-14T12:17:35.605380Z 0 [Warning] Failed to set up SSL because of the following SSL library error: SSL context is not usable without certificate and private key
2022-10-14T12:17:35.605380Z 0 [Note] Server hostname (bind-address): '*'; port: 3306
2022-10-14T12:17:35.605380Z 0 [Note] IPv6 is available.
2022-10-14T12:17:35.605380Z 0 [Note]   - '::' resolves to '::';
2022-10-14T12:17:35.605380Z 0 [Note] Server socket created on IP: '::'.
2022-10-14T12:17:35.605380Z 0 [Note] InnoDB: Buffer pool(s) load completed at 221014 14:17:35
2022-10-14T12:17:36.058383Z 0 [Note] Event Scheduler: Loaded 0 events
2022-10-14T12:17:36.058383Z 0 [Note] C:\Users\damloup\Desktop\ETML-Cours\UwAmp\bin\database\mysql-5.7.11\bin\mysqld.exe: ready for connections.
Version: '5.7.11'  socket: ''  port: 3306  MySQL Community Server (GPL)
2022-10-14T12:25:14.231308Z 0 [Note] C:\Users\damloup\Desktop\ETML-Cours\UwAmp\bin\database\mysql-5.7.11\bin\mysqld.exe: Normal shutdown

2022-10-14T12:25:14.231308Z 0 [Note] Giving 0 client threads a chance to die gracefully
2022-10-14T12:25:14.231308Z 0 [Note] Shutting down slave threads
2022-10-14T12:25:14.232303Z 0 [Note] Forcefully disconnecting 0 remaining clients
2022-10-14T12:25:14.232303Z 0 [Note] Event Scheduler: Purging the queue. 0 events
2022-10-14T12:25:14.232303Z 0 [Note] Binlog end
2022-10-14T12:25:14.233302Z 0 [Note] Shutting down plugin 'ngram'
2022-10-14T12:25:14.233302Z 0 [Note] Shutting down plugin 'partition'
2022-10-14T12:25:14.233302Z 0 [Note] Shutting down plugin 'BLACKHOLE'
2022-10-14T12:25:14.233302Z 0 [Note] Shutting down plugin 'ARCHIVE'
2022-10-14T12:25:14.234299Z 0 [Note] Shutting down plugin 'PERFORMANCE_SCHEMA'
2022-10-14T12:25:14.234299Z 0 [Note] Shutting down plugin 'MRG_MYISAM'
2022-10-14T12:25:14.234299Z 0 [Note] Shutting down plugin 'MyISAM'
2022-10-14T12:25:14.234299Z 0 [Note] Shutting down plugin 'INNODB_SYS_VIRTUAL'
2022-10-14T12:25:14.234299Z 0 [Note] Shutting down plugin 'INNODB_SYS_DATAFILES'
2022-10-14T12:25:14.235297Z 0 [Note] Shutting down plugin 'INNODB_SYS_TABLESPACES'
2022-10-14T12:25:14.235297Z 0 [Note] Shutting down plugin 'INNODB_SYS_FOREIGN_COLS'
2022-10-14T12:25:14.235297Z 0 [Note] Shutting down plugin 'INNODB_SYS_FOREIGN'
2022-10-14T12:25:14.235297Z 0 [Note] Shutting down plugin 'INNODB_SYS_FIELDS'
2022-10-14T12:25:14.235297Z 0 [Note] Shutting down plugin 'INNODB_SYS_COLUMNS'
2022-10-14T12:25:14.236293Z 0 [Note] Shutting down plugin 'INNODB_SYS_INDEXES'
2022-10-14T12:25:14.236293Z 0 [Note] Shutting down plugin 'INNODB_SYS_TABLESTATS'
2022-10-14T12:25:14.236293Z 0 [Note] Shutting down plugin 'INNODB_SYS_TABLES'
2022-10-14T12:25:14.236293Z 0 [Note] Shutting down plugin 'INNODB_FT_INDEX_TABLE'
2022-10-14T12:25:14.236293Z 0 [Note] Shutting down plugin 'INNODB_FT_INDEX_CACHE'
2022-10-14T12:25:14.237291Z 0 [Note] Shutting down plugin 'INNODB_FT_CONFIG'
2022-10-14T12:25:14.237291Z 0 [Note] Shutting down plugin 'INNODB_FT_BEING_DELETED'
2022-10-14T12:25:14.237291Z 0 [Note] Shutting down plugin 'INNODB_FT_DELETED'
2022-10-14T12:25:14.237291Z 0 [Note] Shutting down plugin 'INNODB_FT_DEFAULT_STOPWORD'
2022-10-14T12:25:14.237291Z 0 [Note] Shutting down plugin 'INNODB_METRICS'
2022-10-14T12:25:14.238288Z 0 [Note] Shutting down plugin 'INNODB_TEMP_TABLE_INFO'
2022-10-14T12:25:14.238288Z 0 [Note] Shutting down plugin 'INNODB_BUFFER_POOL_STATS'
2022-10-14T12:25:14.238288Z 0 [Note] Shutting down plugin 'INNODB_BUFFER_PAGE_LRU'
2022-10-14T12:25:14.238288Z 0 [Note] Shutting down plugin 'INNODB_BUFFER_PAGE'
2022-10-14T12:25:14.238288Z 0 [Note] Shutting down plugin 'INNODB_CMP_PER_INDEX_RESET'
2022-10-14T12:25:14.239290Z 0 [Note] Shutting down plugin 'INNODB_CMP_PER_INDEX'
2022-10-14T12:25:14.239290Z 0 [Note] Shutting down plugin 'INNODB_CMPMEM_RESET'
2022-10-14T12:25:14.239290Z 0 [Note] Shutting down plugin 'INNODB_CMPMEM'
2022-10-14T12:25:14.239290Z 0 [Note] Shutting down plugin 'INNODB_CMP_RESET'
2022-10-14T12:25:14.239290Z 0 [Note] Shutting down plugin 'INNODB_CMP'
2022-10-14T12:25:14.240286Z 0 [Note] Shutting down plugin 'INNODB_LOCK_WAITS'
2022-10-14T12:25:14.240286Z 0 [Note] Shutting down plugin 'INNODB_LOCKS'
2022-10-14T12:25:14.240286Z 0 [Note] Shutting down plugin 'INNODB_TRX'
2022-10-14T12:25:14.240286Z 0 [Note] Shutting down plugin 'InnoDB'
2022-10-14T12:25:14.240286Z 0 [Note] InnoDB: FTS optimize thread exiting.
2022-10-14T12:25:14.241284Z 0 [Note] InnoDB: Starting shutdown...
2022-10-14T12:25:14.356129Z 0 [Note] InnoDB: Dumping buffer pool(s) to C:\Users\damloup\Desktop\ETML-Cours\UwAmp\bin\database\mysql-5.7.11\data\ib_buffer_pool
2022-10-14T12:25:14.358139Z 0 [Note] InnoDB: Buffer pool(s) dump completed at 221014 14:25:14
2022-10-14T12:25:15.361767Z 0 [Note] InnoDB: Shutdown completed; log sequence number 2603113
2022-10-14T12:25:15.361767Z 0 [Note] InnoDB: Removed temporary tablespace data file: "ibtmp1"
2022-10-14T12:25:15.361767Z 0 [Note] Shutting down plugin 'MEMORY'
2022-10-14T12:25:15.361767Z 0 [Note] Shutting down plugin 'CSV'
2022-10-14T12:25:15.361767Z 0 [Note] Shutting down plugin 'sha256_password'
2022-10-14T12:25:15.361767Z 0 [Note] Shutting down plugin 'mysql_native_password'
2022-10-14T12:25:15.361767Z 0 [Note] Shutting down plugin 'binlog'
2022-10-14T12:25:15.361767Z 0 [Note] C:\Users\damloup\Desktop\ETML-Cours\UwAmp\bin\database\mysql-5.7.11\bin\mysqld.exe: Shutdown complete

2022-10-14T12:25:21.568756Z 0 [Warning] TIMESTAMP with implicit DEFAULT value is deprecated. Please use --explicit_defaults_for_timestamp server option (see documentation for more details).
2022-10-14T12:25:21.568756Z 0 [Warning] 'NO_ZERO_DATE', 'NO_ZERO_IN_DATE' and 'ERROR_FOR_DIVISION_BY_ZERO' sql modes should be used with strict mode. They will be merged with strict mode in a future release.
2022-10-14T12:25:21.568756Z 0 [Warning] 'NO_AUTO_CREATE_USER' sql mode was not set.
2022-10-14T12:25:21.568756Z 0 [Warning] Insecure configuration for --secure-file-priv: Current value does not restrict location of generated files. Consider setting it to a valid, non-empty path.
2022-10-14T12:25:21.568756Z 0 [ERROR] Cannot open Windows EventLog; check privileges, or start server with --log_syslog=0
2022-10-14T12:25:21.568756Z 0 [Note] C:\Users\damloup\Desktop\ETML-Cours\UwAmp\bin\database\mysql-5.7.11\bin\mysqld.exe (mysqld 5.7.11) starting as process 7008 ...
2022-10-14T12:25:21.571797Z 0 [ERROR] Can't open shared library 'C:\Users\damloup\Desktop\ETML-Cours\UwAmp\bin\database\mysql-5.7.11\lib\plugin\keyring_file.dll' (errno: 126 Le module spécifié est introuvable.)
2022-10-14T12:25:21.571797Z 0 [ERROR] Couldn't load plugin named 'keyring_file' with soname 'keyring_file.dll'.
2022-10-14T12:25:21.571797Z 0 [Note] InnoDB: Mutexes and rw_locks use Windows interlocked functions
2022-10-14T12:25:21.571797Z 0 [Note] InnoDB: Uses event mutexes
2022-10-14T12:25:21.571797Z 0 [Note] InnoDB: Memory barrier is not used
2022-10-14T12:25:21.571797Z 0 [Note] InnoDB: Compressed tables use zlib 1.2.3
2022-10-14T12:25:21.571797Z 0 [Note] InnoDB: Number of pools: 1
2022-10-14T12:25:21.571797Z 0 [Note] InnoDB: Not using CPU crc32 instructions
2022-10-14T12:25:21.603044Z 0 [Note] InnoDB: Initializing buffer pool, total size = 128M, instances = 1, chunk size = 128M
2022-10-14T12:25:21.603044Z 0 [Note] InnoDB: Completed initialization of buffer pool
2022-10-14T12:25:21.640717Z 0 [Note] InnoDB: Highest supported file format is Barracuda.
2022-10-14T12:25:21.673996Z 0 [Note] InnoDB: Creating shared tablespace for temporary tables
2022-10-14T12:25:21.673996Z 0 [Note] InnoDB: Setting file '.\ibtmp1' size to 12 MB. Physically writing the file full; Please wait ...
2022-10-14T12:25:21.694458Z 0 [Note] InnoDB: File '.\ibtmp1' size is now 12 MB.
2022-10-14T12:25:21.694458Z 0 [Note] InnoDB: 96 redo rollback segment(s) found. 96 redo rollback segment(s) are active.
2022-10-14T12:25:21.694458Z 0 [Note] InnoDB: 32 non-redo rollback segment(s) are active.
2022-10-14T12:25:21.694458Z 0 [Note] InnoDB: Waiting for purge to start
2022-10-14T12:25:21.763560Z 0 [Note] InnoDB: 5.7.11 started; log sequence number 2603113
2022-10-14T12:25:21.763560Z 0 [Note] Plugin 'FEDERATED' is disabled.
2022-10-14T12:25:21.763560Z 0 [Note] InnoDB: Loading buffer pool(s) from C:\Users\damloup\Desktop\ETML-Cours\UwAmp\bin\database\mysql-5.7.11\data\ib_buffer_pool
2022-10-14T12:25:21.765686Z 0 [Warning] Failed to set up SSL because of the following SSL library error: SSL context is not usable without certificate and private key
2022-10-14T12:25:21.765686Z 0 [Note] Server hostname (bind-address): '*'; port: 3306
2022-10-14T12:25:21.765686Z 0 [Note] IPv6 is available.
2022-10-14T12:25:21.765686Z 0 [Note]   - '::' resolves to '::';
2022-10-14T12:25:21.765686Z 0 [Note] Server socket created on IP: '::'.
2022-10-14T12:25:21.785021Z 0 [Note] InnoDB: Buffer pool(s) load completed at 221014 14:25:21
2022-10-14T12:25:21.785021Z 0 [Note] Event Scheduler: Loaded 0 events
2022-10-14T12:25:21.785021Z 0 [Note] C:\Users\damloup\Desktop\ETML-Cours\UwAmp\bin\database\mysql-5.7.11\bin\mysqld.exe: ready for connections.
Version: '5.7.11'  socket: ''  port: 3306  MySQL Community Server (GPL)
2022-11-04T12:31:00.092719Z 0 [Warning] TIMESTAMP with implicit DEFAULT value is deprecated. Please use --explicit_defaults_for_timestamp server option (see documentation for more details).
2022-11-04T12:31:00.092719Z 0 [Warning] 'NO_ZERO_DATE', 'NO_ZERO_IN_DATE' and 'ERROR_FOR_DIVISION_BY_ZERO' sql modes should be used with strict mode. They will be merged with strict mode in a future release.
2022-11-04T12:31:00.092719Z 0 [Warning] 'NO_AUTO_CREATE_USER' sql mode was not set.
2022-11-04T12:31:00.092719Z 0 [Warning] Insecure configuration for --secure-file-priv: Current value does not restrict location of generated files. Consider setting it to a valid, non-empty path.
2022-11-04T12:31:00.092719Z 0 [ERROR] Cannot open Windows EventLog; check privileges, or start server with --log_syslog=0
2022-11-04T12:31:00.092719Z 0 [Note] C:\Users\damloup\Desktop\ETML-Cours\UwAmp\bin\database\mysql-5.7.11\bin\mysqld.exe (mysqld 5.7.11) starting as process 6256 ...
2022-11-04T12:31:00.108322Z 0 [ERROR] Can't open shared library 'C:\Users\damloup\Desktop\ETML-Cours\UwAmp\bin\database\mysql-5.7.11\lib\plugin\keyring_file.dll' (errno: 126 Le module spécifié est introuvable.)
2022-11-04T12:31:00.108322Z 0 [ERROR] Couldn't load plugin named 'keyring_file' with soname 'keyring_file.dll'.
2022-11-04T12:31:00.108322Z 0 [Note] InnoDB: Mutexes and rw_locks use Windows interlocked functions
2022-11-04T12:31:00.108322Z 0 [Note] InnoDB: Uses event mutexes
2022-11-04T12:31:00.108322Z 0 [Note] InnoDB: Memory barrier is not used
2022-11-04T12:31:00.108322Z 0 [Note] InnoDB: Compressed tables use zlib 1.2.3
2022-11-04T12:31:00.108322Z 0 [Note] InnoDB: Number of pools: 1
2022-11-04T12:31:00.108322Z 0 [Note] InnoDB: Not using CPU crc32 instructions
2022-11-04T12:31:00.139519Z 0 [Note] InnoDB: Initializing buffer pool, total size = 128M, instances = 1, chunk size = 128M
2022-11-04T12:31:00.139519Z 0 [Note] InnoDB: Completed initialization of buffer pool
2022-11-04T12:31:00.192952Z 0 [Note] InnoDB: Highest supported file format is Barracuda.
2022-11-04T12:31:00.192952Z 0 [Note] InnoDB: Log scan progressed past the checkpoint lsn 2603132
2022-11-04T12:31:00.192952Z 0 [Note] InnoDB: Doing recovery: scanned up to log sequence number 2603141
2022-11-04T12:31:00.192952Z 0 [Note] InnoDB: Doing recovery: scanned up to log sequence number 2603141
2022-11-04T12:31:00.192952Z 0 [Note] InnoDB: Database was not shutdown normally!
2022-11-04T12:31:00.192952Z 0 [Note] InnoDB: Starting crash recovery.
2022-11-04T12:31:00.493584Z 0 [Note] InnoDB: Removed temporary tablespace data file: "ibtmp1"
2022-11-04T12:31:00.493584Z 0 [Note] InnoDB: Creating shared tablespace for temporary tables
2022-11-04T12:31:00.493584Z 0 [Note] InnoDB: Setting file '.\ibtmp1' size to 12 MB. Physically writing the file full; Please wait ...
2022-11-04T12:31:00.509195Z 0 [Note] InnoDB: File '.\ibtmp1' size is now 12 MB.
2022-11-04T12:31:00.509195Z 0 [Note] InnoDB: 96 redo rollback segment(s) found. 96 redo rollback segment(s) are active.
2022-11-04T12:31:00.509195Z 0 [Note] InnoDB: 32 non-redo rollback segment(s) are active.
2022-11-04T12:31:00.509195Z 0 [Note] InnoDB: Waiting for purge to start
2022-11-04T12:31:00.578158Z 0 [Note] InnoDB: 5.7.11 started; log sequence number 2603141
2022-11-04T12:31:00.578158Z 0 [Note] InnoDB: Loading buffer pool(s) from C:\Users\damloup\Desktop\ETML-Cours\UwAmp\bin\database\mysql-5.7.11\data\ib_buffer_pool
2022-11-04T12:31:00.578158Z 0 [Note] Plugin 'FEDERATED' is disabled.
2022-11-04T12:31:00.593766Z 0 [Warning] Failed to set up SSL because of the following SSL library error: SSL context is not usable without certificate and private key
2022-11-04T12:31:00.593766Z 0 [Note] Server hostname (bind-address): '*'; port: 3306
2022-11-04T12:31:00.593766Z 0 [Note] InnoDB: Buffer pool(s) load completed at 221104 13:31:00
2022-11-04T12:31:00.593766Z 0 [Note] IPv6 is available.
2022-11-04T12:31:00.593766Z 0 [Note]   - '::' resolves to '::';
2022-11-04T12:31:00.593766Z 0 [Note] Server socket created on IP: '::'.
2022-11-04T12:31:01.113846Z 0 [Note] Event Scheduler: Loaded 0 events
2022-11-04T12:31:01.115877Z 0 [Note] C:\Users\damloup\Desktop\ETML-Cours\UwAmp\bin\database\mysql-5.7.11\bin\mysqld.exe: ready for connections.
Version: '5.7.11'  socket: ''  port: 3306  MySQL Community Server (GPL)
2022-11-04T15:21:06.745186Z 0 [Note] C:\Users\damloup\Desktop\ETML-Cours\UwAmp\bin\database\mysql-5.7.11\bin\mysqld.exe: Normal shutdown

2022-11-04T15:21:06.745186Z 0 [Note] Giving 0 client threads a chance to die gracefully
2022-11-04T15:21:06.745186Z 0 [Note] Shutting down slave threads
2022-11-04T15:21:06.745186Z 0 [Note] Forcefully disconnecting 0 remaining clients
2022-11-04T15:21:06.745186Z 0 [Note] Event Scheduler: Purging the queue. 0 events
2022-11-04T15:21:06.745186Z 0 [Note] Binlog end
2022-11-04T15:21:06.745186Z 0 [Note] Shutting down plugin 'ngram'
2022-11-04T15:21:06.745186Z 0 [Note] Shutting down plugin 'partition'
2022-11-04T15:21:06.745186Z 0 [Note] Shutting down plugin 'BLACKHOLE'
2022-11-04T15:21:06.760807Z 0 [Note] Shutting down plugin 'ARCHIVE'
2022-11-04T15:21:06.760807Z 0 [Note] Shutting down plugin 'PERFORMANCE_SCHEMA'
2022-11-04T15:21:06.760807Z 0 [Note] Shutting down plugin 'MRG_MYISAM'
2022-11-04T15:21:06.760807Z 0 [Note] Shutting down plugin 'MyISAM'
2022-11-04T15:21:06.760807Z 0 [Note] Shutting down plugin 'INNODB_SYS_VIRTUAL'
2022-11-04T15:21:06.760807Z 0 [Note] Shutting down plugin 'INNODB_SYS_DATAFILES'
2022-11-04T15:21:06.760807Z 0 [Note] Shutting down plugin 'INNODB_SYS_TABLESPACES'
2022-11-04T15:21:06.760807Z 0 [Note] Shutting down plugin 'INNODB_SYS_FOREIGN_COLS'
2022-11-04T15:21:06.762279Z 0 [Note] Shutting down plugin 'INNODB_SYS_FOREIGN'
2022-11-04T15:21:06.762279Z 0 [Note] Shutting down plugin 'INNODB_SYS_FIELDS'
2022-11-04T15:21:06.762279Z 0 [Note] Shutting down plugin 'INNODB_SYS_COLUMNS'
2022-11-04T15:21:06.762279Z 0 [Note] Shutting down plugin 'INNODB_SYS_INDEXES'
2022-11-04T15:21:06.763278Z 0 [Note] Shutting down plugin 'INNODB_SYS_TABLESTATS'
2022-11-04T15:21:06.763278Z 0 [Note] Shutting down plugin 'INNODB_SYS_TABLES'
2022-11-04T15:21:06.763278Z 0 [Note] Shutting down plugin 'INNODB_FT_INDEX_TABLE'
2022-11-04T15:21:06.763278Z 0 [Note] Shutting down plugin 'INNODB_FT_INDEX_CACHE'
2022-11-04T15:21:06.763278Z 0 [Note] Shutting down plugin 'INNODB_FT_CONFIG'
2022-11-04T15:21:06.764278Z 0 [Note] Shutting down plugin 'INNODB_FT_BEING_DELETED'
2022-11-04T15:21:06.764278Z 0 [Note] Shutting down plugin 'INNODB_FT_DELETED'
2022-11-04T15:21:06.764278Z 0 [Note] Shutting down plugin 'INNODB_FT_DEFAULT_STOPWORD'
2022-11-04T15:21:06.764278Z 0 [Note] Shutting down plugin 'INNODB_METRICS'
2022-11-04T15:21:06.765275Z 0 [Note] Shutting down plugin 'INNODB_TEMP_TABLE_INFO'
2022-11-04T15:21:06.765275Z 0 [Note] Shutting down plugin 'INNODB_BUFFER_POOL_STATS'
2022-11-04T15:21:06.765275Z 0 [Note] Shutting down plugin 'INNODB_BUFFER_PAGE_LRU'
2022-11-04T15:21:06.766120Z 0 [Note] Shutting down plugin 'INNODB_BUFFER_PAGE'
2022-11-04T15:21:06.766120Z 0 [Note] Shutting down plugin 'INNODB_CMP_PER_INDEX_RESET'
2022-11-04T15:21:06.766120Z 0 [Note] Shutting down plugin 'INNODB_CMP_PER_INDEX'
2022-11-04T15:21:06.766120Z 0 [Note] Shutting down plugin 'INNODB_CMPMEM_RESET'
2022-11-04T15:21:06.766120Z 0 [Note] Shutting down plugin 'INNODB_CMPMEM'
2022-11-04T15:21:06.766120Z 0 [Note] Shutting down plugin 'INNODB_CMP_RESET'
2022-11-04T15:21:06.766120Z 0 [Note] Shutting down plugin 'INNODB_CMP'
2022-11-04T15:21:06.766120Z 0 [Note] Shutting down plugin 'INNODB_LOCK_WAITS'
2022-11-04T15:21:06.766120Z 0 [Note] Shutting down plugin 'INNODB_LOCKS'
2022-11-04T15:21:06.766120Z 0 [Note] Shutting down plugin 'INNODB_TRX'
2022-11-04T15:21:06.766120Z 0 [Note] Shutting down plugin 'InnoDB'
2022-11-04T15:21:06.766120Z 0 [Note] InnoDB: FTS optimize thread exiting.
2022-11-04T15:21:06.766120Z 0 [Note] InnoDB: Starting shutdown...
2022-11-04T15:21:06.877636Z 0 [Note] InnoDB: Dumping buffer pool(s) to C:\Users\damloup\Desktop\ETML-Cours\UwAmp\bin\database\mysql-5.7.11\data\ib_buffer_pool
2022-11-04T15:21:06.877636Z 0 [Note] InnoDB: Buffer pool(s) dump completed at 221104 16:21:06
2022-11-04T15:21:08.288033Z 0 [Note] InnoDB: Shutdown completed; log sequence number 2603169
2022-11-04T15:21:08.288033Z 0 [Note] InnoDB: Removed temporary tablespace data file: "ibtmp1"
2022-11-04T15:21:08.288033Z 0 [Note] Shutting down plugin 'MEMORY'
2022-11-04T15:21:08.288033Z 0 [Note] Shutting down plugin 'CSV'
2022-11-04T15:21:08.288033Z 0 [Note] Shutting down plugin 'sha256_password'
2022-11-04T15:21:08.288033Z 0 [Note] Shutting down plugin 'mysql_native_password'
2022-11-04T15:21:08.288033Z 0 [Note] Shutting down plugin 'binlog'
2022-11-04T15:21:08.288033Z 0 [Note] C:\Users\damloup\Desktop\ETML-Cours\UwAmp\bin\database\mysql-5.7.11\bin\mysqld.exe: Shutdown complete

2022-11-11T07:09:14.245537Z 0 [Warning] TIMESTAMP with implicit DEFAULT value is deprecated. Please use --explicit_defaults_for_timestamp server option (see documentation for more details).
2022-11-11T07:09:14.245537Z 0 [Warning] 'NO_ZERO_DATE', 'NO_ZERO_IN_DATE' and 'ERROR_FOR_DIVISION_BY_ZERO' sql modes should be used with strict mode. They will be merged with strict mode in a future release.
2022-11-11T07:09:14.245537Z 0 [Warning] 'NO_AUTO_CREATE_USER' sql mode was not set.
2022-11-11T07:09:14.245537Z 0 [Warning] Insecure configuration for --secure-file-priv: Current value does not restrict location of generated files. Consider setting it to a valid, non-empty path.
2022-11-11T07:09:14.245537Z 0 [ERROR] Cannot open Windows EventLog; check privileges, or start server with --log_syslog=0
2022-11-11T07:09:14.245537Z 0 [Note] C:\Users\damloup\Desktop\ETML-Cours\UwAmp\bin\database\mysql-5.7.11\bin\mysqld.exe (mysqld 5.7.11) starting as process 5828 ...
2022-11-11T07:09:14.257429Z 0 [ERROR] Can't open shared library 'C:\Users\damloup\Desktop\ETML-Cours\UwAmp\bin\database\mysql-5.7.11\lib\plugin\keyring_file.dll' (errno: 126 Le module spécifié est introuvable.)
2022-11-11T07:09:14.257429Z 0 [ERROR] Couldn't load plugin named 'keyring_file' with soname 'keyring_file.dll'.
2022-11-11T07:09:14.257429Z 0 [Note] InnoDB: Mutexes and rw_locks use Windows interlocked functions
2022-11-11T07:09:14.257429Z 0 [Note] InnoDB: Uses event mutexes
2022-11-11T07:09:14.257429Z 0 [Note] InnoDB: Memory barrier is not used
2022-11-11T07:09:14.257429Z 0 [Note] InnoDB: Compressed tables use zlib 1.2.3
2022-11-11T07:09:14.257429Z 0 [Note] InnoDB: Number of pools: 1
2022-11-11T07:09:14.257429Z 0 [Note] InnoDB: Not using CPU crc32 instructions
2022-11-11T07:09:14.287067Z 0 [Note] InnoDB: Initializing buffer pool, total size = 128M, instances = 1, chunk size = 128M
2022-11-11T07:09:14.294934Z 0 [Note] InnoDB: Completed initialization of buffer pool
2022-11-11T07:09:14.336521Z 0 [Note] InnoDB: Highest supported file format is Barracuda.
2022-11-11T07:09:14.496912Z 0 [Note] InnoDB: Creating shared tablespace for temporary tables
2022-11-11T07:09:14.496912Z 0 [Note] InnoDB: Setting file '.\ibtmp1' size to 12 MB. Physically writing the file full; Please wait ...
2022-11-11T07:09:14.512037Z 0 [Note] InnoDB: File '.\ibtmp1' size is now 12 MB.
2022-11-11T07:09:14.512037Z 0 [Note] InnoDB: 96 redo rollback segment(s) found. 96 redo rollback segment(s) are active.
2022-11-11T07:09:14.512037Z 0 [Note] InnoDB: 32 non-redo rollback segment(s) are active.
2022-11-11T07:09:14.512037Z 0 [Note] InnoDB: Waiting for purge to start
2022-11-11T07:09:14.579061Z 0 [Note] InnoDB: 5.7.11 started; log sequence number 2603169
2022-11-11T07:09:14.579061Z 0 [Note] InnoDB: Loading buffer pool(s) from C:\Users\damloup\Desktop\ETML-Cours\UwAmp\bin\database\mysql-5.7.11\data\ib_buffer_pool
2022-11-11T07:09:14.579061Z 0 [Note] Plugin 'FEDERATED' is disabled.
2022-11-11T07:09:14.594196Z 0 [Warning] Failed to set up SSL because of the following SSL library error: SSL context is not usable without certificate and private key
2022-11-11T07:09:14.594196Z 0 [Note] Server hostname (bind-address): '*'; port: 3306
2022-11-11T07:09:14.594196Z 0 [Note] IPv6 is available.
2022-11-11T07:09:14.594196Z 0 [Note]   - '::' resolves to '::';
2022-11-11T07:09:14.594196Z 0 [Note] Server socket created on IP: '::'.
2022-11-11T07:09:14.594196Z 0 [Note] InnoDB: Buffer pool(s) load completed at 221111  8:09:14
2022-11-11T07:09:15.057395Z 0 [Note] Event Scheduler: Loaded 0 events
2022-11-11T07:09:15.057395Z 0 [Note] C:\Users\damloup\Desktop\ETML-Cours\UwAmp\bin\database\mysql-5.7.11\bin\mysqld.exe: ready for connections.
Version: '5.7.11'  socket: ''  port: 3306  MySQL Community Server (GPL)
2022-11-11T07:09:17.143969Z 0 [Note] C:\Users\damloup\Desktop\ETML-Cours\UwAmp\bin\database\mysql-5.7.11\bin\mysqld.exe: Normal shutdown

2022-11-11T07:09:17.143969Z 0 [Note] Giving 0 client threads a chance to die gracefully
2022-11-11T07:09:17.143969Z 0 [Note] Shutting down slave threads
2022-11-11T07:09:17.143969Z 0 [Note] Forcefully disconnecting 0 remaining clients
2022-11-11T07:09:17.143969Z 0 [Note] Event Scheduler: Purging the queue. 0 events
2022-11-11T07:09:17.143969Z 0 [Note] Binlog end
2022-11-11T07:09:17.143969Z 0 [Note] Shutting down plugin 'ngram'
2022-11-11T07:09:17.143969Z 0 [Note] Shutting down plugin 'partition'
2022-11-11T07:09:17.143969Z 0 [Note] Shutting down plugin 'BLACKHOLE'
2022-11-11T07:09:17.143969Z 0 [Note] Shutting down plugin 'ARCHIVE'
2022-11-11T07:09:17.143969Z 0 [Note] Shutting down plugin 'PERFORMANCE_SCHEMA'
2022-11-11T07:09:17.143969Z 0 [Note] Shutting down plugin 'MRG_MYISAM'
2022-11-11T07:09:17.143969Z 0 [Note] Shutting down plugin 'MyISAM'
2022-11-11T07:09:17.143969Z 0 [Note] Shutting down plugin 'INNODB_SYS_VIRTUAL'
2022-11-11T07:09:17.143969Z 0 [Note] Shutting down plugin 'INNODB_SYS_DATAFILES'
2022-11-11T07:09:17.143969Z 0 [Note] Shutting down plugin 'INNODB_SYS_TABLESPACES'
2022-11-11T07:09:17.143969Z 0 [Note] Shutting down plugin 'INNODB_SYS_FOREIGN_COLS'
2022-11-11T07:09:17.143969Z 0 [Note] Shutting down plugin 'INNODB_SYS_FOREIGN'
2022-11-11T07:09:17.143969Z 0 [Note] Shutting down plugin 'INNODB_SYS_FIELDS'
2022-11-11T07:09:17.143969Z 0 [Note] Shutting down plugin 'INNODB_SYS_COLUMNS'
2022-11-11T07:09:17.143969Z 0 [Note] Shutting down plugin 'INNODB_SYS_INDEXES'
2022-11-11T07:09:17.143969Z 0 [Note] Shutting down plugin 'INNODB_SYS_TABLESTATS'
2022-11-11T07:09:17.143969Z 0 [Note] Shutting down plugin 'INNODB_SYS_TABLES'
2022-11-11T07:09:17.143969Z 0 [Note] Shutting down plugin 'INNODB_FT_INDEX_TABLE'
2022-11-11T07:09:17.143969Z 0 [Note] Shutting down plugin 'INNODB_FT_INDEX_CACHE'
2022-11-11T07:09:17.143969Z 0 [Note] Shutting down plugin 'INNODB_FT_CONFIG'
2022-11-11T07:09:17.143969Z 0 [Note] Shutting down plugin 'INNODB_FT_BEING_DELETED'
2022-11-11T07:09:17.143969Z 0 [Note] Shutting down plugin 'INNODB_FT_DELETED'
2022-11-11T07:09:17.143969Z 0 [Note] Shutting down plugin 'INNODB_FT_DEFAULT_STOPWORD'
2022-11-11T07:09:17.143969Z 0 [Note] Shutting down plugin 'INNODB_METRICS'
2022-11-11T07:09:17.143969Z 0 [Note] Shutting down plugin 'INNODB_TEMP_TABLE_INFO'
2022-11-11T07:09:17.143969Z 0 [Note] Shutting down plugin 'INNODB_BUFFER_POOL_STATS'
2022-11-11T07:09:17.143969Z 0 [Note] Shutting down plugin 'INNODB_BUFFER_PAGE_LRU'
2022-11-11T07:09:17.143969Z 0 [Note] Shutting down plugin 'INNODB_BUFFER_PAGE'
2022-11-11T07:09:17.143969Z 0 [Note] Shutting down plugin 'INNODB_CMP_PER_INDEX_RESET'
2022-11-11T07:09:17.143969Z 0 [Note] Shutting down plugin 'INNODB_CMP_PER_INDEX'
2022-11-11T07:09:17.143969Z 0 [Note] Shutting down plugin 'INNODB_CMPMEM_RESET'
2022-11-11T07:09:17.143969Z 0 [Note] Shutting down plugin 'INNODB_CMPMEM'
2022-11-11T07:09:17.143969Z 0 [Note] Shutting down plugin 'INNODB_CMP_RESET'
2022-11-11T07:09:17.143969Z 0 [Note] Shutting down plugin 'INNODB_CMP'
2022-11-11T07:09:17.143969Z 0 [Note] Shutting down plugin 'INNODB_LOCK_WAITS'
2022-11-11T07:09:17.143969Z 0 [Note] Shutting down plugin 'INNODB_LOCKS'
2022-11-11T07:09:17.143969Z 0 [Note] Shutting down plugin 'INNODB_TRX'
2022-11-11T07:09:17.143969Z 0 [Note] Shutting down plugin 'InnoDB'
2022-11-11T07:09:17.143969Z 0 [Note] InnoDB: FTS optimize thread exiting.
2022-11-11T07:09:17.143969Z 0 [Note] InnoDB: Starting shutdown...
2022-11-11T07:09:17.256133Z 0 [Note] InnoDB: Dumping buffer pool(s) to C:\Users\damloup\Desktop\ETML-Cours\UwAmp\bin\database\mysql-5.7.11\data\ib_buffer_pool
2022-11-11T07:09:17.256133Z 0 [Note] InnoDB: Buffer pool(s) dump completed at 221111  8:09:17
2022-11-11T07:09:17.879631Z 0 [Note] InnoDB: Shutdown completed; log sequence number 2603197
2022-11-11T07:09:17.879631Z 0 [Note] InnoDB: Removed temporary tablespace data file: "ibtmp1"
2022-11-11T07:09:17.880599Z 0 [Note] Shutting down plugin 'MEMORY'
2022-11-11T07:09:17.880599Z 0 [Note] Shutting down plugin 'CSV'
2022-11-11T07:09:17.880599Z 0 [Note] Shutting down plugin 'sha256_password'
2022-11-11T07:09:17.880599Z 0 [Note] Shutting down plugin 'mysql_native_password'
2022-11-11T07:09:17.881566Z 0 [Note] Shutting down plugin 'binlog'
2022-11-11T07:09:17.881566Z 0 [Note] C:\Users\damloup\Desktop\ETML-Cours\UwAmp\bin\database\mysql-5.7.11\bin\mysqld.exe: Shutdown complete

2022-11-11T07:09:18.158840Z 0 [Warning] TIMESTAMP with implicit DEFAULT value is deprecated. Please use --explicit_defaults_for_timestamp server option (see documentation for more details).
2022-11-11T07:09:18.158840Z 0 [Warning] 'NO_ZERO_DATE', 'NO_ZERO_IN_DATE' and 'ERROR_FOR_DIVISION_BY_ZERO' sql modes should be used with strict mode. They will be merged with strict mode in a future release.
2022-11-11T07:09:18.158840Z 0 [Warning] 'NO_AUTO_CREATE_USER' sql mode was not set.
2022-11-11T07:09:18.158840Z 0 [Warning] Insecure configuration for --secure-file-priv: Current value does not restrict location of generated files. Consider setting it to a valid, non-empty path.
2022-11-11T07:09:18.158840Z 0 [ERROR] Cannot open Windows EventLog; check privileges, or start server with --log_syslog=0
2022-11-11T07:09:18.158840Z 0 [Note] C:\Users\damloup\Desktop\ETML-Cours\UwAmp\bin\database\mysql-5.7.11\bin\mysqld.exe (mysqld 5.7.11) starting as process 11052 ...
2022-11-11T07:09:18.163684Z 0 [ERROR] Can't open shared library 'C:\Users\damloup\Desktop\ETML-Cours\UwAmp\bin\database\mysql-5.7.11\lib\plugin\keyring_file.dll' (errno: 126 Le module spécifié est introuvable.)
2022-11-11T07:09:18.164648Z 0 [ERROR] Couldn't load plugin named 'keyring_file' with soname 'keyring_file.dll'.
2022-11-11T07:09:18.165622Z 0 [Note] InnoDB: Mutexes and rw_locks use Windows interlocked functions
2022-11-11T07:09:18.165622Z 0 [Note] InnoDB: Uses event mutexes
2022-11-11T07:09:18.165622Z 0 [Note] InnoDB: Memory barrier is not used
2022-11-11T07:09:18.165622Z 0 [Note] InnoDB: Compressed tables use zlib 1.2.3
2022-11-11T07:09:18.166584Z 0 [Note] InnoDB: Number of pools: 1
2022-11-11T07:09:18.166584Z 0 [Note] InnoDB: Not using CPU crc32 instructions
2022-11-11T07:09:18.193720Z 0 [Note] InnoDB: Initializing buffer pool, total size = 128M, instances = 1, chunk size = 128M
2022-11-11T07:09:18.198531Z 0 [Note] InnoDB: Completed initialization of buffer pool
2022-11-11T07:09:18.220797Z 0 [Note] InnoDB: Highest supported file format is Barracuda.
2022-11-11T07:09:18.265362Z 0 [Note] InnoDB: Creating shared tablespace for temporary tables
2022-11-11T07:09:18.265362Z 0 [Note] InnoDB: Setting file '.\ibtmp1' size to 12 MB. Physically writing the file full; Please wait ...
2022-11-11T07:09:18.279849Z 0 [Note] InnoDB: File '.\ibtmp1' size is now 12 MB.
2022-11-11T07:09:18.284689Z 0 [Note] InnoDB: 96 redo rollback segment(s) found. 96 redo rollback segment(s) are active.
2022-11-11T07:09:18.284689Z 0 [Note] InnoDB: 32 non-redo rollback segment(s) are active.
2022-11-11T07:09:18.284689Z 0 [Note] InnoDB: Waiting for purge to start
2022-11-11T07:09:18.336968Z 0 [Note] InnoDB: 5.7.11 started; log sequence number 2603197
2022-11-11T07:09:18.336968Z 0 [Note] InnoDB: Loading buffer pool(s) from C:\Users\damloup\Desktop\ETML-Cours\UwAmp\bin\database\mysql-5.7.11\data\ib_buffer_pool
2022-11-11T07:09:18.336968Z 0 [Note] Plugin 'FEDERATED' is disabled.
2022-11-11T07:09:18.340837Z 0 [Warning] Failed to set up SSL because of the following SSL library error: SSL context is not usable without certificate and private key
2022-11-11T07:09:18.341805Z 0 [Note] Server hostname (bind-address): '*'; port: 3306
2022-11-11T07:09:18.342778Z 0 [Note] IPv6 is available.
2022-11-11T07:09:18.342778Z 0 [Note]   - '::' resolves to '::';
2022-11-11T07:09:18.342778Z 0 [Note] Server socket created on IP: '::'.
2022-11-11T07:09:18.353426Z 0 [Note] InnoDB: Buffer pool(s) load completed at 221111  8:09:18
2022-11-11T07:09:18.360202Z 0 [Note] Event Scheduler: Loaded 0 events
2022-11-11T07:09:18.361170Z 0 [Note] C:\Users\damloup\Desktop\ETML-Cours\UwAmp\bin\database\mysql-5.7.11\bin\mysqld.exe: ready for connections.
Version: '5.7.11'  socket: ''  port: 3306  MySQL Community Server (GPL)
