2022-11-24T22:12:58.531676Z 0 [Warning] TIMESTAMP with implicit DEFAULT value is deprecated. Please use --explicit_defaults_for_timestamp server option (see documentation for more details).
2022-11-24T22:12:58.531676Z 0 [Warning] 'NO_ZERO_DATE', 'NO_ZERO_IN_DATE' and 'ERROR_FOR_DIVISION_BY_ZERO' sql modes should be used with strict mode. They will be merged with strict mode in a future release.
2022-11-24T22:12:58.531676Z 0 [Warning] 'NO_AUTO_CREATE_USER' sql mode was not set.
2022-11-24T22:12:58.531676Z 0 [Warning] Insecure configuration for --secure-file-priv: Current value does not restrict location of generated files. Consider setting it to a valid, non-empty path.
2022-11-24T22:12:58.531676Z 0 [ERROR] Cannot open Windows EventLog; check privileges, or start server with --log_syslog=0
2022-11-24T22:12:58.531676Z 0 [Note] C:\Users\damis\Desktop\developpement\developpement\01-Github\02-Autres\ETML-Cours\ETML-Cours\UwAmp\bin\database\mysql-5.7.11\bin\mysqld.exe (mysqld 5.7.11) starting as process 7816 ...
2022-11-24T22:12:58.559113Z 0 [ERROR] Can't open shared library 'C:\Users\damis\Desktop\developpement\developpement\01-Github\02-Autres\ETML-Cours\ETML-Cours\UwAmp\bin\database\mysql-5.7.11\lib\plugin\keyring_file.dll' (errno: 126 Le module spécifié est introuvable.)
2022-11-24T22:12:58.561103Z 0 [ERROR] Couldn't load plugin named 'keyring_file' with soname 'keyring_file.dll'.
2022-11-24T22:12:58.563097Z 0 [Note] InnoDB: Mutexes and rw_locks use Windows interlocked functions
2022-11-24T22:12:58.563097Z 0 [Note] InnoDB: Uses event mutexes
2022-11-24T22:12:58.564095Z 0 [Note] InnoDB: Memory barrier is not used
2022-11-24T22:12:58.565092Z 0 [Note] InnoDB: Compressed tables use zlib 1.2.3
2022-11-24T22:12:58.566089Z 0 [Note] InnoDB: Number of pools: 1
2022-11-24T22:12:58.567087Z 0 [Note] InnoDB: Not using CPU crc32 instructions
2022-11-24T22:12:58.623936Z 0 [Note] InnoDB: Initializing buffer pool, total size = 128M, instances = 1, chunk size = 128M
2022-11-24T22:12:58.630916Z 0 [Note] InnoDB: Completed initialization of buffer pool
2022-11-24T22:12:58.693749Z 0 [Note] InnoDB: Highest supported file format is Barracuda.
2022-11-24T22:12:59.032843Z 0 [Note] InnoDB: Creating shared tablespace for temporary tables
2022-11-24T22:12:59.034863Z 0 [Note] InnoDB: Setting file '.\ibtmp1' size to 12 MB. Physically writing the file full; Please wait ...
2022-11-24T22:12:59.043813Z 0 [Note] InnoDB: File '.\ibtmp1' size is now 12 MB.
2022-11-24T22:12:59.052810Z 0 [Note] InnoDB: 96 redo rollback segment(s) found. 96 redo rollback segment(s) are active.
2022-11-24T22:12:59.053815Z 0 [Note] InnoDB: 32 non-redo rollback segment(s) are active.
2022-11-24T22:12:59.054815Z 0 [Note] InnoDB: Waiting for purge to start
2022-11-24T22:12:59.116618Z 0 [Note] InnoDB: 5.7.11 started; log sequence number 3107147
2022-11-24T22:12:59.117616Z 0 [Note] InnoDB: Loading buffer pool(s) from C:\Users\damis\Desktop\developpement\developpement\01-Github\02-Autres\ETML-Cours\ETML-Cours\UwAmp\bin\database\mysql-5.7.11\data\ib_buffer_pool
2022-11-24T22:12:59.118615Z 0 [Note] Plugin 'FEDERATED' is disabled.
2022-11-24T22:12:59.149533Z 0 [Note] InnoDB: Buffer pool(s) load completed at 221124 23:12:59
2022-11-24T22:12:59.162531Z 0 [Warning] Failed to set up SSL because of the following SSL library error: SSL context is not usable without certificate and private key
2022-11-24T22:12:59.165490Z 0 [Note] Server hostname (bind-address): '*'; port: 3306
2022-11-24T22:12:59.166487Z 0 [Note] IPv6 is available.
2022-11-24T22:12:59.167485Z 0 [Note]   - '::' resolves to '::';
2022-11-24T22:12:59.167485Z 0 [Note] Server socket created on IP: '::'.
2022-11-24T22:13:00.247747Z 0 [Note] Event Scheduler: Loaded 0 events
2022-11-24T22:13:00.248745Z 0 [Note] C:\Users\damis\Desktop\developpement\developpement\01-Github\02-Autres\ETML-Cours\ETML-Cours\UwAmp\bin\database\mysql-5.7.11\bin\mysqld.exe: ready for connections.
Version: '5.7.11'  socket: ''  port: 3306  MySQL Community Server (GPL)
2022-11-25T00:18:32.231030Z 0 [Note] C:\Users\damis\Desktop\developpement\developpement\01-Github\02-Autres\ETML-Cours\ETML-Cours\UwAmp\bin\database\mysql-5.7.11\bin\mysqld.exe: Normal shutdown

2022-11-25T00:18:32.234022Z 0 [Note] Giving 0 client threads a chance to die gracefully
2022-11-25T00:18:32.235020Z 0 [Note] Shutting down slave threads
2022-11-25T00:18:32.236017Z 0 [Note] Forcefully disconnecting 0 remaining clients
2022-11-25T00:18:32.237015Z 0 [Note] Event Scheduler: Purging the queue. 0 events
2022-11-25T00:18:32.239011Z 0 [Note] Binlog end
2022-11-25T00:18:32.245993Z 0 [Note] Shutting down plugin 'ngram'
2022-11-25T00:18:32.246988Z 0 [Note] Shutting down plugin 'partition'
2022-11-25T00:18:32.247985Z 0 [Note] Shutting down plugin 'BLACKHOLE'
2022-11-25T00:18:32.247985Z 0 [Note] Shutting down plugin 'ARCHIVE'
2022-11-25T00:18:32.248982Z 0 [Note] Shutting down plugin 'PERFORMANCE_SCHEMA'
2022-11-25T00:18:32.249980Z 0 [Note] Shutting down plugin 'MRG_MYISAM'
2022-11-25T00:18:32.250978Z 0 [Note] Shutting down plugin 'MyISAM'
2022-11-25T00:18:32.251974Z 0 [Note] Shutting down plugin 'INNODB_SYS_VIRTUAL'
2022-11-25T00:18:32.252972Z 0 [Note] Shutting down plugin 'INNODB_SYS_DATAFILES'
2022-11-25T00:18:32.253969Z 0 [Note] Shutting down plugin 'INNODB_SYS_TABLESPACES'
2022-11-25T00:18:32.254966Z 0 [Note] Shutting down plugin 'INNODB_SYS_FOREIGN_COLS'
2022-11-25T00:18:32.254966Z 0 [Note] Shutting down plugin 'INNODB_SYS_FOREIGN'
2022-11-25T00:18:32.255963Z 0 [Note] Shutting down plugin 'INNODB_SYS_FIELDS'
2022-11-25T00:18:32.256961Z 0 [Note] Shutting down plugin 'INNODB_SYS_COLUMNS'
2022-11-25T00:18:32.257958Z 0 [Note] Shutting down plugin 'INNODB_SYS_INDEXES'
2022-11-25T00:18:32.258956Z 0 [Note] Shutting down plugin 'INNODB_SYS_TABLESTATS'
2022-11-25T00:18:32.259955Z 0 [Note] Shutting down plugin 'INNODB_SYS_TABLES'
2022-11-25T00:18:32.260951Z 0 [Note] Shutting down plugin 'INNODB_FT_INDEX_TABLE'
2022-11-25T00:18:32.260951Z 0 [Note] Shutting down plugin 'INNODB_FT_INDEX_CACHE'
2022-11-25T00:18:32.261949Z 0 [Note] Shutting down plugin 'INNODB_FT_CONFIG'
2022-11-25T00:18:32.262945Z 0 [Note] Shutting down plugin 'INNODB_FT_BEING_DELETED'
2022-11-25T00:18:32.263943Z 0 [Note] Shutting down plugin 'INNODB_FT_DELETED'
2022-11-25T00:18:32.264941Z 0 [Note] Shutting down plugin 'INNODB_FT_DEFAULT_STOPWORD'
2022-11-25T00:18:32.265937Z 0 [Note] Shutting down plugin 'INNODB_METRICS'
2022-11-25T00:18:32.265937Z 0 [Note] Shutting down plugin 'INNODB_TEMP_TABLE_INFO'
2022-11-25T00:18:32.266934Z 0 [Note] Shutting down plugin 'INNODB_BUFFER_POOL_STATS'
2022-11-25T00:18:32.267932Z 0 [Note] Shutting down plugin 'INNODB_BUFFER_PAGE_LRU'
2022-11-25T00:18:32.268929Z 0 [Note] Shutting down plugin 'INNODB_BUFFER_PAGE'
2022-11-25T00:18:32.269926Z 0 [Note] Shutting down plugin 'INNODB_CMP_PER_INDEX_RESET'
2022-11-25T00:18:32.270926Z 0 [Note] Shutting down plugin 'INNODB_CMP_PER_INDEX'
2022-11-25T00:18:32.271921Z 0 [Note] Shutting down plugin 'INNODB_CMPMEM_RESET'
2022-11-25T00:18:32.272918Z 0 [Note] Shutting down plugin 'INNODB_CMPMEM'
2022-11-25T00:18:32.272918Z 0 [Note] Shutting down plugin 'INNODB_CMP_RESET'
2022-11-25T00:18:32.273916Z 0 [Note] Shutting down plugin 'INNODB_CMP'
2022-11-25T00:18:32.274913Z 0 [Note] Shutting down plugin 'INNODB_LOCK_WAITS'
2022-11-25T00:18:32.275910Z 0 [Note] Shutting down plugin 'INNODB_LOCKS'
2022-11-25T00:18:32.275910Z 0 [Note] Shutting down plugin 'INNODB_TRX'
2022-11-25T00:18:32.276907Z 0 [Note] Shutting down plugin 'InnoDB'
2022-11-25T00:18:32.278903Z 0 [Note] InnoDB: FTS optimize thread exiting.
2022-11-25T00:18:32.279900Z 0 [Note] InnoDB: Starting shutdown...
2022-11-25T00:18:32.382507Z 0 [Note] InnoDB: Dumping buffer pool(s) to C:\Users\damis\Desktop\developpement\developpement\01-Github\02-Autres\ETML-Cours\ETML-Cours\UwAmp\bin\database\mysql-5.7.11\data\ib_buffer_pool
2022-11-25T00:18:32.386498Z 0 [Note] InnoDB: Buffer pool(s) dump completed at 221125  1:18:32
2022-11-25T00:18:33.390838Z 0 [Note] InnoDB: Shutdown completed; log sequence number 3107175
2022-11-25T00:18:33.391836Z 0 [Note] InnoDB: Removed temporary tablespace data file: "ibtmp1"
2022-11-25T00:18:33.392833Z 0 [Note] Shutting down plugin 'MEMORY'
2022-11-25T00:18:33.392833Z 0 [Note] Shutting down plugin 'CSV'
2022-11-25T00:18:33.393830Z 0 [Note] Shutting down plugin 'sha256_password'
2022-11-25T00:18:33.393830Z 0 [Note] Shutting down plugin 'mysql_native_password'
2022-11-25T00:18:33.394827Z 0 [Note] Shutting down plugin 'binlog'
2022-11-25T00:18:33.396822Z 0 [Note] C:\Users\damis\Desktop\developpement\developpement\01-Github\02-Autres\ETML-Cours\ETML-Cours\UwAmp\bin\database\mysql-5.7.11\bin\mysqld.exe: Shutdown complete

