::1 - - [05/Oct/2022:08:31:37 +0200] "GET / HTTP/1.1" 200 2374
::1 - - [05/Oct/2022:08:31:37 +0200] "GET /favicon.ico HTTP/1.1" 404 309
::1 - - [05/Oct/2022:08:34:19 +0200] "GET / HTTP/1.1" 200 2370
::1 - - [13/Nov/2022:16:41:47 +0100] "GET /mysql/ HTTP/1.1" 200 1091
::1 - - [13/Nov/2022:16:41:48 +0100] "GET /mysql/favicon.ico HTTP/1.1" 200 22486
::1 - - [13/Nov/2022:16:41:50 +0100] "GET / HTTP/1.1" 200 -
::1 - - [13/Nov/2022:16:41:50 +0100] "GET /favicon.ico HTTP/1.1" 404 309
::1 - - [13/Nov/2022:16:45:12 +0100] "GET / HTTP/1.1" 200 430
::1 - - [13/Nov/2022:16:45:12 +0100] "GET /captcha.js HTTP/1.1" 200 49
::1 - - [13/Nov/2022:16:48:54 +0100] "GET / HTTP/1.1" 200 430
::1 - - [13/Nov/2022:16:48:54 +0100] "GET /captcha.js HTTP/1.1" 200 212
::1 - - [13/Nov/2022:16:49:18 +0100] "GET / HTTP/1.1" 200 455
::1 - - [13/Nov/2022:16:49:18 +0100] "GET /captcha.js HTTP/1.1" 304 -
::1 - - [13/Nov/2022:16:51:36 +0100] "GET / HTTP/1.1" 200 514
::1 - - [13/Nov/2022:16:51:36 +0100] "GET /captcha.js HTTP/1.1" 200 287
::1 - - [13/Nov/2022:16:51:45 +0100] "GET / HTTP/1.1" 200 514
::1 - - [13/Nov/2022:16:51:45 +0100] "GET /captcha.js HTTP/1.1" 200 287
::1 - - [13/Nov/2022:16:52:14 +0100] "GET / HTTP/1.1" 200 514
::1 - - [13/Nov/2022:16:52:14 +0100] "GET /captcha.js HTTP/1.1" 200 289
::1 - - [13/Nov/2022:16:52:35 +0100] "GET / HTTP/1.1" 200 514
::1 - - [13/Nov/2022:16:52:35 +0100] "GET /captcha.js HTTP/1.1" 200 292
::1 - - [13/Nov/2022:16:52:45 +0100] "GET / HTTP/1.1" 200 514
::1 - - [13/Nov/2022:16:52:45 +0100] "GET /captcha.js HTTP/1.1" 200 318
::1 - - [13/Nov/2022:17:07:47 +0100] "GET / HTTP/1.1" 200 1590
::1 - - [13/Nov/2022:17:07:47 +0100] "GET /captcha.js HTTP/1.1" 200 408
::1 - - [13/Nov/2022:17:09:17 +0100] "GET / HTTP/1.1" 200 1539
::1 - - [13/Nov/2022:17:09:17 +0100] "GET /captcha.js HTTP/1.1" 200 428
::1 - - [13/Nov/2022:17:09:38 +0100] "GET / HTTP/1.1" 200 4252
::1 - - [13/Nov/2022:17:09:38 +0100] "GET /captcha.js HTTP/1.1" 304 -
::1 - - [13/Nov/2022:17:18:22 +0100] "GET / HTTP/1.1" 200 468
::1 - - [13/Nov/2022:17:18:22 +0100] "GET /captcha.js HTTP/1.1" 304 -
::1 - - [13/Nov/2022:17:20:22 +0100] "GET / HTTP/1.1" 200 468
::1 - - [13/Nov/2022:17:20:22 +0100] "GET /captcha.js HTTP/1.1" 304 -
::1 - - [13/Nov/2022:17:20:33 +0100] "GET / HTTP/1.1" 200 468
::1 - - [13/Nov/2022:17:21:03 +0100] "GET / HTTP/1.1" 200 468
::1 - - [13/Nov/2022:17:22:05 +0100] "GET / HTTP/1.1" 200 468
::1 - - [13/Nov/2022:17:22:05 +0100] "GET /captcha.js HTTP/1.1" 200 431
::1 - - [13/Nov/2022:17:22:59 +0100] "GET / HTTP/1.1" 200 471
::1 - - [13/Nov/2022:17:22:59 +0100] "GET /captcha.js HTTP/1.1" 304 -
::1 - - [13/Nov/2022:17:25:05 +0100] "GET / HTTP/1.1" 200 471
::1 - - [13/Nov/2022:17:25:05 +0100] "GET /captcha.js HTTP/1.1" 200 426
